
 ***************************
 * TCCM winter school 2023 *
 ***************************

      ----------------------
             Number of atoms                1
      ----------------------

      ----------------------
         Number of electrons                4
      ----------------------

          ------------------
          Molecular geometry
          ------------------
                    Atom n.                 1
                        Z =      4.0000000000
           Atom coordinates:     0.0000000000    0.0000000000    0.0000000000

          ------------------
 Nuclear repulsion energy =      0.0000000000
          ------------------

          Gaussian basis set
          ------------------
                    Atom n.                 1
           number of shells                10
          ------------------
      s-type shell with K =                11
                                    Exponents     Contraction
                              6863.0000000000    0.0002360000
                              1030.0000000000    0.0018260000
                               234.7000000000    0.0094520000
                                66.5600000000    0.0379570000
                                21.6900000000    0.1199650000
                                 7.7340000000    0.2821620000
                                 2.9160000000    0.4274040000
                                 1.1300000000    0.2662780000
                                 0.2577000000    0.0181930000
                                 0.1101000000   -0.0072750000
                                 0.0440900000    0.0019030000
      s-type shell with K =                 1
                                    Exponents     Contraction
                                 0.2577000000    1.0000000000
      s-type shell with K =                11
                                    Exponents     Contraction
                              6863.0000000000   -0.0000430000
                              1030.0000000000   -0.0003330000
                               234.7000000000   -0.0017360000
                                66.5600000000   -0.0070120000
                                21.6900000000   -0.0231260000
                                 7.7340000000   -0.0581380000
                                 2.9160000000   -0.1145560000
                                 1.1300000000   -0.1359080000
                                 0.2577000000    0.2280260000
                                 0.1101000000    0.5774410000
                                 0.0440900000    0.3178730000
      s-type shell with K =                 1
                                    Exponents     Contraction
                                 0.0440900000    1.0000000000
      p-type shell with K =                 1
                                    Exponents     Contraction
                                 0.1438000000    1.0000000000
      p-type shell with K =                 5
                                    Exponents     Contraction
                                 7.4360000000    0.0107360000
                                 1.5770000000    0.0628540000
                                 0.4352000000    0.2481800000
                                 0.1438000000    0.5236990000
                                 0.0499400000    0.3534250000
      p-type shell with K =                 1
                                    Exponents     Contraction
                                 0.0499400000    1.0000000000
      d-type shell with K =                 1
                                    Exponents     Contraction
                                 0.3493000000    1.0000000000
      d-type shell with K =                 1
                                    Exponents     Contraction
                                 0.1724000000    1.0000000000
      f-type shell with K =                 1
                                    Exponents     Contraction
                                 0.3423000000    1.0000000000
          ------------------
            Number of shells               10
          ------------------

          ------------------
   Number of basis functions               35
          ------------------

 Scaling integrals by    1.0000000000000000     

 ************************************************
 |      Restricted Hartree-Fock calculation     |
 ************************************************


 ----------------------------------------------------
 | RHF calculation                                  |
 ----------------------------------------------------
 |   # |        HF energy |       Conv |     HL Gap |
 ----------------------------------------------------
 |   1 |   -13.7467355422 |   0.360619 |   0.049076 |
 |   2 |   -14.5632619004 |   0.072563 |   0.219221 |
 |   3 |   -14.5725833272 |   0.012351 |   0.355298 |
 |   4 |   -14.5728645221 |   0.002324 |   0.357773 |
 |   5 |   -14.5728744770 |   0.000464 |   0.357979 |
 |   6 |   -14.5728748675 |   0.000098 |   0.358008 |
 |   7 |   -14.5728748847 |   0.000022 |   0.358013 |
 |   8 |   -14.5728748856 |   0.000005 |   0.358014 |
 ----------------------------------------------------

           ---------------------------------------
           Summary              
           ---------------------------------------
           One-electron energy     -19.0620751778
           Kinetic      energy      14.5746848955
           Potential    energy     -33.6367600733
           ---------------------------------------
           Two-electron energy       4.4892002922
           Coulomb      energy       7.1561279775
           Exchange     energy      -2.6669276853
           ---------------------------------------
           Electronic   energy     -14.5728748856
           Nuclear   repulsion       0.0000000000
           Hartree-Fock energy     -14.5728748856
           ---------------------------------------
           HF HOMO      energy (eV):    -8.415156
           HF LUMO      energy (eV):     1.326892
           HF HOMO-LUMO gap    (eV):     9.742047
           ---------------------------------------

           ---------------------------------------
           Hartree-Fock orbital coefficients      
           ---------------------------------------
                 1              2              3              4              5
      1     1.00203784    -0.00023776     0.00000000     0.00000000     0.00000000
      2     0.00872121     0.99881150     0.00000000     0.00000000     0.00000000
      3    -0.00280282     0.00013325     0.00000000     0.00000000     0.00000000
      4    -0.00344925     0.00077210     0.00000000     0.00000000     0.00000000
      5     0.00000000     0.00000000    -0.52218737     0.38592695    -0.00380666
      6     0.00000000     0.00000000     0.38591890     0.52220118     0.00250497
      7     0.00000000     0.00000000    -0.00455017     0.00024794     0.64931732
      8     0.00000000     0.00000000     0.33869316    -0.25031402     0.00246901
      9     0.00000000     0.00000000    -0.25030880    -0.33870212    -0.00162474
     10     0.00000000     0.00000000     0.00295126    -0.00016082    -0.42115024
     11     0.00000000     0.00000000    -0.54756936     0.40468572    -0.00399169
     12     0.00000000     0.00000000     0.40467728     0.54758384     0.00262673
     13     0.00000000     0.00000000    -0.00477134     0.00025999     0.68087872
     14    -0.00076660     0.00027173     0.00000000     0.00000000     0.00000000
     15     0.00000000     0.00000000     0.00000000     0.00000000     0.00000000
     16     0.00000000     0.00000000     0.00000000     0.00000000     0.00000000
     17    -0.00076660     0.00027173     0.00000000     0.00000000     0.00000000
     18     0.00000000     0.00000000     0.00000000     0.00000000     0.00000000
     19    -0.00076660     0.00027173     0.00000000     0.00000000     0.00000000
     20    -0.00091903    -0.00007680     0.00000000     0.00000000     0.00000000
     21     0.00000000     0.00000000     0.00000000     0.00000000     0.00000000
     22     0.00000000     0.00000000     0.00000000     0.00000000     0.00000000
     23    -0.00091903    -0.00007680     0.00000000     0.00000000     0.00000000
     24     0.00000000     0.00000000     0.00000000     0.00000000     0.00000000
     25    -0.00091903    -0.00007680     0.00000000     0.00000000     0.00000000
     26     0.00000000     0.00000000    -0.07156198     0.05288848    -0.00052167
     27     0.00000000     0.00000000     0.02365195     0.03200434     0.00015352
     28     0.00000000     0.00000000    -0.00027887     0.00001520     0.03979495
     29     0.00000000     0.00000000    -0.03200349     0.02365245    -0.00023330
     30     0.00000000     0.00000000     0.00000000     0.00000000     0.00000000
     31     0.00000000     0.00000000    -0.03200349     0.02365245    -0.00023330
     32     0.00000000     0.00000000     0.05288738     0.07156387     0.00034329
     33     0.00000000     0.00000000    -0.00027887     0.00001520     0.03979495
     34     0.00000000     0.00000000     0.02365195     0.03200434     0.00015352
     35     0.00000000     0.00000000    -0.00062357     0.00003398     0.08898421
                 6              7              8              9             10
      1    -0.17733529     0.00000000     0.00000000     0.00000000     0.00000000
      2    -1.38761844     0.00000000     0.00000000     0.00000000     0.00000000
      3    -0.39450378     0.00000000     0.00000000     0.00000000     0.00000000
      4     2.54662875     0.00000000     0.00000000     0.00000000     0.00000000
      5     0.00000000     0.23718664    -0.00003987     0.06871581     0.00000000
      6     0.00000000     0.06871251     0.00256085    -0.23717377     0.00000000
      7     0.00000000     0.00067431    -0.24692672    -0.00247080     0.00000000
      8     0.00000000     1.82678387    -0.00030711     0.52924113     0.00000000
      9     0.00000000     0.52921574     0.01972335    -1.82668477     0.00000000
     10     0.00000000     0.00519344    -1.90180085    -0.01902979     0.00000000
     11     0.00000000    -1.35559157     0.00022789    -0.39273109     0.00000000
     12     0.00000000    -0.39271225    -0.01463600     1.35551804     0.00000000
     13     0.00000000    -0.00385387     1.41125901     0.01412133     0.00000000
     14     0.15489636     0.00000000     0.00000000     0.00000000     0.28867232
     15     0.00000000     0.00000000     0.00000000     0.00000000    -0.00022521
     16     0.00000000     0.00000000     0.00000000     0.00000000     0.00001388
     17     0.15489636     0.00000000     0.00000000     0.00000000    -0.21267782
     18     0.00000000     0.00000000     0.00000000     0.00000000    -0.00004025
     19     0.15489636     0.00000000     0.00000000     0.00000000    -0.07599450
     20    -0.44075583     0.00000000     0.00000000     0.00000000    -1.18257902
     21     0.00000000     0.00000000     0.00000000     0.00000000     0.00092258
     22     0.00000000     0.00000000     0.00000000     0.00000000    -0.00005685
     23    -0.44075583     0.00000000     0.00000000     0.00000000     0.87125889
     24     0.00000000     0.00000000     0.00000000     0.00000000     0.00016487
     25    -0.44075583     0.00000000     0.00000000     0.00000000     0.31132013
     26     0.00000000    -0.38500846     0.00006472    -0.11154155     0.00000000
     27     0.00000000    -0.04988051    -0.00185900     0.17217168     0.00000000
     28     0.00000000    -0.00048950     0.17925164     0.00179363     0.00000000
     29     0.00000000    -0.17218102     0.00002895    -0.04988290     0.00000000
     30     0.00000000     0.00000000     0.00000000     0.00000000     0.00000000
     31     0.00000000    -0.17218102     0.00002895    -0.04988290     0.00000000
     32     0.00000000    -0.11153620    -0.00415684     0.38498757     0.00000000
     33     0.00000000    -0.00048950     0.17925164     0.00179363     0.00000000
     34     0.00000000    -0.04988051    -0.00185900     0.17217168     0.00000000
     35     0.00000000    -0.00109456     0.40081885     0.00401067     0.00000000
                11             12             13             14             15
      1     0.00000000     0.00000000     0.00000000     0.00000000     0.49600845
      2     0.00000000     0.00000000     0.00000000     0.00000000     1.01088228
      3     0.00000000     0.00000000     0.00000000     0.00000000    -0.42125855
      4     0.00000000     0.00000000     0.00000000     0.00000000    -1.71310429
      5     0.00000000     0.00000000     0.00000000     0.00000000     0.00000000
      6     0.00000000     0.00000000     0.00000000     0.00000000     0.00000000
      7     0.00000000     0.00000000     0.00000000     0.00000000     0.00000000
      8     0.00000000     0.00000000     0.00000000     0.00000000     0.00000000
      9     0.00000000     0.00000000     0.00000000     0.00000000     0.00000000
     10     0.00000000     0.00000000     0.00000000     0.00000000     0.00000000
     11     0.00000000     0.00000000     0.00000000     0.00000000     0.00000000
     12     0.00000000     0.00000000     0.00000000     0.00000000     0.00000000
     13     0.00000000     0.00000000     0.00000000     0.00000000     0.00000000
     14     0.07891412    -0.00011637    -0.00007935     0.00019397    -0.66546967
     15     0.00013906    -0.02684651     0.06785256     0.29023169     0.00000000
     16    -0.00059307    -0.07576506    -0.28338771     0.05924453     0.00000000
     17     0.21054002    -0.00012835    -0.00045266    -0.00017195    -0.66546967
     18    -0.00010463    -0.28826735     0.06816386    -0.04260065     0.00000000
     19    -0.28945414     0.00024472     0.00053201    -0.00002202    -0.66546967
     20    -0.32328066     0.00047673     0.00032507    -0.00079463     1.06183465
     21    -0.00056967     0.10997978    -0.27796573    -1.18896712     0.00000000
     22     0.00242959     0.31038020     1.16093001    -0.24270195     0.00000000
     23    -0.86250115     0.00052580     0.00185439     0.00070441     1.06183465
     24     0.00042862     1.18092001    -0.27924100     0.17451842     0.00000000
     25     1.18578181    -0.00100253    -0.00217946     0.00009022     1.06183465
     26     0.00000000     0.00000000     0.00000000     0.00000000     0.00000000
     27     0.00000000     0.00000000     0.00000000     0.00000000     0.00000000
     28     0.00000000     0.00000000     0.00000000     0.00000000     0.00000000
     29     0.00000000     0.00000000     0.00000000     0.00000000     0.00000000
     30     0.00000000     0.00000000     0.00000000     0.00000000     0.00000000
     31     0.00000000     0.00000000     0.00000000     0.00000000     0.00000000
     32     0.00000000     0.00000000     0.00000000     0.00000000     0.00000000
     33     0.00000000     0.00000000     0.00000000     0.00000000     0.00000000
     34     0.00000000     0.00000000     0.00000000     0.00000000     0.00000000
     35     0.00000000     0.00000000     0.00000000     0.00000000     0.00000000
                16             17             18             19             20
      1     0.00000000     0.00000000     0.00000000     0.00000000     0.00000000
      2     0.00000000     0.00000000     0.00000000     0.00000000     0.00000000
      3     0.00000000     0.00000000     0.00000000     0.00000000     0.00000000
      4     0.00000000     0.00000000     0.00000000     0.00000000     0.00000000
      5     0.00308633    -3.34778091     2.50019137     0.00000000     0.00000000
      6    -0.14772115    -2.49871649    -3.34562367     0.00000000     0.00000000
      7    -4.17573615     0.08592040     0.12020294     0.00000000     0.00000000
      8    -0.00422353     4.58132255    -3.42142555     0.00000000     0.00000000
      9     0.20215129     3.41940723     4.57837046     0.00000000     0.00000000
     10     5.71435071    -0.11757910    -0.16449358     0.00000000     0.00000000
     11    -0.00037650     0.40839623    -0.30499868     0.00000000     0.00000000
     12     0.01802052     0.30481875     0.40813307     0.00000000     0.00000000
     13     0.50939860    -0.01048144    -0.01466357     0.00000000     0.00000000
     14     0.00000000     0.00000000     0.00000000    -1.62545545     0.37820246
     15     0.00000000     0.00000000     0.00000000     0.00133355    -0.00048225
     16     0.00000000     0.00000000     0.00000000     0.00016063     0.00270603
     17     0.00000000     0.00000000     0.00000000     0.48519440    -1.59678554
     18     0.00000000     0.00000000     0.00000000     0.00042593     0.00021149
     19     0.00000000     0.00000000     0.00000000     1.14026105     1.21858308
     20     0.00000000     0.00000000     0.00000000     1.14072426    -0.26541775
     21     0.00000000     0.00000000     0.00000000    -0.00093587     0.00033844
     22     0.00000000     0.00000000     0.00000000    -0.00011272    -0.00189906
     23     0.00000000     0.00000000     0.00000000    -0.34050335     1.12060408
     24     0.00000000     0.00000000     0.00000000    -0.00029891    -0.00014842
     25     0.00000000     0.00000000     0.00000000    -0.80022092    -0.85518633
     26     0.00099987    -1.08457079     0.80997969     0.00000000     0.00000000
     27    -0.02140221    -0.36202025    -0.48472226     0.00000000     0.00000000
     28    -0.60499101     0.01244836     0.01741530     0.00000000     0.00000000
     29     0.00044715    -0.48503480     0.36223393     0.00000000     0.00000000
     30     0.00000000     0.00000000     0.00000000     0.00000000     0.00000000
     31     0.00044715    -0.48503480     0.36223393     0.00000000     0.00000000
     32    -0.04785679    -0.80950188    -1.08387192     0.00000000     0.00000000
     33    -0.60499101     0.01244836     0.01741530     0.00000000     0.00000000
     34    -0.02140221    -0.36202025    -0.48472226     0.00000000     0.00000000
     35    -1.35280103     0.02783538     0.03894180     0.00000000     0.00000000
                21             22             23             24             25
      1     0.00000000     0.00000000     0.00000000     0.00000000     0.00000000
      2     0.00000000     0.00000000     0.00000000     0.00000000     0.00000000
      3     0.00000000     0.00000000     0.00000000     0.00000000     0.00000000
      4     0.00000000     0.00000000     0.00000000     0.00000000     0.00000000
      5     0.00000000     0.00000000     0.00000000     0.00000000     0.00000000
      6     0.00000000     0.00000000     0.00000000     0.00000000     0.00000000
      7     0.00000000     0.00000000     0.00000000     0.00000000     0.00000000
      8     0.00000000     0.00000000     0.00000000     0.00000000     0.00000000
      9     0.00000000     0.00000000     0.00000000     0.00000000     0.00000000
     10     0.00000000     0.00000000     0.00000000     0.00000000     0.00000000
     11     0.00000000     0.00000000     0.00000000     0.00000000     0.00000000
     12     0.00000000     0.00000000     0.00000000     0.00000000     0.00000000
     13     0.00000000     0.00000000     0.00000000     0.00000000     0.00000000
     14     0.00082477     0.00048923     0.00118598     0.00000000     0.00000000
     15     0.62426797    -0.00089462     1.54771817     0.00000000     0.00000000
     16    -1.47226508    -0.51505990     0.59353715     0.00000000     0.00000000
     17    -0.00258301    -0.00070952     0.00012585     0.00000000     0.00000000
     18    -0.47734991     1.58740569     0.19345506     0.00000000     0.00000000
     19     0.00175824     0.00022029    -0.00131183     0.00000000     0.00000000
     20    -0.00057881    -0.00034334    -0.00083231     0.00000000     0.00000000
     21    -0.43810343     0.00062783    -1.08616922     0.00000000     0.00000000
     22     1.03321718     0.36146258    -0.41653693     0.00000000     0.00000000
     23     0.00181273     0.00049794    -0.00008832     0.00000000     0.00000000
     24     0.33499819    -1.11402142    -0.13576434     0.00000000     0.00000000
     25    -0.00123391    -0.00015460     0.00092063     0.00000000     0.00000000
     26     0.00000000     0.00000000     0.00000000     0.00463904    -0.00448910
     27     0.00000000     0.00000000     0.00000000     0.16948854    -0.42851462
     28     0.00000000     0.00000000     0.00000000    -0.67881857     0.38034729
     29     0.00000000     0.00000000     0.00000000     0.50705262     0.65205763
     30     0.00000000     0.00000000     0.00000000    -0.00300419    -0.00038637
     31     0.00000000     0.00000000     0.00000000    -0.51327655    -0.64603486
     32     0.00000000     0.00000000     0.00000000     0.00062648    -0.00072694
     33     0.00000000     0.00000000     0.00000000     0.67888522    -0.38039024
     34     0.00000000     0.00000000     0.00000000    -0.17032905     0.42948992
     35     0.00000000     0.00000000     0.00000000    -0.00004968     0.00003201
                26             27             28             29             30
      1     0.00000000     0.00000000     0.00000000     0.00000000     0.00000000
      2     0.00000000     0.00000000     0.00000000     0.00000000     0.00000000
      3     0.00000000     0.00000000     0.00000000     0.00000000     0.00000000
      4     0.00000000     0.00000000     0.00000000     0.00000000     0.00000000
      5     0.00000000     0.00000000     0.00000000     0.00000000     0.00000000
      6     0.00000000     0.00000000     0.00000000     0.00000000     0.00000000
      7     0.00000000     0.00000000     0.00000000     0.00000000     0.00000000
      8     0.00000000     0.00000000     0.00000000     0.00000000     0.00000000
      9     0.00000000     0.00000000     0.00000000     0.00000000     0.00000000
     10     0.00000000     0.00000000     0.00000000     0.00000000     0.00000000
     11     0.00000000     0.00000000     0.00000000     0.00000000     0.00000000
     12     0.00000000     0.00000000     0.00000000     0.00000000     0.00000000
     13     0.00000000     0.00000000     0.00000000     0.00000000     0.00000000
     14     0.00000000     0.00000000     0.00000000     0.00000000     0.00000000
     15     0.00000000     0.00000000     0.00000000     0.00000000     0.00000000
     16     0.00000000     0.00000000     0.00000000     0.00000000     0.00000000
     17     0.00000000     0.00000000     0.00000000     0.00000000     0.00000000
     18     0.00000000     0.00000000     0.00000000     0.00000000     0.00000000
     19     0.00000000     0.00000000     0.00000000     0.00000000     0.00000000
     20     0.00000000     0.00000000     0.00000000     0.00000000     0.00000000
     21     0.00000000     0.00000000     0.00000000     0.00000000     0.00000000
     22     0.00000000     0.00000000     0.00000000     0.00000000     0.00000000
     23     0.00000000     0.00000000     0.00000000     0.00000000     0.00000000
     24     0.00000000     0.00000000     0.00000000     0.00000000     0.00000000
     25     0.00000000     0.00000000     0.00000000     0.00000000     0.00000000
     26    -0.00386499     0.00226566    -0.98241128    -0.08431501     0.16642512
     27     0.72901508    -0.00988946     0.11860334    -0.08092024     0.65990396
     28     0.38165853     0.66989876    -0.00305771    -0.00152906     0.01010054
     29     0.26424227    -0.00216903     0.65757291     0.05867601    -0.10974884
     30    -0.00250726    -0.00146709    -0.06189157     0.98881359     0.13564475
     31    -0.25905684    -0.00087067     0.66047013     0.05444445    -0.11353389
     32     0.00570641     0.01199866    -0.17598265     0.12298668    -0.97658944
     33    -0.37843595     0.67163648     0.00874647     0.00175695     0.00540443
     34    -0.73667103    -0.00620842     0.11750216    -0.08408370     0.65032827
     35    -0.00240197    -0.99992133    -0.00424016    -0.00016986    -0.01155672
                31             32             33             34             35
      1     0.00000000     0.00000000     0.00000000     1.99132871    10.33270381
      2     0.00000000     0.00000000     0.00000000    11.49650631    39.43126913
      3     0.00000000     0.00000000     0.00000000    -1.35617834   -16.59245427
      4     0.00000000     0.00000000     0.00000000    -4.89394899   -14.70465366
      5    -2.15199130     0.06020563     0.01744391     0.00000000     0.00000000
      6     0.00782579    -0.33638901     2.12644698     0.00000000     0.00000000
      7    -0.06219136    -2.12560892    -0.33602756     0.00000000     0.00000000
      8    -2.06100042     0.05766000     0.01670634     0.00000000     0.00000000
      9     0.00749490    -0.32216575     2.03653617     0.00000000     0.00000000
     10    -0.05956177    -2.03573355    -0.32181958     0.00000000     0.00000000
     11     1.36287602    -0.03812878    -0.01104739     0.00000000     0.00000000
     12    -0.00495615     0.21303828    -1.34669856     0.00000000     0.00000000
     13     0.03938636     1.34616781     0.21280937     0.00000000     0.00000000
     14     0.00000000     0.00000000     0.00000000    -2.20469295    -1.34180416
     15     0.00000000     0.00000000     0.00000000     0.00000000     0.00000000
     16     0.00000000     0.00000000     0.00000000     0.00000000     0.00000000
     17     0.00000000     0.00000000     0.00000000    -2.20469295    -1.34180416
     18     0.00000000     0.00000000     0.00000000     0.00000000     0.00000000
     19     0.00000000     0.00000000     0.00000000    -2.20469295    -1.34180416
     20     0.00000000     0.00000000     0.00000000    -0.76308654    -5.17150713
     21     0.00000000     0.00000000     0.00000000     0.00000000     0.00000000
     22     0.00000000     0.00000000     0.00000000     0.00000000     0.00000000
     23     0.00000000     0.00000000     0.00000000    -0.76308654    -5.17150713
     24     0.00000000     0.00000000     0.00000000     0.00000000     0.00000000
     25     0.00000000     0.00000000     0.00000000    -0.76308654    -5.17150713
     26     2.26738863    -0.06343407    -0.01837931     0.00000000     0.00000000
     27    -0.00368747     0.15850474    -1.00197067     0.00000000     0.00000000
     28     0.02930424     1.00157578     0.15833442     0.00000000     0.00000000
     29     1.01400702    -0.02836858    -0.00821948     0.00000000     0.00000000
     30     0.00000000     0.00000000     0.00000000     0.00000000     0.00000000
     31     1.01400702    -0.02836858    -0.00821948     0.00000000     0.00000000
     32    -0.00824544     0.35442737    -2.24047453     0.00000000     0.00000000
     33     0.02930424     1.00157578     0.15833442     0.00000000     0.00000000
     34    -0.00368747     0.15850474    -1.00197067     0.00000000     0.00000000
     35     0.06552627     2.23959153     0.35404654     0.00000000     0.00000000

           ---------------------------------------
            Hartree-Fock orbital energies         
           ---------------------------------------
                 1
      1    -4.73256463
      2    -0.30925126
      3     0.04876237
      4     0.04876237
      5     0.04876237
      6     0.14123681
      7     0.23077458
      8     0.23077458
      9     0.23077458
     10     0.45792371
     11     0.45792371
     12     0.45792371
     13     0.45792371
     14     0.45792371
     15     0.70819930
     16     0.74395647
     17     0.74395647
     18     0.74395647
     19     1.35900692
     20     1.35900692
     21     1.35900692
     22     1.35900692
     23     1.35900692
     24     1.36729603
     25     1.36729603
     26     1.36729603
     27     1.36729603
     28     1.36729603
     29     1.36729603
     30     1.36729603
     31     1.70170406
     32     1.70170406
     33     1.70170406
     34     2.07519061
     35     9.02639993

                                         Total CPU time for HF =      0.650 seconds

                    Total CPU time for AO to MO transformation =      0.828 seconds


                             The number of occupied orbitals is:     2                            . The number of virtual orbitals is:    33

---------------
CIS EXCITATIONS
---------------

Excitation    1:    1 ->    3
Excitation    2:    1 ->    4
Excitation    3:    1 ->    5
Excitation    4:    1 ->    6
Excitation    5:    1 ->    7
Excitation    6:    1 ->    8
Excitation    7:    1 ->    9
Excitation    8:    1 ->   10
Excitation    9:    1 ->   11
Excitation   10:    1 ->   12
Excitation   11:    1 ->   13
Excitation   12:    1 ->   14
Excitation   13:    1 ->   15
Excitation   14:    1 ->   16
Excitation   15:    1 ->   17
Excitation   16:    1 ->   18
Excitation   17:    1 ->   19
Excitation   18:    1 ->   20
Excitation   19:    1 ->   21
Excitation   20:    1 ->   22
Excitation   21:    1 ->   23
Excitation   22:    1 ->   24
Excitation   23:    1 ->   25
Excitation   24:    1 ->   26
Excitation   25:    1 ->   27
Excitation   26:    1 ->   28
Excitation   27:    1 ->   29
Excitation   28:    1 ->   30
Excitation   29:    1 ->   31
Excitation   30:    1 ->   32
Excitation   31:    1 ->   33
Excitation   32:    1 ->   34
Excitation   33:    1 ->   35
Excitation   34:    2 ->    3
Excitation   35:    2 ->    4
Excitation   36:    2 ->    5
Excitation   37:    2 ->    6
Excitation   38:    2 ->    7
Excitation   39:    2 ->    8
Excitation   40:    2 ->    9
Excitation   41:    2 ->   10
Excitation   42:    2 ->   11
Excitation   43:    2 ->   12
Excitation   44:    2 ->   13
Excitation   45:    2 ->   14
Excitation   46:    2 ->   15
Excitation   47:    2 ->   16
Excitation   48:    2 ->   17
Excitation   49:    2 ->   18
Excitation   50:    2 ->   19
Excitation   51:    2 ->   20
Excitation   52:    2 ->   21
Excitation   53:    2 ->   22
Excitation   54:    2 ->   23
Excitation   55:    2 ->   24
Excitation   56:    2 ->   25
Excitation   57:    2 ->   26
Excitation   58:    2 ->   27
Excitation   59:    2 ->   28
Excitation   60:    2 ->   29
Excitation   61:    2 ->   30
Excitation   62:    2 ->   31
Excitation   63:    2 ->   32
Excitation   64:    2 ->   33
Excitation   65:    2 ->   34
Excitation   66:    2 ->   35

 Building CIS matrix...

 Diagonalizing CIS matrix...

-----------------------
CIS EXCITATION ENERGIES
-----------------------

State    1:    0.18901 hartree        5.14317 eV
 1 -> 35:    0.24729  ( c=   0.36846 )
 2 ->  3:    0.79172  ( c=  -0.65928 )
 2 ->  4:    0.01343  ( c=   0.08586 )
 2 ->  7:    0.48180  ( c=  -0.51430 )
 2 ->  8:    0.28234  ( c=  -0.39370 )

State    2:    0.18901 hartree        5.14317 eV
 1 -> 35:    0.77931  ( c=   0.64723 )
 2 ->  3:    0.26601  ( c=   0.37814 )
 2 ->  4:    0.02956  ( c=   0.12606 )
 2 ->  7:    0.28492  ( c=  -0.39135 )
 2 ->  8:    0.48971  ( c=   0.51306 )

State    3:    0.18901 hartree        5.14317 eV
 1 -> 35:    0.03332  ( c=   0.15205 )
 2 ->  4:    0.79931  ( c=  -0.74466 )
 2 ->  6:    0.59997  ( c=  -0.64516 )

State    4:    0.29122 hartree        7.92459 eV
 2 ->  5:    0.99849  ( c=  -0.97345 )
 2 -> 17:    0.05494  ( c=  -0.22833 )

State    5:    0.33645 hartree        9.15524 eV
 1 -> 35:    0.08306  ( c=   0.22538 )
 2 ->  3:    0.48373  ( c=   0.54393 )
 2 ->  8:    0.84383  ( c=  -0.71840 )
 2 -> 15:    0.21690  ( c=   0.36422 )

State    6:    0.33645 hartree        9.15524 eV
 1 -> 35:    0.01939  ( c=  -0.11025 )
 2 ->  4:    0.53572  ( c=   0.57961 )
 2 ->  6:    0.81711  ( c=  -0.71582 )
 2 -> 14:    0.21193  ( c=  -0.36455 )

State    7:    0.33645 hartree        9.15524 eV
 1 -> 35:    0.47136  ( c=  -0.53401 )
 2 ->  3:    0.08636  ( c=   0.22857 )
 2 ->  4:    0.01770  ( c=  -0.10348 )
 2 ->  7:    0.84969  ( c=  -0.71698 )
 2 -> 16:    0.21918  ( c=  -0.36415 )

State    8:    0.52583 hartree       14.30864 eV
 2 ->  9:    0.99993  ( c=   0.99330 )
 2 -> 18:    0.01141  ( c=  -0.10610 )

State    9:    0.52583 hartree       14.30864 eV
 2 -> 10:    0.99993  ( c=  -0.99315 )
 2 -> 19:    0.01141  ( c=   0.10610 )

State   10:    0.52583 hartree       14.30864 eV
 2 -> 11:    0.17618  ( c=  -0.36698 )
 2 -> 12:    0.97413  ( c=  -0.86292 )
 2 -> 13:    0.14102  ( c=   0.32832 )
 2 -> 21:    0.01048  ( c=   0.08951 )

State   11:    0.52583 hartree       14.30864 eV
 2 -> 11:    0.99212  ( c=   0.92002 )
 2 -> 12:    0.11420  ( c=  -0.31213 )
 2 -> 13:    0.05073  ( c=   0.20803 )

State   12:    0.52583 hartree       14.30864 eV
 2 -> 12:    0.17086  ( c=  -0.38073 )
 2 -> 13:    0.98520  ( c=  -0.91423 )
 2 -> 22:    0.01146  ( c=  -0.09859 )

State   13:    0.77747 hartree       21.15592 eV
 2 ->  5:    0.05405  ( c=  -0.22523 )
 2 -> 17:    0.99845  ( c=   0.96805 )
 2 -> 33:    0.01290  ( c=   0.11002 )

State   14:    0.77747 hartree       21.15592 eV
 2 ->  4:    0.07553  ( c=   0.24960 )
 2 ->  6:    0.07055  ( c=  -0.24122 )
 2 -> 14:    0.99293  ( c=   0.90495 )
 2 -> 31:    0.05781  ( c=  -0.21836 )

State   15:    0.77747 hartree       21.15592 eV
 1 -> 35:    0.04181  ( c=  -0.17201 )
 2 ->  3:    0.04916  ( c=  -0.18652 )
 2 ->  7:    0.01014  ( c=  -0.08471 )
 2 ->  8:    0.07212  ( c=   0.22592 )
 2 -> 15:    0.97523  ( c=   0.83077 )
 2 -> 16:    0.19081  ( c=   0.36747 )
 2 -> 30:    0.05178  ( c=   0.19143 )
 2 -> 32:    0.01913  ( c=  -0.11635 )

State   16:    0.78300 hartree       21.30654 eV
 1 -> 35:    0.04662  ( c=  -0.18090 )
 2 ->  3:    0.04420  ( c=   0.17614 )
 2 ->  7:    0.07283  ( c=  -0.22612 )
 2 ->  8:    0.01032  ( c=  -0.08510 )
 2 -> 15:    0.19164  ( c=  -0.36678 )
 2 -> 16:    0.97508  ( c=   0.82733 )
 2 -> 30:    0.01767  ( c=  -0.11138 )
 2 -> 32:    0.05044  ( c=  -0.18817 )

State   17:    1.35205 hartree       36.79114 eV
 2 ->  9:    0.01048  ( c=   0.10078 )
 2 -> 18:    0.99976  ( c=   0.98418 )
 2 -> 19:    0.01914  ( c=  -0.13619 )

State   18:    1.35205 hartree       36.79114 eV
 2 -> 10:    0.01048  ( c=  -0.10076 )
 2 -> 18:    0.01914  ( c=  -0.13619 )
 2 -> 19:    0.99976  ( c=  -0.98418 )

State   19:    1.35205 hartree       36.79114 eV
 2 -> 20:    0.99566  ( c=   0.93932 )
 2 -> 21:    0.03127  ( c=  -0.16647 )
 2 -> 22:    0.08704  ( c=   0.27773 )

State   20:    1.35205 hartree       36.79114 eV
 2 -> 20:    0.05244  ( c=  -0.21879 )
 2 -> 21:    0.99810  ( c=  -0.95453 )
 2 -> 22:    0.03086  ( c=   0.16784 )

State   21:    1.35205 hartree       36.79114 eV
 2 -> 13:    0.01427  ( c=   0.11240 )
 2 -> 20:    0.06437  ( c=   0.23869 )
 2 -> 21:    0.05460  ( c=  -0.21983 )
 2 -> 22:    0.99633  ( c=  -0.93907 )

State   22:    1.36733 hartree       37.20698 eV
 2 -> 23:    0.73637  ( c=  -0.72186 )
 2 -> 24:    0.67658  ( c=   0.69194 )

State   23:    1.36733 hartree       37.20698 eV
 2 -> 25:    1.00000  ( c=  -0.99990 )

State   24:    1.36733 hartree       37.20698 eV
 2 -> 23:    0.67672  ( c=   0.69201 )
 2 -> 24:    0.73624  ( c=   0.72180 )

State   25:    1.36733 hartree       37.20698 eV
 2 -> 26:    0.99667  ( c=   0.95658 )
 2 -> 27:    0.08069  ( c=  -0.27218 )
 2 -> 28:    0.01170  ( c=   0.10365 )

State   26:    1.36733 hartree       37.20698 eV
 2 -> 26:    0.05571  ( c=  -0.21194 )
 2 -> 27:    0.20352  ( c=  -0.40510 )
 2 -> 28:    0.97748  ( c=   0.88779 )

State   27:    1.36733 hartree       37.20698 eV
 2 -> 27:    0.02501  ( c=  -0.15610 )
 2 -> 29:    0.99969  ( c=   0.98694 )

State   28:    1.36733 hartree       37.20698 eV
 2 -> 26:    0.05077  ( c=   0.19712 )
 2 -> 27:    0.96322  ( c=   0.85863 )
 2 -> 28:    0.26213  ( c=   0.44792 )
 2 -> 29:    0.03018  ( c=   0.15200 )

State   29:    1.67604 hartree       45.60740 eV
 2 -> 15:    0.04018  ( c=   0.19228 )
 2 -> 30:    0.99885  ( c=  -0.95874 )
 2 -> 31:    0.02245  ( c=  -0.14372 )

State   30:    1.67604 hartree       45.60740 eV
 2 -> 14:    0.04032  ( c=   0.19345 )
 2 -> 30:    0.02123  ( c=  -0.14036 )
 2 -> 31:    0.99892  ( c=   0.96287 )

State   31:    1.67604 hartree       45.60740 eV
 2 -> 16:    0.03782  ( c=  -0.18843 )
 2 -> 30:    0.01024  ( c=   0.09805 )
 2 -> 32:    0.99919  ( c=  -0.96858 )

State   32:    2.06075 hartree       56.07576 eV
 2 -> 17:    0.01084  ( c=  -0.10347 )
 2 -> 33:    0.99994  ( c=   0.99361 )

State   33:    4.34719 hartree      118.29314 eV
 2 -> 35:    1.00000  ( c=   0.99985 )

State   34:    4.34719 hartree      118.29314 eV
 1 ->  3:    0.11906  ( c=  -0.32286 )
 1 ->  4:    0.99275  ( c=   0.93229 )
 1 ->  5:    0.01042  ( c=   0.09552 )
 1 ->  7:    0.01118  ( c=   0.09892 )

State   35:    4.34719 hartree      118.29314 eV
 1 ->  3:    0.99022  ( c=  -0.91465 )
 1 ->  4:    0.13321  ( c=  -0.33548 )
 1 ->  5:    0.03952  ( c=   0.18273 )

State   36:    4.61753 hartree      125.64958 eV
 1 ->  3:    0.04431  ( c=  -0.20420 )
 1 ->  5:    0.99892  ( c=  -0.96954 )
 1 ->  9:    0.01285  ( c=  -0.10998 )

State   37:    4.67696 hartree      127.26664 eV
 1 ->  6:    1.00000  ( c=   0.99968 )

State   38:    4.67696 hartree      127.26664 eV
 1 ->  4:    0.01249  ( c=  -0.10749 )
 1 ->  7:    0.99923  ( c=   0.96131 )
 1 ->  8:    0.02179  ( c=  -0.14195 )
 1 ->  9:    0.02776  ( c=   0.16022 )

State   39:    4.67696 hartree      127.26664 eV
 1 ->  5:    0.02139  ( c=   0.12550 )
 1 ->  8:    0.39392  ( c=  -0.53859 )
 1 ->  9:    0.91871  ( c=  -0.82252 )
 1 -> 15:    0.01818  ( c=   0.11570 )

State   40:    4.86260 hartree      132.31812 eV
 1 ->  3:    0.01551  ( c=   0.10520 )
 1 ->  7:    0.05958  ( c=   0.20617 )
 1 ->  8:    0.92473  ( c=   0.81223 )
 1 ->  9:    0.37528  ( c=  -0.51742 )
 1 -> 17:    0.01293  ( c=   0.09604 )

State   41:    4.86260 hartree      132.31812 eV
 1 -> 10:    0.99937  ( c=   0.98235 )
 1 -> 11:    0.03551  ( c=  -0.18518 )

State   42:    4.86260 hartree      132.31812 eV
 1 -> 10:    0.03553  ( c=  -0.18522 )
 1 -> 11:    0.99937  ( c=  -0.98238 )

State   43:    4.86260 hartree      132.31812 eV
 1 -> 12:    0.81492  ( c=  -0.74544 )
 1 -> 13:    0.57454  ( c=  -0.62591 )
 1 -> 14:    0.07621  ( c=  -0.22796 )

State   44:    4.86260 hartree      132.31812 eV
 1 -> 12:    0.70536  ( c=  -0.64890 )
 1 -> 13:    0.61331  ( c=   0.60508 )
 1 -> 14:    0.35542  ( c=   0.46062 )

State   45:    5.05480 hartree      137.54806 eV
 1 -> 12:    0.02921  ( c=   0.15037 )
 1 -> 13:    0.31190  ( c=  -0.49140 )
 1 -> 14:    0.94967  ( c=   0.85747 )

State   46:    5.05480 hartree      137.54806 eV
 1 -> 18:    1.00000  ( c=   0.99948 )

State   47:    5.05480 hartree      137.54806 eV
 1 -> 15:    0.99994  ( c=  -0.99089 )

State   48:    5.07254 hartree      138.03092 eV
 1 -> 16:    0.99836  ( c=   0.96411 )
 1 -> 17:    0.05625  ( c=   0.22885 )

State   49:    5.59196 hartree      152.16495 eV
 1 -> 16:    0.05626  ( c=   0.22887 )
 1 -> 17:    0.99837  ( c=  -0.96413 )

State   50:    5.59196 hartree      152.16495 eV
 1 -> 20:    1.00000  ( c=   0.99962 )

State   51:    5.59196 hartree      152.16495 eV
 1 -> 19:    1.00000  ( c=  -0.99962 )

State   52:    5.59196 hartree      152.16495 eV
 1 -> 21:    0.97450  ( c=  -0.87127 )
 1 -> 22:    0.19151  ( c=   0.38624 )
 1 -> 23:    0.11696  ( c=   0.30184 )

State   53:    5.59196 hartree      152.16495 eV
 1 -> 21:    0.30651  ( c=  -0.45573 )
 1 -> 22:    0.24992  ( c=  -0.41152 )
 1 -> 23:    0.91847  ( c=  -0.78890 )

State   54:    5.67342 hartree      154.38176 eV
 1 -> 21:    0.04410  ( c=   0.18054 )
 1 -> 22:    0.92110  ( c=   0.82515 )
 1 -> 23:    0.38682  ( c=  -0.53473 )

State   55:    5.67342 hartree      154.38176 eV
 1 -> 24:    0.99975  ( c=  -0.98594 )
 1 -> 25:    0.02127  ( c=   0.14380 )

State   56:    5.67342 hartree      154.38176 eV
 1 -> 24:    0.01752  ( c=  -0.12544 )
 1 -> 25:    0.10098  ( c=  -0.30117 )
 1 -> 26:    0.99473  ( c=   0.94526 )

State   57:    5.67342 hartree      154.38176 eV
 1 -> 24:    0.01361  ( c=   0.11032 )
 1 -> 25:    0.99373  ( c=   0.94266 )
 1 -> 26:    0.11095  ( c=   0.31498 )

State   58:    5.67342 hartree      154.38176 eV
 1 -> 27:    0.99999  ( c=  -0.99739 )

State   59:    5.67342 hartree      154.38176 eV
 1 -> 28:    0.99998  ( c=  -0.99411 )

State   60:    5.67342 hartree      154.38176 eV
 1 -> 29:    0.01969  ( c=  -0.13876 )
 1 -> 30:    0.99980  ( c=  -0.98876 )

State   61:    5.90131 hartree      160.58279 eV
 1 -> 29:    0.99982  ( c=   0.98861 )
 1 -> 30:    0.01867  ( c=  -0.13509 )

State   62:    5.90131 hartree      160.58279 eV
 1 -> 31:    0.99999  ( c=  -0.99481 )

State   63:    5.90131 hartree      160.58279 eV
 1 -> 32:    0.99999  ( c=  -0.99589 )

State   64:    6.26074 hartree      170.36358 eV
 1 -> 33:    0.99999  ( c=   0.99621 )

State   65:    8.95306 hartree      243.62523 eV
 1 -> 34:    1.00000  ( c=   0.99974 )

State   66:   12.82664 hartree      349.03078 eV
 2 -> 34:    1.00000  ( c=  -0.99992 )


                     Total CPU time for CIS energy calculation =      0.089 seconds


----------------
TDHF EXCITATIONS
----------------

Excitation    1:    1 ->    3
Excitation    2:    1 ->    4
Excitation    3:    1 ->    5
Excitation    4:    1 ->    6
Excitation    5:    1 ->    7
Excitation    6:    1 ->    8
Excitation    7:    1 ->    9
Excitation    8:    1 ->   10
Excitation    9:    1 ->   11
Excitation   10:    1 ->   12
Excitation   11:    1 ->   13
Excitation   12:    1 ->   14
Excitation   13:    1 ->   15
Excitation   14:    1 ->   16
Excitation   15:    1 ->   17
Excitation   16:    1 ->   18
Excitation   17:    1 ->   19
Excitation   18:    1 ->   20
Excitation   19:    1 ->   21
Excitation   20:    1 ->   22
Excitation   21:    1 ->   23
Excitation   22:    1 ->   24
Excitation   23:    1 ->   25
Excitation   24:    1 ->   26
Excitation   25:    1 ->   27
Excitation   26:    1 ->   28
Excitation   27:    1 ->   29
Excitation   28:    1 ->   30
Excitation   29:    1 ->   31
Excitation   30:    1 ->   32
Excitation   31:    1 ->   33
Excitation   32:    1 ->   34
Excitation   33:    1 ->   35
Excitation   34:    2 ->    3
Excitation   35:    2 ->    4
Excitation   36:    2 ->    5
Excitation   37:    2 ->    6
Excitation   38:    2 ->    7
Excitation   39:    2 ->    8
Excitation   40:    2 ->    9
Excitation   41:    2 ->   10
Excitation   42:    2 ->   11
Excitation   43:    2 ->   12
Excitation   44:    2 ->   13
Excitation   45:    2 ->   14
Excitation   46:    2 ->   15
Excitation   47:    2 ->   16
Excitation   48:    2 ->   17
Excitation   49:    2 ->   18
Excitation   50:    2 ->   19
Excitation   51:    2 ->   20
Excitation   52:    2 ->   21
Excitation   53:    2 ->   22
Excitation   54:    2 ->   23
Excitation   55:    2 ->   24
Excitation   56:    2 ->   25
Excitation   57:    2 ->   26
Excitation   58:    2 ->   27
Excitation   59:    2 ->   28
Excitation   60:    2 ->   29
Excitation   61:    2 ->   30
Excitation   62:    2 ->   31
Excitation   63:    2 ->   32
Excitation   64:    2 ->   33
Excitation   65:    2 ->   34
Excitation   66:    2 ->   35

 Constructing A matrix ...

 Constructing B matrix ...

 Calculating (A-B)**0.5 ...

 Building C matrix ...

 Diagonalizing C matrix ...

------------------------
TDHF EXCITATION ENERGIES
------------------------

State    1:    0.17886 hartree        4.86709 eV
 1 -> 35:    0.46181  ( c=  -0.48602 )
 2 ->  3:    0.64037  ( c=  -0.57232 )
 2 ->  4:    0.02635  ( c=   0.11609 )
 2 ->  6:    0.02944  ( c=  -0.12271 )
 2 ->  7:    0.57124  ( c=  -0.54055 )
 2 ->  8:    0.22083  ( c=   0.33609 )

State    2:    0.17886 hartree        4.86709 eV
 1 -> 35:    0.58918  ( c=   0.58357 )
 2 ->  3:    0.40134  ( c=  -0.48164 )
 2 ->  4:    0.00816  ( c=   0.06867 )
 2 ->  6:    0.70093  ( c=   0.63651 )
 2 ->  7:    0.01897  ( c=  -0.10472 )
 2 ->  8:    0.00708  ( c=   0.06397 )

State    3:    0.17886 hartree        4.86709 eV
 2 ->  3:    0.02738  ( c=  -0.13309 )
 2 ->  4:    0.86422  ( c=  -0.74770 )
 2 ->  7:    0.18094  ( c=  -0.34212 )
 2 ->  8:    0.46864  ( c=  -0.55060 )

State    4:    0.28955 hartree        7.87905 eV
 2 ->  5:    0.99844  ( c=  -0.97301 )
 2 -> 17:    0.05586  ( c=   0.23014 )

State    5:    0.33303 hartree        9.06221 eV
 1 -> 35:    0.61928  ( c=   0.58946 )
 2 ->  6:    0.73850  ( c=  -0.64371 )
 2 ->  7:    0.13224  ( c=  -0.27239 )
 2 ->  8:    0.05079  ( c=   0.16882 )
 2 -> 15:    0.22554  ( c=   0.35573 )
 2 -> 16:    0.01283  ( c=   0.08485 )

State    6:    0.33303 hartree        9.06221 eV
 2 ->  3:    0.01646  ( c=   0.09452 )
 2 ->  4:    0.62500  ( c=   0.58237 )
 2 ->  7:    0.25306  ( c=  -0.37057 )
 2 ->  8:    0.69972  ( c=  -0.61620 )
 2 -> 14:    0.23526  ( c=  -0.35730 )
 2 -> 16:    0.01030  ( c=  -0.07476 )

State    7:    0.33303 hartree        9.06221 eV
 2 ->  3:    0.68387  ( c=   0.58194 )
 2 ->  4:    0.01827  ( c=  -0.09512 )
 2 ->  6:    0.20733  ( c=   0.32043 )
 2 ->  7:    0.61698  ( c=  -0.55275 )
 2 ->  8:    0.21980  ( c=   0.32992 )
 2 -> 14:    0.01228  ( c=   0.07798 )
 2 -> 15:    0.01354  ( c=   0.08190 )
 2 -> 16:    0.24430  ( c=  -0.34782 )

State    8:    0.52510 hartree       14.28883 eV
 2 ->  9:    0.99989  ( c=  -0.98667 )
 2 -> 18:    0.01293  ( c=   0.11222 )

State    9:    0.52510 hartree       14.28883 eV
 2 -> 10:    0.99991  ( c=  -0.99153 )
 2 -> 19:    0.01281  ( c=   0.11222 )

State   10:    0.52510 hartree       14.28883 eV
 2 -> 11:    0.15017  ( c=  -0.31127 )
 2 -> 12:    0.57726  ( c=   0.61029 )
 2 -> 13:    0.80249  ( c=  -0.71956 )
 2 -> 20:    0.01447  ( c=   0.09661 )
 2 -> 21:    0.00519  ( c=  -0.05789 )

State   11:    0.52510 hartree       14.28883 eV
 2 ->  9:    0.00927  ( c=  -0.07992 )
 2 -> 11:    0.01539  ( c=  -0.10297 )
 2 -> 12:    0.77039  ( c=   0.72858 )
 2 -> 13:    0.63721  ( c=   0.66262 )
 2 -> 21:    0.00560  ( c=  -0.06212 )
 2 -> 22:    0.00975  ( c=   0.08195 )

State   12:    0.52510 hartree       14.28883 eV
 2 -> 11:    0.99513  ( c=   0.93528 )
 2 -> 12:    0.09338  ( c=   0.28650 )
 2 -> 13:    0.02975  ( c=  -0.16170 )
 2 -> 21:    0.00640  ( c=   0.07499 )
 2 -> 22:    0.00679  ( c=   0.07726 )

State   13:    0.77718 hartree       21.14824 eV
 2 ->  5:    0.05492  ( c=  -0.22690 )
 2 -> 17:    0.99840  ( c=  -0.96748 )
 2 -> 33:    0.01331  ( c=  -0.11170 )

State   14:    0.77718 hartree       21.14824 eV
 2 ->  4:    0.08145  ( c=   0.25168 )
 2 ->  7:    0.02230  ( c=  -0.13169 )
 2 ->  8:    0.05294  ( c=  -0.20291 )
 2 -> 14:    0.99078  ( c=   0.87780 )
 2 -> 16:    0.06571  ( c=   0.22605 )
 2 -> 31:    0.06382  ( c=   0.22278 )

State   15:    0.77718 hartree       21.14824 eV
 1 -> 35:    0.08896  ( c=  -0.23670 )
 2 ->  3:    0.01558  ( c=   0.09905 )
 2 ->  6:    0.09195  ( c=   0.24064 )
 2 -> 14:    0.01025  ( c=  -0.08032 )
 2 -> 15:    0.90929  ( c=   0.75673 )
 2 -> 16:    0.38990  ( c=   0.49553 )
 2 -> 30:    0.06495  ( c=  -0.20225 )
 2 -> 32:    0.01534  ( c=  -0.09828 )

State   16:    0.78162 hartree       21.26911 eV
 1 -> 35:    0.01703  ( c=   0.10036 )
 2 ->  3:    0.09056  ( c=   0.23141 )
 2 ->  7:    0.06872  ( c=  -0.20159 )
 2 ->  8:    0.02926  ( c=   0.13153 )
 2 -> 14:    0.08059  ( c=  -0.21831 )
 2 -> 15:    0.42106  ( c=  -0.49899 )
 2 -> 16:    0.89288  ( c=   0.72663 )
 2 -> 30:    0.01585  ( c=   0.09682 )
 2 -> 32:    0.06812  ( c=  -0.20070 )

State   17:    1.35175 hartree       36.78292 eV
 2 ->  9:    0.01191  ( c=  -0.10204 )
 2 -> 18:    0.99021  ( c=  -0.93039 )
 2 -> 19:    0.13902  ( c=  -0.34862 )

State   18:    1.35175 hartree       36.78292 eV
 2 -> 10:    0.01206  ( c=  -0.10267 )
 2 -> 18:    0.13902  ( c=   0.34862 )
 2 -> 19:    0.99021  ( c=  -0.93039 )

State   19:    1.35175 hartree       36.78292 eV
 2 -> 12:    0.01668  ( c=  -0.11087 )
 2 -> 20:    0.01602  ( c=   0.10866 )
 2 -> 21:    0.41281  ( c=  -0.55160 )
 2 -> 22:    0.91052  ( c=   0.81921 )

State   20:    1.35175 hartree       36.78292 eV
 2 -> 13:    0.01270  ( c=  -0.11082 )
 2 -> 20:    0.99970  ( c=  -0.98304 )
 2 -> 22:    0.02115  ( c=   0.14299 )

State   21:    1.35175 hartree       36.78292 eV
 2 -> 11:    0.01714  ( c=  -0.11294 )
 2 -> 20:    0.01208  ( c=   0.09481 )
 2 -> 21:    0.91743  ( c=   0.82617 )
 2 -> 22:    0.39734  ( c=   0.54371 )

State   22:    1.36717 hartree       37.20267 eV
 2 -> 23:    0.34607  ( c=   0.50699 )
 2 -> 24:    0.93603  ( c=  -0.83380 )
 2 -> 25:    0.06393  ( c=   0.21790 )

State   23:    1.36717 hartree       37.20267 eV
 2 -> 23:    0.74965  ( c=  -0.66710 )
 2 -> 24:    0.49093  ( c=  -0.53984 )
 2 -> 25:    0.44386  ( c=  -0.51331 )

State   24:    1.36717 hartree       37.20267 eV
 2 -> 23:    0.39633  ( c=   0.54536 )
 2 -> 24:    0.01766  ( c=   0.11513 )
 2 -> 25:    0.91794  ( c=  -0.82996 )

State   25:    1.36717 hartree       37.20267 eV
 2 -> 26:    0.18717  ( c=   0.36927 )
 2 -> 27:    0.22889  ( c=  -0.40836 )
 2 -> 28:    0.95529  ( c=  -0.83424 )

State   26:    1.36717 hartree       37.20267 eV
 2 -> 26:    0.15275  ( c=   0.32264 )
 2 -> 27:    0.90244  ( c=  -0.78423 )
 2 -> 28:    0.40274  ( c=   0.52390 )
 2 -> 29:    0.00832  ( c=  -0.07529 )

State   27:    1.36717 hartree       37.20267 eV
 2 -> 26:    0.01969  ( c=   0.13841 )
 2 -> 28:    0.00772  ( c=   0.08665 )
 2 -> 29:    0.99978  ( c=   0.98637 )

State   28:    1.36717 hartree       37.20267 eV
 2 -> 26:    0.95875  ( c=  -0.86040 )
 2 -> 27:    0.28159  ( c=  -0.46629 )
 2 -> 28:    0.02816  ( c=  -0.14746 )
 2 -> 29:    0.02655  ( c=   0.14318 )

State   29:    1.67584 hartree       45.60196 eV
 1 -> 35:    0.00842  ( c=  -0.08756 )
 2 -> 15:    0.04268  ( c=   0.19712 )
 2 -> 30:    0.99830  ( c=   0.95329 )
 2 -> 31:    0.00520  ( c=   0.06880 )
 2 -> 32:    0.03820  ( c=  -0.18647 )

State   30:    1.67584 hartree       45.60196 eV
 2 ->  4:    0.00774  ( c=   0.08546 )
 2 -> 14:    0.03584  ( c=   0.18389 )
 2 -> 16:    0.00556  ( c=   0.07246 )
 2 -> 30:    0.00553  ( c=   0.07222 )
 2 -> 31:    0.99929  ( c=  -0.97104 )

State   31:    1.67584 hartree       45.60196 eV
 2 ->  3:    0.00752  ( c=  -0.08294 )
 2 -> 14:    0.00558  ( c=   0.07142 )
 2 -> 16:    0.03718  ( c=  -0.18441 )
 2 -> 30:    0.03749  ( c=  -0.18518 )
 2 -> 32:    0.99856  ( c=  -0.95570 )

State   32:    2.06041 hartree       56.06652 eV
 2 -> 17:    0.01114  ( c=   0.10487 )
 2 -> 33:    0.99994  ( c=  -0.99338 )

State   33:    4.34686 hartree      118.28419 eV
 2 -> 35:    1.00000  ( c=   0.99981 )

State   34:    4.34686 hartree      118.28419 eV
 1 ->  3:    0.10914  ( c=   0.30668 )
 1 ->  4:    0.02084  ( c=  -0.13402 )
 1 ->  5:    0.99345  ( c=  -0.92528 )
 1 ->  8:    0.02334  ( c=  -0.14183 )
 1 ->  9:    0.01291  ( c=  -0.10546 )

State   35:    4.34686 hartree      118.28419 eV
 1 ->  3:    0.91231  ( c=   0.78048 )
 1 ->  4:    0.37357  ( c=  -0.49943 )
 1 ->  5:    0.16411  ( c=   0.33103 )
 1 ->  8:    0.01694  ( c=   0.10636 )
 1 ->  9:    0.03017  ( c=  -0.14192 )

State   36:    4.61691 hartree      125.63247 eV
 1 ->  3:    0.35335  ( c=  -0.51474 )
 1 ->  4:    0.93456  ( c=  -0.83712 )
 1 ->  7:    0.04159  ( c=  -0.17659 )

State   37:    4.67687 hartree      127.26416 eV
 1 ->  6:    1.00000  ( c=  -0.99945 )

State   38:    4.67687 hartree      127.26416 eV
 1 ->  3:    0.00672  ( c=   0.07716 )
 1 ->  5:    0.02416  ( c=   0.14632 )
 1 ->  8:    0.99630  ( c=  -0.93954 )
 1 ->  9:    0.08124  ( c=   0.26830 )
 1 -> 16:    0.01088  ( c=   0.09819 )
 1 -> 17:    0.00517  ( c=   0.06770 )

State   39:    4.67687 hartree      127.26416 eV
 1 ->  3:    0.00914  ( c=   0.09311 )
 1 ->  4:    0.02293  ( c=   0.14747 )
 1 ->  7:    0.99957  ( c=  -0.97373 )
 1 ->  9:    0.00548  ( c=  -0.07212 )
 1 -> 15:    0.01499  ( c=  -0.11925 )

State   40:    4.86260 hartree      132.31812 eV
 1 ->  3:    0.01798  ( c=  -0.12587 )
 1 ->  4:    0.00637  ( c=   0.07495 )
 1 ->  5:    0.01022  ( c=   0.09490 )
 1 ->  7:    0.00746  ( c=   0.08109 )
 1 ->  8:    0.08013  ( c=  -0.26572 )
 1 ->  9:    0.99645  ( c=  -0.93701 )
 1 -> 16:    0.00520  ( c=  -0.06770 )
 1 -> 17:    0.01094  ( c=   0.09817 )

State   41:    4.86260 hartree      132.31812 eV
 1 -> 10:    0.99718  ( c=   0.96398 )
 1 -> 11:    0.07509  ( c=   0.26453 )

State   42:    4.86260 hartree      132.31812 eV
 1 -> 10:    0.07513  ( c=  -0.26451 )
 1 -> 11:    0.99717  ( c=   0.96365 )

State   43:    4.86260 hartree      132.31812 eV
 1 -> 12:    0.06555  ( c=  -0.22745 )
 1 -> 13:    0.97119  ( c=   0.87546 )
 1 -> 14:    0.22913  ( c=   0.42523 )

State   44:    4.86260 hartree      132.31812 eV
 1 -> 12:    0.99267  ( c=  -0.93289 )
 1 -> 13:    0.11717  ( c=  -0.32051 )
 1 -> 14:    0.02972  ( c=   0.16141 )

State   45:    5.05441 hartree      137.53750 eV
 1 -> 12:    0.09560  ( c=  -0.27764 )
 1 -> 13:    0.16113  ( c=   0.36046 )
 1 -> 14:    0.98229  ( c=  -0.88998 )

State   46:    5.05441 hartree      137.53750 eV
 1 -> 18:    1.00000  ( c=   0.99921 )

State   47:    5.05441 hartree      137.53750 eV
 1 ->  7:    0.01309  ( c=  -0.11330 )
 1 -> 15:    0.99990  ( c=   0.99008 )

State   48:    5.07151 hartree      138.00278 eV
 1 ->  8:    0.00915  ( c=   0.09200 )
 1 -> 16:    0.99802  ( c=   0.96086 )
 1 -> 17:    0.06199  ( c=   0.23947 )

State   49:    5.59195 hartree      152.16482 eV
 1 ->  9:    0.00896  ( c=  -0.09107 )
 1 -> 16:    0.06177  ( c=   0.23909 )
 1 -> 17:    0.99803  ( c=  -0.96103 )

State   50:    5.59195 hartree      152.16482 eV
 1 -> 19:    0.00694  ( c=  -0.08302 )
 1 -> 20:    0.99998  ( c=   0.99619 )

State   51:    5.59195 hartree      152.16482 eV
 1 -> 19:    0.99998  ( c=  -0.99619 )
 1 -> 20:    0.00694  ( c=  -0.08302 )

State   52:    5.59195 hartree      152.16482 eV
 1 -> 21:    0.99873  ( c=   0.96730 )
 1 -> 22:    0.04462  ( c=   0.20445 )
 1 -> 23:    0.02330  ( c=   0.14775 )

State   53:    5.59195 hartree      152.16482 eV
 1 -> 21:    0.03437  ( c=   0.17984 )
 1 -> 22:    0.99900  ( c=  -0.96953 )
 1 -> 23:    0.02865  ( c=   0.16419 )

State   54:    5.67342 hartree      154.38176 eV
 1 -> 21:    0.03289  ( c=   0.17688 )
 1 -> 22:    0.01840  ( c=  -0.13230 )
 1 -> 23:    0.99929  ( c=  -0.97494 )

State   55:    5.67342 hartree      154.38176 eV
 1 -> 24:    0.99969  ( c=   0.98489 )
 1 -> 25:    0.00686  ( c=   0.08160 )
 1 -> 26:    0.02382  ( c=  -0.15204 )

State   56:    5.67342 hartree      154.38176 eV
 1 -> 24:    0.02268  ( c=   0.14875 )
 1 -> 26:    0.99974  ( c=   0.98757 )

State   57:    5.67342 hartree      154.38176 eV
 1 -> 24:    0.00778  ( c=   0.08781 )
 1 -> 25:    0.99997  ( c=  -0.99544 )

State   58:    5.67342 hartree      154.38176 eV
 1 -> 27:    0.99961  ( c=  -0.98503 )
 1 -> 29:    0.02790  ( c=  -0.16456 )

State   59:    5.67342 hartree      154.38176 eV
 1 -> 27:    0.03425  ( c=  -0.17125 )
 1 -> 28:    0.13729  ( c=  -0.34287 )
 1 -> 29:    0.98992  ( c=   0.92067 )
 1 -> 30:    0.00622  ( c=  -0.07299 )

State   60:    5.67342 hartree      154.38176 eV
 1 -> 28:    0.02043  ( c=  -0.14144 )
 1 -> 30:    0.99979  ( c=   0.98955 )

State   61:    5.90092 hartree      160.57217 eV
 1 -> 28:    0.98949  ( c=   0.92707 )
 1 -> 29:    0.14348  ( c=   0.35302 )
 1 -> 30:    0.01769  ( c=   0.12395 )

State   62:    5.90092 hartree      160.57217 eV
 1 -> 31:    0.99999  ( c=  -0.99751 )

State   63:    5.90092 hartree      160.57217 eV
 1 -> 32:    0.99990  ( c=   0.99077 )
 1 -> 33:    0.01367  ( c=   0.11584 )

State   64:    6.25853 hartree      170.30331 eV
 1 -> 32:    0.01367  ( c=   0.11584 )
 1 -> 33:    0.99990  ( c=  -0.99076 )

State   65:    8.95261 hartree      243.61292 eV
 1 -> 34:    1.00000  ( c=   0.99971 )

State   66:   12.81915 hartree      348.82702 eV
 2 -> 34:    1.00000  ( c=  -0.99993 )

                    Total CPU time for TDHF energy calculation =      0.028 seconds

