
 ***************************
 * TCCM winter school 2023 *
 ***************************

      ----------------------
             Number of atoms                3
      ----------------------

      ----------------------
         Number of electrons               10
      ----------------------

          ------------------
          Molecular geometry
          ------------------
                    Atom n.                 1
                        Z =      8.0000000000
           Atom coordinates:     0.0000000000    0.0000000000   -0.1320966939
                    Atom n.                 2
                        Z =      1.0000000000
           Atom coordinates:     0.0000000000    1.4315287861    0.9797000694
                    Atom n.                 3
                        Z =      1.0000000000
           Atom coordinates:     0.0000000000   -1.4315287861    0.9797000694

          ------------------
 Nuclear repulsion energy =      9.1765804021
          ------------------

          Gaussian basis set
          ------------------
                    Atom n.                 1
           number of shells                 6
          ------------------
      s-type shell with K =                 9
                                    Exponents     Contraction
                             11720.0000000000    0.0007100000
                              1759.0000000000    0.0054700000
                               400.8000000000    0.0278370000
                               113.7000000000    0.1048000000
                                37.0300000000    0.2830620000
                                13.2700000000    0.4487190000
                                 5.0250000000    0.2709520000
                                 1.0130000000    0.0154580000
                                 0.3023000000   -0.0025850000
      s-type shell with K =                 9
                                    Exponents     Contraction
                             11720.0000000000   -0.0001600000
                              1759.0000000000   -0.0012630000
                               400.8000000000   -0.0062670000
                               113.7000000000   -0.0257160000
                                37.0300000000   -0.0709240000
                                13.2700000000   -0.1654110000
                                 5.0250000000   -0.1169550000
                                 1.0130000000    0.5573680000
                                 0.3023000000    0.5727590000
      s-type shell with K =                 1
                                    Exponents     Contraction
                                 0.3023000000    1.0000000000
      p-type shell with K =                 4
                                    Exponents     Contraction
                                17.7000000000    0.0430180000
                                 3.8540000000    0.2289130000
                                 1.0460000000    0.5087280000
                                 0.2753000000    0.4605310000
      p-type shell with K =                 1
                                    Exponents     Contraction
                                 0.2753000000    1.0000000000
      d-type shell with K =                 1
                                    Exponents     Contraction
                                 1.1850000000    1.0000000000
          ------------------
                    Atom n.                 2
           number of shells                 3
          ------------------
      s-type shell with K =                 4
                                    Exponents     Contraction
                                13.0100000000    0.0196850000
                                 1.9620000000    0.1379770000
                                 0.4446000000    0.4781480000
                                 0.1220000000    0.5012400000
      s-type shell with K =                 1
                                    Exponents     Contraction
                                 0.1220000000    1.0000000000
      p-type shell with K =                 1
                                    Exponents     Contraction
                                 0.7270000000    1.0000000000
          ------------------
                    Atom n.                 3
           number of shells                 3
          ------------------
      s-type shell with K =                 4
                                    Exponents     Contraction
                                13.0100000000    0.0196850000
                                 1.9620000000    0.1379770000
                                 0.4446000000    0.4781480000
                                 0.1220000000    0.5012400000
      s-type shell with K =                 1
                                    Exponents     Contraction
                                 0.1220000000    1.0000000000
      p-type shell with K =                 1
                                    Exponents     Contraction
                                 0.7270000000    1.0000000000
          ------------------
            Number of shells               12
          ------------------

          ------------------
   Number of basis functions               25
          ------------------

 Scaling integrals by    1.0000000000000000     

 ************************************************
 |      Restricted Hartree-Fock calculation     |
 ************************************************


 ----------------------------------------------------
 | RHF calculation                                  |
 ----------------------------------------------------
 |   # |        HF energy |       Conv |     HL Gap |
 ----------------------------------------------------
 |   1 |   -67.7886435155 |   1.043008 |   3.542231 |
 |   2 |   -69.5573963921 |   0.849933 |   0.070952 |
 |   3 |   -73.1593268537 |   0.989878 |   1.580182 |
 |   4 |   -73.3414049709 |   0.845890 |   0.013867 |
 |   5 |   -74.6421346344 |   0.768114 |   0.929796 |
 |   6 |   -75.4928936436 |   0.510801 |   0.139105 |
 |   7 |   -75.8365973319 |   0.302447 |   1.000400 |
 |   8 |   -75.9606475153 |   0.187423 |   0.480141 |
 |   9 |   -76.0044779394 |   0.105825 |   0.793000 |
 |  10 |   -76.0193824727 |   0.063446 |   0.608477 |
 |  11 |   -76.0244579751 |   0.036255 |   0.716273 |
 |  12 |   -76.0261707040 |   0.021321 |   0.653399 |
 |  13 |   -76.0267500447 |   0.012307 |   0.689921 |
 |  14 |   -76.0269455307 |   0.007179 |   0.668664 |
 |  15 |   -76.0270115643 |   0.004164 |   0.681002 |
 |  16 |   -76.0270338535 |   0.002421 |   0.673824 |
 |  17 |   -76.0270413801 |   0.001407 |   0.677991 |
 |  18 |   -76.0270439211 |   0.000817 |   0.675568 |
 |  19 |   -76.0270447790 |   0.000475 |   0.676975 |
 |  20 |   -76.0270450687 |   0.000276 |   0.676157 |
 |  21 |   -76.0270451665 |   0.000160 |   0.676632 |
 |  22 |   -76.0270451995 |   0.000093 |   0.676356 |
 |  23 |   -76.0270452107 |   0.000054 |   0.676516 |
 |  24 |   -76.0270452145 |   0.000031 |   0.676423 |
 |  25 |   -76.0270452157 |   0.000018 |   0.676477 |
 |  26 |   -76.0270452162 |   0.000011 |   0.676445 |
 |  27 |   -76.0270452163 |   0.000006 |   0.676464 |
 ----------------------------------------------------

           ---------------------------------------
           Summary              
           ---------------------------------------
           One-electron energy    -123.1133966845
           Kinetic      energy      75.9397588476
           Potential    energy    -199.0531555321
           ---------------------------------------
           Two-electron energy      37.9097710661
           Coulomb      energy      46.8820610580
           Exchange     energy      -8.9722899919
           ---------------------------------------
           Electronic   energy     -85.2036256184
           Nuclear   repulsion       9.1765804021
           Hartree-Fock energy     -76.0270452163
           ---------------------------------------
           HF HOMO      energy (eV):   -13.427513
           HF LUMO      energy (eV):     4.980003
           HF HOMO-LUMO gap    (eV):    18.407516
           ---------------------------------------

           ---------------------------------------
           Hartree-Fock orbital coefficients      
           ---------------------------------------
                 1              2              3              4              5
      1     1.00049966     0.00797520     0.00000000     0.00284319     0.00000000
      2     0.00413373    -0.86731262     0.00000000    -0.30180707     0.00000000
      3    -0.00084404     0.12623009     0.00000000    -0.19204652     0.00000000
      4     0.00000000     0.00000000     0.00000000     0.00000000    -0.91995414
      5     0.00000000     0.00000000     0.71390455     0.00000000     0.00000000
      6     0.00238837    -0.11496905     0.00000000     0.79492857     0.00000000
      7     0.00000000     0.00000000     0.00000000     0.00000000    -0.07192348
      8     0.00000000     0.00000000    -0.10606904     0.00000000     0.00000000
      9    -0.00149909     0.06636997     0.00000000    -0.00239661     0.00000000
     10    -0.00119987    -0.00000500     0.00000000    -0.00594350     0.00000000
     11     0.00000000     0.00000000     0.00000000     0.00000000     0.00000000
     12     0.00000000     0.00000000     0.00000000     0.00000000    -0.01817372
     13    -0.00106815    -0.00542010     0.00000000     0.00258384     0.00000000
     14     0.00000000     0.00000000     0.02675254     0.00000000     0.00000000
     15    -0.00111187    -0.00458131     0.00000000     0.02509822     0.00000000
     16    -0.00027288    -0.32835798     0.55721570     0.35225234     0.00000000
     17     0.00034207     0.15350948    -0.18904015    -0.13330288     0.00000000
     18     0.00000000     0.00000000     0.00000000     0.00000000    -0.03099159
     19     0.00041624     0.03673194    -0.02326088    -0.03080474     0.00000000
     20     0.00033813     0.02008418    -0.03265960     0.00830666     0.00000000
     21    -0.00027288    -0.32835798    -0.55721570     0.35225234     0.00000000
     22     0.00034207     0.15350948     0.18904015    -0.13330288     0.00000000
     23     0.00000000     0.00000000     0.00000000     0.00000000    -0.03099159
     24    -0.00041624    -0.03673194    -0.02326088     0.03080474     0.00000000
     25     0.00033813     0.02008418     0.03265960     0.00830666     0.00000000
                 6              7              8              9             10
      1     0.05653241     0.00000000     0.00000000    -0.06558196    -0.03168476
      2    -0.15838315     0.00000000     0.00000000    -0.50413196    -0.29308304
      3    -0.97482034     0.00000000     0.00000000     0.60932599    -0.39032658
      4     0.00000000     0.00000000     0.00000000     0.00000000     0.00000000
      5     0.00000000     0.41363687    -0.39018928     0.00000000     0.00000000
      6    -0.27686098     0.00000000     0.00000000    -0.48180786     1.09157757
      7     0.00000000     0.00000000     0.00000000     0.00000000     0.00000000
      8     0.00000000     0.48022963    -0.27819642     0.00000000     0.00000000
      9    -0.21504576     0.00000000     0.00000000     0.23215101    -1.76498830
     10     0.04100716     0.00000000     0.00000000    -0.09251208    -0.04843837
     11     0.00000000     0.00000000     0.00000000     0.00000000     0.00000000
     12     0.00000000     0.00000000     0.00000000     0.00000000     0.00000000
     13     0.02631096     0.00000000     0.00000000     0.09241804    -0.04232484
     14     0.00000000     0.02107262     0.11156942     0.00000000     0.00000000
     15     0.02233119     0.00000000     0.00000000     0.00185285    -0.06351101
     16     0.10258868    -0.04553158     1.60678212     1.34113087     0.90737379
     17     0.78558467    -1.41869837    -1.49538543    -1.22124530    -0.36825868
     18     0.00000000     0.00000000     0.00000000     0.00000000     0.00000000
     19    -0.01320315     0.02066008     0.07344963     0.29495197    -0.09219410
     20    -0.01257986     0.01693590     0.15189204     0.06006256    -0.24591014
     21     0.10258868     0.04553158    -1.60678212     1.34113087     0.90737379
     22     0.78558467     1.41869837     1.49538543    -1.22124530    -0.36825868
     23     0.00000000     0.00000000     0.00000000     0.00000000     0.00000000
     24     0.01320315     0.02066008     0.07344963    -0.29495197     0.09219410
     25    -0.01257986    -0.01693590    -0.15189204     0.06006256    -0.24591014
                11             12             13             14             15
      1     0.00000000     0.00000000     0.28370006     0.00000000     0.00000000
      2     0.00000000     0.00000000     1.24134667     0.00000000     0.00000000
      3     0.00000000     0.00000000    -1.76131164     0.00000000     0.00000000
      4    -1.41004609     0.00000000     0.00000000     0.00000000    -0.02440787
      5     0.00000000     1.07162991     0.00000000     0.00000000     0.00000000
      6     0.00000000     0.00000000    -0.12743488     0.00000000     0.00000000
      7     1.67315611     0.00000000     0.00000000     0.00000000    -0.62329352
      8     0.00000000    -2.25503657     0.00000000     0.00000000     0.00000000
      9     0.00000000     0.00000000     0.61497323     0.00000000     0.00000000
     10     0.00000000     0.00000000     0.15762085     0.00000000     0.00000000
     11     0.00000000     0.00000000     0.00000000     0.13162936     0.00000000
     12    -0.00342664     0.00000000     0.00000000     0.00000000     0.16093589
     13     0.00000000     0.00000000     0.18768369     0.00000000     0.00000000
     14     0.00000000    -0.04413448     0.00000000     0.00000000     0.00000000
     15     0.00000000     0.00000000     0.01464768     0.00000000     0.00000000
     16     0.00000000     0.64223061    -0.37957012     0.00000000     0.00000000
     17     0.00000000     0.50128403     0.46239288     0.00000000     0.00000000
     18     0.00995885     0.00000000     0.00000000     0.68557359     0.76645672
     19     0.00000000    -0.30207288     0.30947837     0.00000000     0.00000000
     20     0.00000000    -0.18682408    -0.51691990     0.00000000     0.00000000
     21     0.00000000    -0.64223061    -0.37957012     0.00000000     0.00000000
     22     0.00000000    -0.50128403     0.46239288     0.00000000     0.00000000
     23     0.00995885     0.00000000     0.00000000    -0.68557359     0.76645672
     24     0.00000000    -0.30207288    -0.30947837     0.00000000     0.00000000
     25     0.00000000     0.18682408    -0.51691990     0.00000000     0.00000000
                16             17             18             19             20
      1    -0.67025621     0.00000000     0.00000000    -0.19503785     0.00000000
      2    -2.57211311     0.00000000     0.00000000    -0.93251114     0.00000000
      3     4.67449387     0.00000000     0.00000000    -0.36340848     0.00000000
      4     0.00000000     0.00000000     0.00000000     0.00000000    -0.01799100
      5     0.00000000     0.01335577    -1.21837341     0.00000000     0.00000000
      6    -0.02321876     0.00000000     0.00000000    -1.00972976     0.00000000
      7     0.00000000     0.00000000     0.00000000     0.00000000     0.31903602
      8     0.00000000    -0.90403450     0.41075019     0.00000000     0.00000000
      9     1.11377693     0.00000000     0.00000000     0.23689054     0.00000000
     10    -0.10982968     0.00000000     0.00000000    -0.33548646     0.00000000
     11     0.00000000     0.00000000     0.00000000     0.00000000     0.00000000
     12     0.00000000     0.00000000     0.00000000     0.00000000     1.04247477
     13    -0.27432474     0.00000000     0.00000000     0.05267533     0.00000000
     14     0.00000000     0.02935503     0.13747758     0.00000000     0.00000000
     15    -0.37035766     0.00000000     0.00000000    -0.04680347     0.00000000
     16    -1.40745336     0.65617381     0.49633122     0.91440488     0.00000000
     17     0.32646057    -0.23785161     0.08158967    -0.28157259     0.00000000
     18     0.00000000     0.00000000     0.00000000     0.00000000    -0.39742497
     19     0.33102166     0.47058855    -0.72425721    -0.77483156     0.00000000
     20    -0.15449120    -0.69374387    -0.55333044    -0.55314785     0.00000000
     21    -1.40745336    -0.65617381    -0.49633122     0.91440488     0.00000000
     22     0.32646057     0.23785161    -0.08158967    -0.28157259     0.00000000
     23     0.00000000     0.00000000     0.00000000     0.00000000    -0.39742497
     24    -0.33102166     0.47058855    -0.72425721     0.77483156     0.00000000
     25    -0.15449120     0.69374387     0.55333044    -0.55314785     0.00000000
                21             22             23             24             25
      1     0.00000000     0.07847036     0.12389803     0.00000000     0.32363336
      2     0.00000000     0.25994689     0.17930914     0.00000000     3.25478289
      3     0.00000000    -0.71068247    -2.41257973     0.00000000    -0.41489104
      4     0.00000000     0.00000000     0.00000000     0.00000000     0.00000000
      5     0.00000000     0.00000000     0.00000000     0.67742493     0.00000000
      6     0.00000000    -0.02396456    -0.57787790     0.00000000    -0.26648649
      7     0.00000000     0.00000000     0.00000000     0.00000000     0.00000000
      8     0.00000000     0.00000000     0.00000000     0.82890538     0.00000000
      9     0.00000000    -0.52303993    -0.65314237     0.00000000     0.10182736
     10     0.00000000     0.39980475     1.13404760     0.00000000    -1.36084570
     11     1.06536807     0.00000000     0.00000000     0.00000000     0.00000000
     12     0.00000000     0.00000000     0.00000000     0.00000000     0.00000000
     13     0.00000000     0.71286172    -0.86263229     0.00000000    -1.59079200
     14     0.00000000     0.00000000     0.00000000     1.32509815     0.00000000
     15     0.00000000    -1.06896530    -0.07554297     0.00000000    -1.48304340
     16     0.00000000     0.51221051     2.07814906    -1.83902100     0.41212444
     17     0.00000000    -0.21850092    -0.84441066     0.63369748    -0.39263681
     18    -0.37013413     0.00000000     0.00000000     0.00000000     0.00000000
     19     0.00000000    -0.34997803    -0.61281751     0.60405711    -0.21104034
     20     0.00000000     0.31519813    -0.48703880     0.49462590    -0.18044675
     21     0.00000000     0.51221051     2.07814906     1.83902100     0.41212444
     22     0.00000000    -0.21850092    -0.84441066    -0.63369748    -0.39263681
     23     0.37013413     0.00000000     0.00000000     0.00000000     0.00000000
     24     0.00000000     0.34997803     0.61281751     0.60405711     0.21104034
     25     0.00000000     0.31519813    -0.48703880    -0.49462590    -0.18044675

           ---------------------------------------
            Hartree-Fock orbital energies         
           ---------------------------------------
                 1
      1   -20.55227563
      2    -1.33614031
      3    -0.69823320
      4    -0.56690859
      5    -0.49345201
      6     0.18301174
      7     0.25585325
      8     0.78713335
      9     0.85327819
     10     1.15924955
     11     1.19996747
     12     1.25333398
     13     1.42232902
     14     1.47621435
     15     1.67310894
     16     1.74525981
     17     1.93369088
     18     2.44767664
     19     2.46308267
     20     3.28462424
     21     3.33603476
     22     3.50827856
     23     3.85782430
     24     4.14614398
     25     5.96287653

                                         Total CPU time for HF =      0.418 seconds

                    Total CPU time for AO to MO transformation =      0.208 seconds


                             The number of occupied orbitals is:     5                            . The number of virtual orbitals is:    20

---------------
CIS EXCITATIONS
---------------

Excitation    1:    1 ->    6
Excitation    2:    1 ->    7
Excitation    3:    1 ->    8
Excitation    4:    1 ->    9
Excitation    5:    1 ->   10
Excitation    6:    1 ->   11
Excitation    7:    1 ->   12
Excitation    8:    1 ->   13
Excitation    9:    1 ->   14
Excitation   10:    1 ->   15
Excitation   11:    1 ->   16
Excitation   12:    1 ->   17
Excitation   13:    1 ->   18
Excitation   14:    1 ->   19
Excitation   15:    1 ->   20
Excitation   16:    1 ->   21
Excitation   17:    1 ->   22
Excitation   18:    1 ->   23
Excitation   19:    1 ->   24
Excitation   20:    1 ->   25
Excitation   21:    2 ->    6
Excitation   22:    2 ->    7
Excitation   23:    2 ->    8
Excitation   24:    2 ->    9
Excitation   25:    2 ->   10
Excitation   26:    2 ->   11
Excitation   27:    2 ->   12
Excitation   28:    2 ->   13
Excitation   29:    2 ->   14
Excitation   30:    2 ->   15
Excitation   31:    2 ->   16
Excitation   32:    2 ->   17
Excitation   33:    2 ->   18
Excitation   34:    2 ->   19
Excitation   35:    2 ->   20
Excitation   36:    2 ->   21
Excitation   37:    2 ->   22
Excitation   38:    2 ->   23
Excitation   39:    2 ->   24
Excitation   40:    2 ->   25
Excitation   41:    3 ->    6
Excitation   42:    3 ->    7
Excitation   43:    3 ->    8
Excitation   44:    3 ->    9
Excitation   45:    3 ->   10
Excitation   46:    3 ->   11
Excitation   47:    3 ->   12
Excitation   48:    3 ->   13
Excitation   49:    3 ->   14
Excitation   50:    3 ->   15
Excitation   51:    3 ->   16
Excitation   52:    3 ->   17
Excitation   53:    3 ->   18
Excitation   54:    3 ->   19
Excitation   55:    3 ->   20
Excitation   56:    3 ->   21
Excitation   57:    3 ->   22
Excitation   58:    3 ->   23
Excitation   59:    3 ->   24
Excitation   60:    3 ->   25
Excitation   61:    4 ->    6
Excitation   62:    4 ->    7
Excitation   63:    4 ->    8
Excitation   64:    4 ->    9
Excitation   65:    4 ->   10
Excitation   66:    4 ->   11
Excitation   67:    4 ->   12
Excitation   68:    4 ->   13
Excitation   69:    4 ->   14
Excitation   70:    4 ->   15
Excitation   71:    4 ->   16
Excitation   72:    4 ->   17
Excitation   73:    4 ->   18
Excitation   74:    4 ->   19
Excitation   75:    4 ->   20
Excitation   76:    4 ->   21
Excitation   77:    4 ->   22
Excitation   78:    4 ->   23
Excitation   79:    4 ->   24
Excitation   80:    4 ->   25
Excitation   81:    5 ->    6
Excitation   82:    5 ->    7
Excitation   83:    5 ->    8
Excitation   84:    5 ->    9
Excitation   85:    5 ->   10
Excitation   86:    5 ->   11
Excitation   87:    5 ->   12
Excitation   88:    5 ->   13
Excitation   89:    5 ->   14
Excitation   90:    5 ->   15
Excitation   91:    5 ->   16
Excitation   92:    5 ->   17
Excitation   93:    5 ->   18
Excitation   94:    5 ->   19
Excitation   95:    5 ->   20
Excitation   96:    5 ->   21
Excitation   97:    5 ->   22
Excitation   98:    5 ->   23
Excitation   99:    5 ->   24
Excitation  100:    5 ->   25

 Building CIS matrix...

 Diagonalizing CIS matrix...

-----------------------
CIS EXCITATION ENERGIES
-----------------------

State    1:    0.33737 hartree        9.18041 eV
 5 ->  6:    0.98930  ( c=   0.92611 )
 5 ->  8:    0.14548  ( c=   0.35514 )

State    2:    0.40352 hartree       10.98036 eV
 5 ->  7:    0.97285  ( c=  -0.87768 )
 5 ->  9:    0.22151  ( c=   0.41880 )
 5 -> 12:    0.06702  ( c=  -0.23037 )

State    3:    0.43416 hartree       11.81415 eV
 5 ->  7:    0.15904  ( c=   0.35915 )
 5 ->  9:    0.98461  ( c=   0.89363 )
 5 -> 12:    0.06998  ( c=   0.23824 )
 5 -> 18:    0.01897  ( c=   0.12404 )

State    4:    0.50056 hartree       13.62093 eV
 5 ->  6:    0.14899  ( c=   0.31151 )
 5 ->  8:    0.84944  ( c=  -0.74381 )
 5 -> 11:    0.50537  ( c=   0.57372 )
 5 -> 19:    0.02943  ( c=  -0.13844 )

State    5:    0.55149 hartree       15.00672 eV
 5 ->  6:    0.03867  ( c=  -0.16682 )
 5 ->  8:    0.40820  ( c=   0.54203 )
 5 -> 11:    0.91194  ( c=   0.81017 )

State    6:    0.67396 hartree       18.33942 eV
 5 -> 10:    1.00000  ( c=  -0.99945 )

State    7:    0.84657 hartree       23.03627 eV
 5 ->  7:    0.09685  ( c=  -0.29161 )
 5 ->  9:    0.01403  ( c=  -0.11098 )
 5 -> 12:    0.99483  ( c=   0.93461 )
 5 -> 18:    0.02634  ( c=  -0.15207 )

State    8:    0.91747 hartree       24.96557 eV
 5 -> 13:    0.99957  ( c=   0.97675 )
 5 -> 15:    0.02759  ( c=  -0.16226 )

State    9:    0.97304 hartree       26.47784 eV
 5 -> 14:    0.99995  ( c=   0.99521 )

State   10:    1.01434 hartree       27.60162 eV
 5 -> 16:    0.99990  ( c=  -0.99241 )
 5 -> 20:    0.01427  ( c=  -0.11854 )

State   11:    1.10662 hartree       30.11273 eV
 5 -> 13:    0.02465  ( c=  -0.15358 )
 5 -> 15:    0.99966  ( c=  -0.97803 )

State   12:    1.14004 hartree       31.02196 eV
 5 -> 17:    1.00000  ( c=   0.99851 )

State   13:    1.16448 hartree       31.68710 eV
 5 ->  7:    0.01580  ( c=   0.12279 )
 5 ->  9:    0.01424  ( c=   0.11657 )
 5 -> 12:    0.01311  ( c=  -0.11182 )
 5 -> 18:    0.99968  ( c=  -0.97665 )

State   14:    1.17313 hartree       31.92238 eV
 5 ->  8:    0.02008  ( c=  -0.13920 )
 5 -> 19:    0.99974  ( c=   0.98214 )

State   15:    1.20921 hartree       32.90417 eV
 5 -> 16:    0.01425  ( c=  -0.11853 )
 5 -> 20:    0.99990  ( c=   0.99295 )

State   16:    1.21813 hartree       33.14690 eV
 5 -> 21:    0.99995  ( c=   0.99521 )

State   17:    1.25152 hartree       34.05552 eV
 5 -> 22:    0.99997  ( c=   0.99434 )

State   18:    1.26303 hartree       34.36875 eV
 5 -> 23:    0.99997  ( c=  -0.99309 )

State   19:    1.33473 hartree       36.31991 eV
 5 -> 24:    0.99998  ( c=   0.99566 )

State   20:    1.37579 hartree       37.43712 eV
 5 -> 25:    1.00000  ( c=  -0.99774 )

State   21:    1.38993 hartree       37.82182 eV
 1 -> 15:    0.01031  ( c=   0.08245 )
 1 -> 19:    0.56270  ( c=  -0.60917 )
 1 -> 20:    0.82278  ( c=   0.73661 )
 2 ->  7:    0.04800  ( c=  -0.17792 )
 2 -> 13:    0.06306  ( c=  -0.20394 )

State   22:    1.40024 hartree       38.10247 eV
 1 -> 18:    0.01791  ( c=  -0.12828 )
 1 -> 23:    0.99933  ( c=  -0.95832 )
 1 -> 24:    0.01072  ( c=  -0.09924 )
 2 -> 14:    0.02603  ( c=  -0.15465 )

State   23:    1.45761 hartree       39.66360 eV
 1 -> 23:    0.03277  ( c=   0.15226 )
 2 -> 12:    0.86880  ( c=   0.78396 )
 2 -> 14:    0.49400  ( c=  -0.59115 )

State   24:    1.57186 hartree       42.77239 eV
 1 -> 20:    0.01116  ( c=   0.08567 )
 2 -> 13:    0.72296  ( c=   0.68968 )
 2 -> 18:    0.68955  ( c=  -0.67355 )
 2 -> 20:    0.03630  ( c=   0.15454 )

State   25:    1.57332 hartree       42.81223 eV
 2 -> 23:    0.99989  ( c=   0.98189 )

State   26:    1.60548 hartree       43.68726 eV
 2 -> 17:    0.01150  ( c=   0.10082 )
 2 -> 19:    0.12347  ( c=  -0.33043 )
 2 -> 25:    0.99228  ( c=   0.93672 )

State   27:    1.69332 hartree       46.07771 eV
 1 -> 23:    0.01003  ( c=  -0.09339 )
 2 -> 22:    0.03976  ( c=  -0.18599 )
 3 ->  6:    0.09326  ( c=  -0.28484 )
 3 ->  7:    0.99479  ( c=   0.93029 )

State   28:    1.69777 hartree       46.19867 eV
 2 -> 18:    0.01220  ( c=  -0.10377 )
 3 ->  8:    0.09514  ( c=  -0.28976 )
 3 ->  9:    0.99527  ( c=   0.93720 )
 3 -> 18:    0.01338  ( c=  -0.10866 )

State   29:    1.71173 hartree       46.57864 eV
 2 -> 21:    0.01345  ( c=  -0.11417 )
 3 -> 10:    0.99979  ( c=  -0.98438 )
 3 -> 11:    0.01501  ( c=  -0.12063 )

State   30:    1.72815 hartree       47.02536 eV
 3 -> 12:    0.02468  ( c=  -0.15460 )
 3 -> 15:    0.99969  ( c=   0.98394 )

State   31:    1.75304 hartree       47.70274 eV
 3 -> 14:    0.05457  ( c=  -0.21074 )
 3 -> 16:    0.98559  ( c=  -0.89560 )
 3 -> 18:    0.15964  ( c=   0.36044 )

State   32:    1.78380 hartree       48.53978 eV
 3 -> 19:    1.00000  ( c=  -0.99603 )

State   33:    1.85168 hartree       50.38671 eV
 3 -> 21:    0.99989  ( c=   0.98593 )
 3 -> 22:    0.01220  ( c=   0.10889 )

State   34:    1.86457 hartree       50.73746 eV
 3 -> 23:    0.99999  ( c=  -0.99394 )

State   35:    1.89287 hartree       51.50757 eV
 4 -> 15:    0.99998  ( c=   0.99559 )

State   36:    1.92169 hartree       52.29185 eV
 4 -> 16:    1.00000  ( c=  -0.99878 )

State   37:    1.97376 hartree       53.70880 eV
 4 -> 18:    0.99984  ( c=   0.98968 )
 4 -> 19:    0.01809  ( c=  -0.13311 )

State   38:    2.00057 hartree       54.43827 eV
 4 -> 20:    1.00000  ( c=  -0.99853 )

State   39:    2.00527 hartree       54.56610 eV
 4 -> 21:    1.00000  ( c=  -0.99877 )

State   40:    2.01115 hartree       54.72610 eV
 4 -> 25:    1.00000  ( c=  -0.99932 )

State   41:    2.09111 hartree       56.90212 eV
 1 -> 10:    0.99994  ( c=  -0.99084 )
 1 -> 18:    0.01054  ( c=   0.10173 )

State   42:    2.12716 hartree       57.88305 eV
 1 -> 11:    0.99967  ( c=  -0.97217 )
 1 -> 16:    0.01632  ( c=  -0.12422 )
 2 ->  7:    0.01696  ( c=  -0.12664 )

State   43:    2.19781 hartree       59.80545 eV
 1 -> 16:    0.99853  ( c=  -0.94164 )
 1 -> 19:    0.02187  ( c=  -0.13935 )
 2 ->  7:    0.04409  ( c=   0.19787 )
 2 -> 13:    0.01139  ( c=   0.10056 )
 2 -> 20:    0.01130  ( c=  -0.10019 )

State   44:    2.34194 hartree       63.72758 eV
 1 -> 10:    0.01049  ( c=  -0.09610 )
 1 -> 14:    0.04480  ( c=  -0.19860 )
 1 -> 18:    0.99798  ( c=  -0.93740 )
 1 -> 23:    0.01064  ( c=   0.09680 )
 2 ->  6:    0.03524  ( c=   0.17616 )
 2 ->  9:    0.02308  ( c=  -0.14256 )

State   45:    2.35615 hartree       64.11416 eV
 1 -> 18:    0.03944  ( c=   0.18512 )
 1 -> 24:    0.06321  ( c=  -0.23436 )
 2 ->  6:    0.99664  ( c=   0.93057 )
 2 ->  9:    0.03259  ( c=  -0.16828 )

State   46:    2.42268 hartree       65.92455 eV
 1 -> 25:    1.00000  ( c=  -0.99872 )

State   47:    2.47925 hartree       67.46375 eV
 2 ->  7:    0.82384  ( c=   0.68920 )
 2 -> 10:    0.01520  ( c=   0.09361 )
 2 -> 13:    0.49071  ( c=  -0.53190 )
 2 -> 16:    0.01015  ( c=  -0.07648 )
 2 -> 18:    0.26918  ( c=  -0.39395 )
 2 -> 20:    0.08697  ( c=   0.22392 )

State   48:    2.53880 hartree       69.08439 eV
 2 ->  9:    0.11736  ( c=   0.27998 )
 2 -> 12:    0.50574  ( c=   0.58121 )
 2 -> 14:    0.85464  ( c=   0.75555 )

State   49:    2.54495 hartree       69.25171 eV
 2 -> 15:    0.92643  ( c=   0.79105 )
 2 -> 17:    0.33984  ( c=  -0.47911 )
 2 -> 19:    0.15628  ( c=   0.32491 )
 2 -> 25:    0.04183  ( c=   0.16809 )

State   50:    2.55655 hartree       69.56742 eV
 2 -> 21:    0.99991  ( c=   0.98935 )
 3 -> 10:    0.01307  ( c=  -0.11311 )

State   51:    2.63766 hartree       71.77439 eV
 2 -> 22:    0.99940  ( c=  -0.97939 )
 3 ->  7:    0.03448  ( c=  -0.18193 )

State   52:    2.65980 hartree       72.37700 eV
 3 ->  8:    0.99499  ( c=   0.94865 )
 3 ->  9:    0.09976  ( c=   0.30038 )

State   53:    2.70947 hartree       73.72834 eV
 3 ->  9:    0.01170  ( c=  -0.09712 )
 3 -> 14:    0.01487  ( c=   0.10949 )
 3 -> 16:    0.19861  ( c=  -0.40012 )
 3 -> 18:    0.97979  ( c=  -0.88870 )

State   54:    2.82286 hartree       76.81396 eV
 3 -> 17:    0.99996  ( c=   0.98919 )

State   55:    3.22941 hartree       87.87679 eV
 4 ->  7:    1.00000  ( c=  -0.99778 )

State   56:    3.26637 hartree       88.88238 eV
 3 -> 24:    0.07110  ( c=  -0.23801 )
 4 ->  6:    0.11018  ( c=  -0.29629 )
 4 ->  8:    0.98825  ( c=  -0.88734 )
 4 -> 11:    0.07840  ( c=  -0.24993 )

State   57:    3.29060 hartree       89.54176 eV
 3 -> 22:    0.02201  ( c=   0.14553 )
 4 -> 10:    0.99968  ( c=   0.98066 )
 4 -> 17:    0.01182  ( c=  -0.10664 )

State   58:    3.29133 hartree       89.56167 eV
 4 -> 13:    0.99689  ( c=  -0.95553 )
 4 -> 17:    0.07814  ( c=   0.26752 )

State   59:    3.29871 hartree       89.76265 eV
 4 ->  9:    0.01015  ( c=   0.09906 )
 4 -> 18:    0.01910  ( c=  -0.13586 )
 4 -> 19:    0.99976  ( c=  -0.98303 )

State   60:    3.29943 hartree       89.78208 eV
 4 -> 24:    1.00000  ( c=  -0.99975 )

State   61:    3.39280 hartree       92.32294 eV
 1 ->  8:    0.99988  ( c=   0.98653 )
 1 -> 15:    0.01222  ( c=  -0.10904 )

State   62:    3.40143 hartree       92.55777 eV
 1 ->  9:    0.99971  ( c=   0.98267 )
 1 -> 14:    0.02115  ( c=   0.14294 )
 1 -> 24:    0.01122  ( c=  -0.10409 )

State   63:    3.52028 hartree       95.79173 eV
 1 ->  9:    0.01863  ( c=  -0.13121 )
 1 -> 14:    0.99921  ( c=   0.96086 )
 1 -> 18:    0.03290  ( c=  -0.17435 )

State   64:    3.58891 hartree       97.65939 eV
 1 ->  8:    0.01127  ( c=   0.10179 )
 1 -> 15:    0.99940  ( c=   0.95854 )
 1 -> 19:    0.01431  ( c=  -0.11468 )
 1 -> 20:    0.02644  ( c=  -0.15590 )

State   65:    3.66034 hartree       99.60310 eV
 1 -> 11:    0.02291  ( c=   0.10373 )
 1 -> 16:    0.02087  ( c=  -0.09901 )
 1 -> 19:    0.42733  ( c=  -0.44797 )
 1 -> 20:    0.71193  ( c=  -0.57822 )
 2 ->  7:    0.51672  ( c=  -0.49261 )
 2 -> 10:    0.04023  ( c=   0.13745 )
 2 -> 13:    0.11741  ( c=  -0.23481 )
 2 -> 16:    0.02932  ( c=  -0.11735 )
 2 -> 18:    0.14700  ( c=  -0.26274 )
 2 -> 20:    0.06648  ( c=   0.17669 )
 3 -> 18:    0.01622  ( c=   0.08727 )

State   66:    3.84446 hartree      104.61306 eV
 1 -> 21:    0.99997  ( c=   0.99537 )

State   67:    3.84944 hartree      104.74867 eV
 1 ->  9:    0.01351  ( c=   0.11107 )
 1 -> 23:    0.02019  ( c=  -0.13581 )
 1 -> 24:    0.99875  ( c=   0.95514 )
 2 ->  6:    0.04272  ( c=   0.19753 )

State   68:    4.01201 hartree      109.17235 eV
 2 -> 10:    0.99810  ( c=   0.94092 )
 2 -> 13:    0.02305  ( c=   0.14300 )
 2 -> 16:    0.01494  ( c=  -0.11510 )
 2 -> 18:    0.05260  ( c=   0.21599 )
 2 -> 23:    0.01111  ( c=   0.09927 )

State   69:    4.01915 hartree      109.36658 eV
 2 -> 11:    1.00000  ( c=   0.99731 )

State   70:    4.03456 hartree      109.78592 eV
 2 -> 17:    0.54747  ( c=   0.61427 )
 2 -> 19:    0.83480  ( c=   0.75853 )
 2 -> 25:    0.05790  ( c=   0.19977 )

State   71:    4.08053 hartree      111.03693 eV
 2 -> 10:    0.01621  ( c=  -0.11181 )
 2 -> 13:    0.01738  ( c=   0.11578 )
 2 -> 16:    0.16174  ( c=   0.35316 )
 2 -> 18:    0.10653  ( c=   0.28661 )
 2 -> 20:    0.98076  ( c=   0.86964 )

State   72:    4.18207 hartree      113.79990 eV
 3 ->  6:    0.99569  ( c=  -0.95477 )
 3 ->  7:    0.09269  ( c=  -0.29131 )

State   73:    4.25937 hartree      115.90331 eV
 3 -> 13:    0.99998  ( c=   0.99081 )

State   74:    4.32669 hartree      117.73517 eV
 3 -> 14:    0.99928  ( c=  -0.96556 )
 3 -> 16:    0.02243  ( c=   0.14467 )
 3 -> 18:    0.02947  ( c=  -0.16582 )

State   75:    4.60519 hartree      125.31374 eV
 3 -> 24:    0.99652  ( c=   0.93414 )
 4 ->  6:    0.02794  ( c=   0.15642 )
 4 ->  8:    0.06916  ( c=  -0.24609 )
 4 -> 11:    0.03676  ( c=  -0.17942 )

State   76:    4.88513 hartree      132.93121 eV
 3 -> 25:    1.00000  ( c=   0.99776 )

State   77:    5.76972 hartree      157.00208 eV
 3 -> 20:    0.08401  ( c=   0.27657 )
 4 ->  9:    0.99641  ( c=   0.95248 )

State   78:    5.87727 hartree      159.92864 eV
 4 -> 12:    0.99999  ( c=   0.99484 )

State   79:    6.03676 hartree      164.26874 eV
 4 -> 10:    0.01136  ( c=  -0.10149 )
 4 -> 13:    0.08664  ( c=  -0.28030 )
 4 -> 17:    0.99616  ( c=  -0.95049 )

State   80:    6.67184 hartree      181.55004 eV
 4 -> 23:    1.00000  ( c=  -0.99936 )

State   81:   20.25987 hartree      551.29949 eV
 1 ->  6:    0.99979  ( c=  -0.98811 )
 1 -> 13:    0.02064  ( c=   0.14198 )

State   82:   20.27890 hartree      551.81713 eV
 1 ->  7:    0.99902  ( c=  -0.97328 )
 1 -> 12:    0.04242  ( c=   0.20054 )
 1 -> 22:    0.01299  ( c=   0.11097 )

State   83:   20.79362 hartree      565.82359 eV
 1 ->  7:    0.04020  ( c=   0.19608 )
 1 -> 12:    0.99918  ( c=   0.97761 )

State   84:   20.82194 hartree      566.59401 eV
 1 ->  6:    0.01919  ( c=  -0.13441 )
 1 -> 13:    0.99917  ( c=  -0.96978 )
 1 -> 17:    0.03563  ( c=  -0.18314 )

State   85:   20.85268 hartree      567.43062 eV
 1 -> 13:    0.03388  ( c=   0.17970 )
 1 -> 17:    0.99939  ( c=  -0.97600 )

State   86:   21.00939 hartree      571.69497 eV
 1 -> 11:    0.04561  ( c=   0.14354 )
 1 -> 15:    0.09927  ( c=   0.21178 )
 1 -> 16:    0.14885  ( c=  -0.25932 )
 1 -> 19:    0.85018  ( c=   0.61975 )
 1 -> 20:    0.18065  ( c=   0.28568 )
 2 ->  7:    0.36647  ( c=  -0.40690 )
 2 -> 10:    0.01746  ( c=   0.08883 )
 2 -> 13:    0.15983  ( c=  -0.26872 )
 2 -> 16:    0.01279  ( c=  -0.07602 )
 2 -> 18:    0.20985  ( c=  -0.30790 )
 2 -> 20:    0.07429  ( c=   0.18320 )
 3 -> 18:    0.02179  ( c=   0.09921 )

State   87:   21.11947 hartree      574.69019 eV
 1 ->  7:    0.01338  ( c=  -0.11454 )
 1 -> 22:    0.99990  ( c=  -0.99034 )

State   88:   21.40405 hartree      582.43428 eV
 2 ->  8:    1.00000  ( c=  -0.99661 )

State   89:   21.49892 hartree      585.01567 eV
 1 -> 18:    0.01668  ( c=  -0.11931 )
 2 ->  6:    0.05802  ( c=   0.22251 )
 2 ->  9:    0.99651  ( c=   0.92218 )
 2 -> 12:    0.02871  ( c=  -0.15652 )
 2 -> 14:    0.04864  ( c=  -0.20374 )

State   90:   21.68084 hartree      589.96593 eV
 2 -> 10:    0.05857  ( c=  -0.21831 )
 2 -> 16:    0.99304  ( c=  -0.89894 )
 2 -> 18:    0.07508  ( c=   0.24718 )
 2 -> 20:    0.06778  ( c=   0.23485 )

State   91:   21.69601 hartree      590.37876 eV
 2 -> 15:    0.65045  ( c=   0.60621 )
 2 -> 17:    0.66954  ( c=   0.61504 )
 2 -> 19:    0.34836  ( c=  -0.44364 )
 2 -> 25:    0.08507  ( c=  -0.21923 )

State   92:   22.02183 hartree      599.24471 eV
 2 -> 24:    0.99999  ( c=  -0.99786 )

State   93:   22.31223 hartree      607.14711 eV
 3 -> 10:    0.01533  ( c=  -0.12228 )
 3 -> 11:    0.99987  ( c=   0.98742 )

State   94:   22.32249 hartree      607.42618 eV
 3 -> 12:    0.99966  ( c=  -0.97697 )
 3 -> 15:    0.02458  ( c=  -0.15321 )

State   95:   22.97730 hartree      625.24449 eV
 3 -> 20:    0.99705  ( c=  -0.95486 )
 4 ->  9:    0.07624  ( c=   0.26404 )

State   96:   23.02018 hartree      626.41130 eV
 3 -> 21:    0.01207  ( c=  -0.10685 )
 3 -> 22:    0.99968  ( c=   0.97261 )
 4 -> 10:    0.01718  ( c=  -0.12750 )
 4 -> 17:    0.01122  ( c=   0.10303 )

State   97:   23.20748 hartree      631.50793 eV
 3 -> 24:    0.06391  ( c=   0.23775 )
 4 ->  6:    0.99644  ( c=  -0.93878 )
 4 ->  8:    0.05326  ( c=   0.21705 )
 4 -> 11:    0.01378  ( c=   0.11040 )

State   98:   23.55864 hartree      641.06363 eV
 4 ->  8:    0.10967  ( c=  -0.31213 )
 4 -> 11:    0.99390  ( c=   0.93961 )

State   99:   23.81569 hartree      648.05829 eV
 4 -> 14:    1.00000  ( c=   0.99839 )

State  100:   25.43295 hartree      692.06625 eV
 4 -> 22:    1.00000  ( c=   0.99965 )


                     Total CPU time for CIS energy calculation =      0.105 seconds


----------------
TDHF EXCITATIONS
----------------

Excitation    1:    1 ->    6
Excitation    2:    1 ->    7
Excitation    3:    1 ->    8
Excitation    4:    1 ->    9
Excitation    5:    1 ->   10
Excitation    6:    1 ->   11
Excitation    7:    1 ->   12
Excitation    8:    1 ->   13
Excitation    9:    1 ->   14
Excitation   10:    1 ->   15
Excitation   11:    1 ->   16
Excitation   12:    1 ->   17
Excitation   13:    1 ->   18
Excitation   14:    1 ->   19
Excitation   15:    1 ->   20
Excitation   16:    1 ->   21
Excitation   17:    1 ->   22
Excitation   18:    1 ->   23
Excitation   19:    1 ->   24
Excitation   20:    1 ->   25
Excitation   21:    2 ->    6
Excitation   22:    2 ->    7
Excitation   23:    2 ->    8
Excitation   24:    2 ->    9
Excitation   25:    2 ->   10
Excitation   26:    2 ->   11
Excitation   27:    2 ->   12
Excitation   28:    2 ->   13
Excitation   29:    2 ->   14
Excitation   30:    2 ->   15
Excitation   31:    2 ->   16
Excitation   32:    2 ->   17
Excitation   33:    2 ->   18
Excitation   34:    2 ->   19
Excitation   35:    2 ->   20
Excitation   36:    2 ->   21
Excitation   37:    2 ->   22
Excitation   38:    2 ->   23
Excitation   39:    2 ->   24
Excitation   40:    2 ->   25
Excitation   41:    3 ->    6
Excitation   42:    3 ->    7
Excitation   43:    3 ->    8
Excitation   44:    3 ->    9
Excitation   45:    3 ->   10
Excitation   46:    3 ->   11
Excitation   47:    3 ->   12
Excitation   48:    3 ->   13
Excitation   49:    3 ->   14
Excitation   50:    3 ->   15
Excitation   51:    3 ->   16
Excitation   52:    3 ->   17
Excitation   53:    3 ->   18
Excitation   54:    3 ->   19
Excitation   55:    3 ->   20
Excitation   56:    3 ->   21
Excitation   57:    3 ->   22
Excitation   58:    3 ->   23
Excitation   59:    3 ->   24
Excitation   60:    3 ->   25
Excitation   61:    4 ->    6
Excitation   62:    4 ->    7
Excitation   63:    4 ->    8
Excitation   64:    4 ->    9
Excitation   65:    4 ->   10
Excitation   66:    4 ->   11
Excitation   67:    4 ->   12
Excitation   68:    4 ->   13
Excitation   69:    4 ->   14
Excitation   70:    4 ->   15
Excitation   71:    4 ->   16
Excitation   72:    4 ->   17
Excitation   73:    4 ->   18
Excitation   74:    4 ->   19
Excitation   75:    4 ->   20
Excitation   76:    4 ->   21
Excitation   77:    4 ->   22
Excitation   78:    4 ->   23
Excitation   79:    4 ->   24
Excitation   80:    4 ->   25
Excitation   81:    5 ->    6
Excitation   82:    5 ->    7
Excitation   83:    5 ->    8
Excitation   84:    5 ->    9
Excitation   85:    5 ->   10
Excitation   86:    5 ->   11
Excitation   87:    5 ->   12
Excitation   88:    5 ->   13
Excitation   89:    5 ->   14
Excitation   90:    5 ->   15
Excitation   91:    5 ->   16
Excitation   92:    5 ->   17
Excitation   93:    5 ->   18
Excitation   94:    5 ->   19
Excitation   95:    5 ->   20
Excitation   96:    5 ->   21
Excitation   97:    5 ->   22
Excitation   98:    5 ->   23
Excitation   99:    5 ->   24
Excitation  100:    5 ->   25

 Constructing A matrix ...

 Constructing B matrix ...

 Calculating (A-B)**0.5 ...

 Building C matrix ...

 Diagonalizing C matrix ...

------------------------
TDHF EXCITATION ENERGIES
------------------------

State    1:    0.33519 hartree        9.12110 eV
 5 ->  6:    0.98925  ( c=   0.92592 )
 5 ->  8:    0.14584  ( c=   0.35551 )
 5 -> 13:    0.00850  ( c=   0.08583 )

State    2:    0.40095 hartree       10.91050 eV
 5 ->  7:    0.97274  ( c=  -0.87747 )
 5 ->  9:    0.22196  ( c=   0.41915 )
 5 -> 12:    0.06713  ( c=  -0.23051 )

State    3:    0.43163 hartree       11.74519 eV
 5 ->  7:    0.15924  ( c=   0.35931 )
 5 ->  9:    0.98455  ( c=   0.89342 )
 5 -> 12:    0.07032  ( c=   0.23877 )
 5 -> 18:    0.01900  ( c=  -0.12411 )

State    4:    0.49708 hartree       13.52616 eV
 5 ->  6:    0.14940  ( c=   0.31183 )
 5 ->  8:    0.84846  ( c=  -0.74313 )
 5 -> 11:    0.50687  ( c=  -0.57438 )
 5 -> 19:    0.02950  ( c=  -0.13857 )

State    5:    0.54982 hartree       14.96137 eV
 5 ->  6:    0.03880  ( c=  -0.16706 )
 5 ->  8:    0.40945  ( c=   0.54268 )
 5 -> 11:    0.91138  ( c=  -0.80964 )
 5 -> 13:    0.00953  ( c=   0.08281 )
 5 -> 19:    0.00972  ( c=   0.08359 )
 5 -> 23:    0.00541  ( c=  -0.06239 )

State    6:    0.66579 hartree       18.11714 eV
 5 -> 10:    1.00000  ( c=  -0.99946 )

State    7:    0.84544 hartree       23.00560 eV
 5 ->  7:    0.09711  ( c=  -0.29196 )
 5 ->  9:    0.01411  ( c=  -0.11127 )
 5 -> 12:    0.99480  ( c=   0.93443 )
 5 -> 18:    0.02642  ( c=   0.15228 )
 5 -> 24:    0.00652  ( c=  -0.07568 )

State    8:    0.91434 hartree       24.88059 eV
 5 -> 13:    0.99957  ( c=   0.97665 )
 5 -> 15:    0.02775  ( c=   0.16272 )
 5 -> 22:    0.00694  ( c=   0.08136 )

State    9:    0.96863 hartree       26.35785 eV
 5 -> 14:    0.99995  ( c=  -0.99521 )
 5 -> 21:    0.00966  ( c=   0.09779 )

State   10:    1.01240 hartree       27.54875 eV
 5 -> 16:    0.99990  ( c=   0.99241 )
 5 -> 20:    0.01427  ( c=   0.11855 )

State   11:    1.10195 hartree       29.98559 eV
 5 -> 13:    0.02478  ( c=  -0.15398 )
 5 -> 15:    0.99965  ( c=   0.97794 )

State   12:    1.13733 hartree       30.94838 eV
 5 -> 17:    1.00000  ( c=   0.99850 )

State   13:    1.15910 hartree       31.54078 eV
 5 ->  7:    0.01586  ( c=   0.12300 )
 5 ->  9:    0.01427  ( c=   0.11666 )
 5 -> 12:    0.01313  ( c=  -0.11191 )
 5 -> 18:    0.99968  ( c=   0.97661 )

State   14:    1.17102 hartree       31.86505 eV
 5 ->  6:    0.00933  ( c=   0.09486 )
 5 ->  8:    0.02011  ( c=  -0.13929 )
 5 -> 19:    0.99974  ( c=   0.98211 )
 5 -> 23:    0.00545  ( c=  -0.07254 )

State   15:    1.20504 hartree       32.79095 eV
 5 -> 16:    0.01425  ( c=   0.11855 )
 5 -> 20:    0.99990  ( c=  -0.99295 )

State   16:    1.21404 hartree       33.03584 eV
 5 -> 14:    0.00966  ( c=  -0.09779 )
 5 -> 21:    0.99995  ( c=  -0.99521 )

State   17:    1.25009 hartree       34.01670 eV
 5 -> 13:    0.00515  ( c=   0.07137 )
 5 -> 22:    0.99997  ( c=  -0.99434 )

State   18:    1.26010 hartree       34.28917 eV
 5 -> 19:    0.00647  ( c=  -0.07986 )
 5 -> 23:    0.99997  ( c=  -0.99309 )

State   19:    1.33282 hartree       36.26794 eV
 5 -> 24:    0.99998  ( c=   0.99566 )

State   20:    1.37181 hartree       37.32892 eV
 5 -> 25:    1.00000  ( c=  -0.99773 )

State   21:    1.38124 hartree       37.58538 eV
 1 -> 15:    0.00818  ( c=  -0.07419 )
 1 -> 19:    0.52799  ( c=  -0.59610 )
 1 -> 20:    0.84634  ( c=   0.75470 )
 2 ->  6:    0.04878  ( c=   0.18118 )
 2 -> 12:    0.04979  ( c=   0.18305 )

State   22:    1.38516 hartree       37.69204 eV
 1 -> 18:    0.01214  ( c=   0.10614 )
 1 -> 23:    0.99942  ( c=  -0.96306 )
 1 -> 24:    0.00922  ( c=   0.09248 )
 2 ->  9:    0.00526  ( c=  -0.06990 )
 2 -> 13:    0.00777  ( c=   0.08494 )
 2 -> 14:    0.02761  ( c=   0.16008 )
 3 ->  7:    0.00776  ( c=   0.08486 )

State   23:    1.45684 hartree       39.64267 eV
 1 -> 18:    0.00771  ( c=  -0.07247 )
 1 -> 23:    0.03656  ( c=   0.15783 )
 2 -> 13:    0.72923  ( c=   0.70486 )
 2 -> 14:    0.68323  ( c=   0.68227 )

State   24:    1.56354 hartree       42.54615 eV
 1 -> 16:    0.00592  ( c=   0.06486 )
 1 -> 19:    0.00818  ( c=  -0.07624 )
 1 -> 20:    0.01196  ( c=   0.09221 )
 2 ->  6:    0.00730  ( c=  -0.07205 )
 2 -> 12:    0.29543  ( c=  -0.45817 )
 2 -> 16:    0.10658  ( c=  -0.27519 )
 2 -> 18:    0.94920  ( c=   0.82126 )
 2 -> 23:    0.00705  ( c=  -0.07079 )

State   25:    1.56768 hartree       42.65870 eV
 2 -> 12:    0.00629  ( c=   0.07810 )
 2 -> 16:    0.00873  ( c=   0.09197 )
 2 -> 23:    0.99990  ( c=  -0.98432 )
 3 ->  8:    0.00707  ( c=  -0.08276 )

State   26:    1.60478 hartree       43.66838 eV
 2 -> 17:    0.01200  ( c=   0.10401 )
 2 -> 19:    0.09918  ( c=  -0.29900 )
 2 -> 25:    0.99500  ( c=   0.94707 )

State   27:    1.66562 hartree       45.32388 eV
 1 -> 23:    0.01070  ( c=  -0.09625 )
 2 -> 22:    0.04113  ( c=   0.18871 )
 3 ->  6:    0.09861  ( c=  -0.29220 )
 3 ->  7:    0.99421  ( c=  -0.92782 )

State   28:    1.68905 hartree       45.96150 eV
 3 ->  8:    0.10728  ( c=   0.30934 )
 3 ->  9:    0.99419  ( c=  -0.94172 )
 3 -> 18:    0.00651  ( c=   0.07620 )

State   29:    1.70789 hartree       46.47395 eV
 2 -> 21:    0.01382  ( c=  -0.11569 )
 3 -> 10:    0.99979  ( c=  -0.98413 )
 3 -> 11:    0.01498  ( c=  -0.12047 )

State   30:    1.72675 hartree       46.98728 eV
 3 -> 12:    0.02107  ( c=   0.14307 )
 3 -> 15:    0.99977  ( c=   0.98555 )

State   31:    1.74559 hartree       47.49998 eV
 3 -> 14:    0.02934  ( c=  -0.16431 )
 3 -> 16:    0.99844  ( c=   0.95841 )
 3 -> 18:    0.04739  ( c=  -0.20881 )

State   32:    1.78229 hartree       48.49850 eV
 3 -> 19:    1.00000  ( c=  -0.99597 )

State   33:    1.80527 hartree       49.12403 eV
 3 -> 17:    0.00730  ( c=  -0.08401 )
 3 -> 21:    0.99981  ( c=   0.98309 )
 3 -> 22:    0.01780  ( c=   0.13117 )

State   34:    1.85694 hartree       50.53002 eV
 3 -> 23:    0.99999  ( c=  -0.99400 )

State   35:    1.87839 hartree       51.11358 eV
 4 -> 15:    0.99999  ( c=  -0.99654 )

State   36:    1.92071 hartree       52.26514 eV
 4 -> 16:    1.00000  ( c=   0.99883 )

State   37:    1.97287 hartree       53.68456 eV
 4 -> 18:    0.99985  ( c=   0.99018 )
 4 -> 19:    0.01729  ( c=  -0.13020 )

State   38:    1.99771 hartree       54.36057 eV
 4 -> 20:    1.00000  ( c=   0.99849 )

State   39:    2.00520 hartree       54.56420 eV
 4 -> 21:    1.00000  ( c=   0.99876 )

State   40:    2.00657 hartree       54.60149 eV
 4 -> 25:    1.00000  ( c=   0.99956 )

State   41:    2.09043 hartree       56.88353 eV
 1 -> 10:    0.99993  ( c=   0.99017 )
 1 -> 18:    0.01168  ( c=  -0.10701 )

State   42:    2.12556 hartree       57.83952 eV
 1 ->  8:    0.00571  ( c=  -0.07395 )
 1 -> 11:    0.99973  ( c=   0.97819 )
 1 -> 16:    0.01704  ( c=  -0.12771 )
 2 ->  6:    0.01395  ( c=   0.11553 )

State   43:    2.19589 hartree       59.75335 eV
 1 -> 11:    0.00932  ( c=  -0.09172 )
 1 -> 16:    0.99867  ( c=  -0.94929 )
 1 -> 19:    0.01787  ( c=  -0.12699 )
 2 ->  6:    0.04476  ( c=  -0.20097 )
 2 -> 10:    0.00795  ( c=  -0.08467 )
 2 -> 12:    0.01029  ( c=  -0.09637 )
 2 -> 20:    0.00539  ( c=  -0.06975 )

State   44:    2.33427 hartree       63.51887 eV
 1 -> 10:    0.01158  ( c=   0.10194 )
 1 -> 14:    0.03497  ( c=  -0.17717 )
 1 -> 18:    0.99859  ( c=   0.94675 )
 1 -> 23:    0.00821  ( c=   0.08582 )
 2 ->  7:    0.03222  ( c=   0.17007 )
 2 ->  9:    0.01790  ( c=   0.12677 )

State   45:    2.35555 hartree       64.09768 eV
 1 -> 18:    0.03405  ( c=  -0.17326 )
 1 -> 23:    0.00563  ( c=  -0.07045 )
 1 -> 24:    0.06367  ( c=   0.23694 )
 2 ->  7:    0.99705  ( c=   0.93765 )
 2 ->  9:    0.02517  ( c=   0.14897 )

State   46:    2.42236 hartree       65.91577 eV
 1 -> 25:    1.00000  ( c=   0.99823 )

State   47:    2.47514 hartree       67.35189 eV
 2 ->  6:    0.59705  ( c=  -0.60429 )
 2 -> 10:    0.05228  ( c=   0.17882 )
 2 -> 12:    0.78381  ( c=   0.69238 )
 2 -> 16:    0.00538  ( c=  -0.05737 )
 2 -> 18:    0.16210  ( c=   0.31486 )
 2 -> 20:    0.00670  ( c=   0.06403 )

State   48:    2.53573 hartree       69.00075 eV
 2 ->  9:    0.08256  ( c=  -0.23395 )
 2 -> 13:    0.69255  ( c=   0.67759 )
 2 -> 14:    0.71660  ( c=  -0.68925 )

State   49:    2.54280 hartree       69.19320 eV
 2 -> 15:    0.93369  ( c=   0.80431 )
 2 -> 17:    0.33168  ( c=  -0.47939 )
 2 -> 19:    0.13045  ( c=   0.30064 )
 2 -> 25:    0.03411  ( c=   0.15374 )

State   50:    2.55579 hartree       69.54674 eV
 2 -> 21:    0.99990  ( c=   0.98922 )
 3 -> 10:    0.01345  ( c=  -0.11472 )

State   51:    2.62859 hartree       71.52752 eV
 2 -> 22:    0.99939  ( c=   0.97900 )
 3 ->  7:    0.03485  ( c=   0.18281 )

State   52:    2.65655 hartree       72.28840 eV
 2 -> 23:    0.00632  ( c=   0.07525 )
 3 ->  8:    0.99377  ( c=  -0.94336 )
 3 ->  9:    0.11127  ( c=  -0.31567 )

State   53:    2.68803 hartree       73.14504 eV
 3 ->  9:    0.00574  ( c=   0.07248 )
 3 -> 14:    0.00715  ( c=   0.08093 )
 3 -> 16:    0.05627  ( c=   0.22700 )
 3 -> 18:    0.99833  ( c=   0.95615 )

State   54:    2.82273 hartree       76.81048 eV
 3 -> 17:    0.99996  ( c=   0.99071 )
 3 -> 21:    0.00824  ( c=   0.08995 )

State   55:    3.22383 hartree       87.72497 eV
 4 ->  7:    1.00000  ( c=  -0.99766 )

State   56:    3.26545 hartree       88.85743 eV
 3 -> 24:    0.06015  ( c=  -0.22215 )
 4 ->  6:    0.09685  ( c=   0.28189 )
 4 ->  8:    0.99135  ( c=   0.90183 )
 4 -> 11:    0.06497  ( c=   0.23087 )

State   57:    3.28288 hartree       89.33167 eV
 3 -> 22:    0.01748  ( c=   0.13013 )
 4 -> 10:    0.99980  ( c=  -0.98417 )
 4 -> 17:    0.00973  ( c=   0.09711 )

State   58:    3.28688 hartree       89.44056 eV
 3 -> 22:    0.00517  ( c=  -0.06928 )
 4 -> 10:    0.00609  ( c=  -0.07519 )
 4 -> 13:    0.99782  ( c=   0.96250 )
 4 -> 17:    0.06553  ( c=  -0.24665 )

State   59:    3.29570 hartree       89.68058 eV
 4 ->  9:    0.00812  ( c=  -0.08879 )
 4 -> 18:    0.01806  ( c=  -0.13239 )
 4 -> 19:    0.99980  ( c=  -0.98501 )

State   60:    3.29873 hartree       89.76306 eV
 4 -> 24:    1.00000  ( c=  -0.99973 )

State   61:    3.39201 hartree       92.30136 eV
 1 ->  8:    0.99989  ( c=  -0.98825 )
 1 -> 11:    0.00649  ( c=  -0.07963 )
 1 -> 15:    0.01290  ( c=   0.11224 )

State   62:    3.40092 hartree       92.54382 eV
 1 ->  9:    0.99964  ( c=  -0.98115 )
 1 -> 14:    0.02364  ( c=   0.15089 )
 1 -> 24:    0.01208  ( c=   0.10787 )

State   63:    3.51361 hartree       95.61030 eV
 1 ->  9:    0.02147  ( c=   0.14152 )
 1 -> 14:    0.99934  ( c=   0.96539 )
 1 -> 18:    0.02786  ( c=   0.16120 )
 2 ->  9:    0.00719  ( c=   0.08187 )

State   64:    3.57729 hartree       97.34314 eV
 1 ->  8:    0.01253  ( c=  -0.10774 )
 1 -> 15:    0.99942  ( c=  -0.96211 )
 1 -> 19:    0.01492  ( c=  -0.11757 )
 1 -> 20:    0.02544  ( c=  -0.15351 )
 2 ->  6:    0.00520  ( c=  -0.06941 )
 2 -> 12:    0.00795  ( c=  -0.08580 )

State   65:    3.65642 hartree       99.49635 eV
 1 -> 11:    0.01444  ( c=  -0.08410 )
 1 -> 15:    0.00538  ( c=   0.05135 )
 1 -> 16:    0.01696  ( c=  -0.09113 )
 1 -> 19:    0.40669  ( c=  -0.44629 )
 1 -> 20:    0.60906  ( c=  -0.54615 )
 2 ->  6:    0.65167  ( c=   0.56493 )
 2 -> 10:    0.04591  ( c=   0.14995 )
 2 -> 12:    0.17017  ( c=   0.28868 )
 2 -> 16:    0.02247  ( c=  -0.10490 )
 2 -> 18:    0.08237  ( c=   0.20085 )
 2 -> 20:    0.00605  ( c=   0.05445 )
 3 -> 18:    0.00651  ( c=  -0.05647 )

State   66:    3.83291 hartree      104.29886 eV
 1 -> 17:    0.00954  ( c=  -0.09716 )
 1 -> 21:    0.99995  ( c=  -0.99461 )

State   67:    3.84728 hartree      104.68987 eV
 1 ->  9:    0.01392  ( c=  -0.11280 )
 1 -> 18:    0.00561  ( c=  -0.07163 )
 1 -> 23:    0.01639  ( c=  -0.12241 )
 1 -> 24:    0.99858  ( c=  -0.95538 )
 2 ->  7:    0.04798  ( c=   0.20942 )

State   68:    4.00984 hartree      109.11330 eV
 1 -> 16:    0.00519  ( c=  -0.06739 )
 2 -> 10:    0.99747  ( c=   0.93409 )
 2 -> 12:    0.05726  ( c=  -0.22381 )
 2 -> 16:    0.01059  ( c=  -0.09623 )
 2 -> 18:    0.03468  ( c=  -0.17417 )
 2 -> 20:    0.01754  ( c=   0.12386 )
 2 -> 23:    0.00972  ( c=  -0.09223 )

State   69:    4.01885 hartree      109.35847 eV
 2 -> 11:    1.00000  ( c=   0.99717 )

State   70:    4.03347 hartree      109.75632 eV
 2 -> 17:    0.48943  ( c=   0.58788 )
 2 -> 19:    0.87077  ( c=   0.78415 )
 2 -> 25:    0.04696  ( c=   0.18210 )

State   71:    4.07993 hartree      111.02066 eV
 2 -> 10:    0.01250  ( c=  -0.10560 )
 2 -> 12:    0.00983  ( c=  -0.09365 )
 2 -> 16:    0.08416  ( c=   0.27396 )
 2 -> 18:    0.00897  ( c=   0.08946 )
 2 -> 20:    0.99628  ( c=   0.94260 )

State   72:    4.17368 hartree      113.57180 eV
 3 ->  6:    0.99518  ( c=  -0.95236 )
 3 ->  7:    0.09807  ( c=   0.29896 )

State   73:    4.25860 hartree      115.88243 eV
 3 -> 13:    0.99998  ( c=  -0.99200 )

State   74:    4.31922 hartree      117.53213 eV
 3 -> 14:    0.99971  ( c=  -0.97800 )
 3 -> 16:    0.02012  ( c=  -0.13873 )
 3 -> 18:    0.01202  ( c=   0.10724 )

State   75:    4.60432 hartree      125.29009 eV
 3 -> 24:    0.99736  ( c=   0.94233 )
 4 ->  6:    0.02539  ( c=  -0.15036 )
 4 ->  8:    0.06081  ( c=   0.23269 )
 4 -> 11:    0.03019  ( c=   0.16394 )

State   76:    4.88469 hartree      132.91926 eV
 3 -> 25:    0.99999  ( c=  -0.99764 )

State   77:    5.76932 hartree      156.99136 eV
 3 -> 20:    0.07052  ( c=   0.25520 )
 4 ->  9:    0.99748  ( c=  -0.95979 )
 4 -> 19:    0.00717  ( c=   0.08138 )

State   78:    5.87505 hartree      159.86824 eV
 4 -> 12:    0.99999  ( c=   0.99561 )

State   79:    6.03637 hartree      164.25820 eV
 4 -> 10:    0.00929  ( c=   0.09250 )
 4 -> 13:    0.07160  ( c=   0.25684 )
 4 -> 17:    0.99738  ( c=   0.95859 )

State   80:    6.66674 hartree      181.41136 eV
 4 -> 23:    1.00000  ( c=  -0.99944 )

State   81:   20.25950 hartree      551.28934 eV
 1 ->  6:    0.99975  ( c=   0.98711 )
 1 -> 13:    0.02239  ( c=   0.14774 )

State   82:   20.27854 hartree      551.80750 eV
 1 ->  7:    0.99893  ( c=  -0.97202 )
 1 -> 12:    0.04424  ( c=   0.20457 )
 1 -> 22:    0.01377  ( c=   0.11412 )

State   83:   20.79329 hartree      565.81448 eV
 1 ->  7:    0.04176  ( c=   0.19968 )
 1 -> 12:    0.99912  ( c=   0.97672 )

State   84:   20.82187 hartree      566.59209 eV
 1 ->  6:    0.02092  ( c=   0.14025 )
 1 -> 13:    0.99912  ( c=  -0.96924 )
 1 -> 17:    0.03625  ( c=   0.18463 )

State   85:   20.85204 hartree      567.41316 eV
 1 -> 13:    0.03386  ( c=   0.17950 )
 1 -> 17:    0.99937  ( c=   0.97521 )
 1 -> 21:    0.00953  ( c=  -0.09521 )

State   86:   21.00916 hartree      571.68850 eV
 1 -> 11:    0.02859  ( c=  -0.11752 )
 1 -> 15:    0.08314  ( c=  -0.20041 )
 1 -> 16:    0.11807  ( c=  -0.23883 )
 1 -> 19:    0.83622  ( c=   0.63561 )
 1 -> 20:    0.18932  ( c=   0.30243 )
 2 ->  6:    0.42770  ( c=   0.45456 )
 2 -> 10:    0.02256  ( c=   0.10439 )
 2 -> 12:    0.21524  ( c=   0.32247 )
 2 -> 16:    0.00855  ( c=  -0.06426 )
 2 -> 18:    0.11520  ( c=   0.23592 )
 3 -> 18:    0.00782  ( c=  -0.06148 )

State   87:   21.11920 hartree      574.68293 eV
 1 ->  7:    0.01410  ( c=  -0.11751 )
 1 -> 22:    0.99989  ( c=  -0.98963 )

State   88:   21.40391 hartree      582.43045 eV
 2 ->  8:    1.00000  ( c=   0.99667 )

State   89:   21.49891 hartree      585.01538 eV
 1 -> 18:    0.01264  ( c=   0.10608 )
 1 -> 23:    0.00660  ( c=   0.07666 )
 2 ->  7:    0.04068  ( c=   0.19034 )
 2 ->  9:    0.99832  ( c=  -0.94297 )
 2 -> 13:    0.02713  ( c=  -0.15546 )
 2 -> 14:    0.02708  ( c=   0.15531 )

State   90:   21.68071 hartree      589.96234 eV
 2 -> 10:    0.04275  ( c=  -0.18607 )
 2 -> 16:    0.99087  ( c=  -0.89583 )
 2 -> 18:    0.09363  ( c=  -0.27538 )
 2 -> 20:    0.08658  ( c=   0.26480 )
 2 -> 23:    0.00634  ( c=  -0.07163 )

State   91:   21.69600 hartree      590.37849 eV
 2 -> 15:    0.60537  ( c=   0.58826 )
 2 -> 17:    0.71568  ( c=   0.63961 )
 2 -> 19:    0.34061  ( c=  -0.44125 )
 2 -> 25:    0.07275  ( c=  -0.20392 )

State   92:   22.02183 hartree      599.24469 eV
 2 -> 24:    0.99999  ( c=   0.99800 )

State   93:   22.31206 hartree      607.14239 eV
 3 -> 10:    0.01532  ( c=  -0.12220 )
 3 -> 11:    0.99987  ( c=   0.98732 )

State   94:   22.32230 hartree      607.42113 eV
 3 -> 12:    0.99975  ( c=   0.98027 )
 3 -> 15:    0.02104  ( c=  -0.14221 )

State   95:   22.97728 hartree      625.24385 eV
 3 -> 18:    0.00641  ( c=   0.07709 )
 3 -> 20:    0.99785  ( c=  -0.96151 )
 4 ->  9:    0.06514  ( c=  -0.24567 )

State   96:   23.02016 hartree      626.41063 eV
 3 -> 21:    0.01751  ( c=  -0.12892 )
 3 -> 22:    0.99969  ( c=   0.97415 )
 4 -> 10:    0.01418  ( c=   0.11603 )
 4 -> 17:    0.00895  ( c=  -0.09217 )

State   97:   23.20745 hartree      631.50731 eV
 3 -> 24:    0.05550  ( c=   0.22279 )
 4 ->  6:    0.99710  ( c=   0.94430 )
 4 ->  8:    0.05074  ( c=  -0.21302 )
 4 -> 11:    0.01183  ( c=  -0.10285 )

State   98:   23.55854 hartree      641.06083 eV
 3 -> 24:    0.00838  ( c=   0.08710 )
 4 ->  8:    0.08935  ( c=   0.28447 )
 4 -> 11:    0.99595  ( c=  -0.94974 )

State   99:   23.81559 hartree      648.05558 eV
 4 -> 14:    1.00000  ( c=  -0.99843 )

State  100:   25.43172 hartree      692.03273 eV
 4 -> 22:    1.00000  ( c=  -0.99962 )

                    Total CPU time for TDHF energy calculation =      0.085 seconds

