
 ***************************
 * TCCM winter school 2023 *
 ***************************

      ----------------------
             Number of atoms                1
      ----------------------

      ----------------------
         Number of electrons                2
      ----------------------

          ------------------
          Molecular geometry
          ------------------
                    Atom n.                 1
                        Z =      2.0000000000
           Atom coordinates:     0.0000000000    0.0000000000    0.0000000000

          ------------------
 Nuclear repulsion energy =      0.0000000000
          ------------------

          Gaussian basis set
          ------------------
                    Atom n.                 1
           number of shells                 3
          ------------------
      s-type shell with K =                 4
                                    Exponents     Contraction
                                38.3600000000    0.0238090000
                                 5.7700000000    0.1548910000
                                 1.2400000000    0.4699870000
                                 0.2976000000    0.5130270000
      s-type shell with K =                 1
                                    Exponents     Contraction
                                 0.2976000000    1.0000000000
      p-type shell with K =                 1
                                    Exponents     Contraction
                                 1.2750000000    1.0000000000
          ------------------
            Number of shells                3
          ------------------

          ------------------
   Number of basis functions                5
          ------------------

 Scaling integrals by    1.0000000000000000     

 ************************************************
 |      Restricted Hartree-Fock calculation     |
 ************************************************


 ----------------------------------------------------
 | RHF calculation                                  |
 ----------------------------------------------------
 |   # |        HF energy |       Conv |     HL Gap |
 ----------------------------------------------------
 |   1 |    -2.7418968063 |   0.309072 |   1.955996 |
 |   2 |    -2.8544099035 |   0.025926 |   2.260746 |
 |   3 |    -2.8551561223 |   0.001976 |   2.309762 |
 |   4 |    -2.8551604522 |   0.000150 |   2.311465 |
 |   5 |    -2.8551604771 |   0.000011 |   2.311580 |
 |   6 |    -2.8551604772 |   0.000001 |   2.311589 |
 ----------------------------------------------------

           ---------------------------------------
           Summary              
           ---------------------------------------
           One-electron energy      -3.8820256581
           Kinetic      energy       2.8551790622
           Potential    energy      -6.7372047203
           ---------------------------------------
           Two-electron energy       1.0268651808
           Coulomb      energy       2.0537303616
           Exchange     energy      -1.0268651808
           ---------------------------------------
           Electronic   energy      -2.8551604772
           Nuclear   repulsion       0.0000000000
           Hartree-Fock energy      -2.8551604772
           ---------------------------------------
           HF HOMO      energy (eV):   -24.875132
           HF LUMO      energy (eV):    38.026406
           HF HOMO-LUMO gap    (eV):    62.901538
           ---------------------------------------

           ---------------------------------------
           Hartree-Fock orbital coefficients      
           ---------------------------------------
                 1              2              3              4              5
      1    -1.00000069    -1.93982659     0.00000000     0.00000000     0.00000000
      2     0.00000112     2.18241415     0.00000000     0.00000000     0.00000000
      3     0.00000000     0.00000000     1.00000000     0.00000000     0.00000000
      4     0.00000000     0.00000000     0.00000000     1.00000000     0.00000000
      5     0.00000000     0.00000000     0.00000000     0.00000000     1.00000000

           ---------------------------------------
            Hartree-Fock orbital energies         
           ---------------------------------------
                 1
      1    -0.91414426
      2     1.39744466
      3     2.52437707
      4     2.52437707
      5     2.52437707

                                         Total CPU time for HF =      0.001 seconds

                    Total CPU time for AO to MO transformation =      0.000 seconds


                             The number of occupied orbitals is:     1                            . The number of virtual orbitals is:     4

---------------
CIS EXCITATIONS
---------------

Excitation    1:    1 ->    2
Excitation    2:    1 ->    3
Excitation    3:    1 ->    4
Excitation    4:    1 ->    5

 Building CIS matrix...

 Diagonalizing CIS matrix...

-----------------------
CIS EXCITATION ENERGIES
-----------------------

State    1:    1.90901 hartree       51.94674 eV
 1 ->  2:    1.00000  ( c=   1.00000 )

State    2:    2.84356 hartree       77.37718 eV
 1 ->  3:    1.00000  ( c=   1.00000 )

State    3:    2.84356 hartree       77.37718 eV
 1 ->  4:    1.00000  ( c=   1.00000 )

State    4:    2.84356 hartree       77.37718 eV
 1 ->  5:    1.00000  ( c=   1.00000 )


                     Total CPU time for CIS energy calculation =      0.000 seconds


----------------
TDHF EXCITATIONS
----------------

Excitation    1:    1 ->    2
Excitation    2:    1 ->    3
Excitation    3:    1 ->    4
Excitation    4:    1 ->    5

 Constructing A matrix ...

 Constructing B matrix ...

 Calculating (A-B)**0.5 ...

 Building C matrix ...

 Diagonalizing C matrix ...

------------------------
TDHF EXCITATION ENERGIES
------------------------

State    1:    1.89540 hartree       51.57654 eV
 1 ->  2:    1.00000  ( c=   1.00000 )

State    2:    2.83765 hartree       77.21652 eV
 1 ->  3:    1.00000  ( c=   1.00000 )

State    3:    2.83765 hartree       77.21652 eV
 1 ->  4:    1.00000  ( c=   1.00000 )

State    4:    2.83765 hartree       77.21652 eV
 1 ->  5:    1.00000  ( c=   1.00000 )

                    Total CPU time for TDHF energy calculation =      0.000 seconds

