
 ***************************
 * TCCM winter school 2023 *
 ***************************

      ----------------------
             Number of atoms                1
      ----------------------

      ----------------------
         Number of electrons               10
      ----------------------

          ------------------
          Molecular geometry
          ------------------
                    Atom n.                 1
                        Z =     10.0000000000
           Atom coordinates:     0.0000000000    0.0000000000    0.0000000000

          ------------------
 Nuclear repulsion energy =      0.0000000000
          ------------------

          Gaussian basis set
          ------------------
                    Atom n.                 1
           number of shells                 6
          ------------------
      s-type shell with K =                 8
                                    Exponents     Contraction
                             17880.0000000000    0.0007380000
                              2683.0000000000    0.0056770000
                               611.5000000000    0.0288830000
                               173.5000000000    0.1085400000
                                56.6400000000    0.2909070000
                                20.4200000000    0.4483240000
                                 7.8100000000    0.2580260000
                                 1.6530000000    0.0150630000
      s-type shell with K =                 8
                                    Exponents     Contraction
                             17880.0000000000   -0.0001720000
                              2683.0000000000   -0.0013570000
                               611.5000000000   -0.0067370000
                               173.5000000000   -0.0276630000
                                56.6400000000   -0.0762080000
                                20.4200000000   -0.1752270000
                                 7.8100000000   -0.1070380000
                                 1.6530000000    0.5670500000
      s-type shell with K =                 1
                                    Exponents     Contraction
                                 0.4869000000    1.0000000000
      p-type shell with K =                 3
                                    Exponents     Contraction
                                28.3900000000    0.0460870000
                                 6.2700000000    0.2401810000
                                 1.6950000000    0.5087440000
      p-type shell with K =                 1
                                    Exponents     Contraction
                                 0.4317000000    1.0000000000
      d-type shell with K =                 1
                                    Exponents     Contraction
                                 2.2020000000    1.0000000000
          ------------------
            Number of shells                6
          ------------------

          ------------------
   Number of basis functions               15
          ------------------

 Scaling integrals by    1.0000000000000000     

 ************************************************
 |      Restricted Hartree-Fock calculation     |
 ************************************************


 ----------------------------------------------------
 | RHF calculation                                  |
 ----------------------------------------------------
 |   # |        HF energy |       Conv |     HL Gap |
 ----------------------------------------------------
 |   1 |  -121.4656738063 |   1.270743 |   6.381090 |
 |   2 |  -127.0060874399 |   1.082263 |   2.065567 |
 |   3 |  -128.1991544930 |   0.447722 |   2.733563 |
 |   4 |  -128.4264511402 |   0.223858 |   2.431223 |
 |   5 |  -128.4759222711 |   0.099132 |   2.571105 |
 |   6 |  -128.4861295025 |   0.046286 |   2.506410 |
 |   7 |  -128.4882924486 |   0.021046 |   2.536033 |
 |   8 |  -128.4887454158 |   0.009688 |   2.522434 |
 |   9 |  -128.4888408012 |   0.004434 |   2.528667 |
 |  10 |  -128.4888608372 |   0.002035 |   2.525808 |
 |  11 |  -128.4888650507 |   0.000932 |   2.527119 |
 |  12 |  -128.4888659363 |   0.000428 |   2.526518 |
 |  13 |  -128.4888661225 |   0.000196 |   2.526794 |
 |  14 |  -128.4888661616 |   0.000090 |   2.526667 |
 |  15 |  -128.4888661699 |   0.000041 |   2.526725 |
 |  16 |  -128.4888661716 |   0.000019 |   2.526699 |
 |  17 |  -128.4888661720 |   0.000009 |   2.526711 |
 ----------------------------------------------------

           ---------------------------------------
           Summary              
           ---------------------------------------
           One-electron energy    -182.6152956704
           Kinetic      energy     128.4669758435
           Potential    energy    -311.0822715139
           ---------------------------------------
           Two-electron energy      54.1264294984
           Coulomb      energy      66.2501405080
           Exchange     energy     -12.1237110096
           ---------------------------------------
           Electronic   energy    -128.4888661720
           Nuclear   repulsion       0.0000000000
           Hartree-Fock energy    -128.4888661720
           ---------------------------------------
           HF HOMO      energy (eV):   -22.647891
           HF LUMO      energy (eV):    46.107410
           HF HOMO-LUMO gap    (eV):    68.755301
           ---------------------------------------

           ---------------------------------------
           Hartree-Fock orbital coefficients      
           ---------------------------------------
                 1              2              3              4              5
      1    -1.00038615     0.00066088     0.00000000     0.00000000     0.00000000
      2    -0.00270200     1.00527009     0.00000000     0.00000000     0.00000000
      3     0.00075657    -0.00040889     0.00000000     0.00000000     0.00000000
      4     0.00000000     0.00000000    -0.99184177    -0.12625472     0.01518704
      5     0.00000000     0.00000000     0.03407037    -0.14877804     0.98824354
      6     0.00000000     0.00000000     0.12251575    -0.98073739    -0.15187182
      7     0.00000000     0.00000000    -0.00005021    -0.00000639     0.00000077
      8     0.00000000     0.00000000     0.00000172    -0.00000753     0.00005003
      9     0.00000000     0.00000000     0.00000620    -0.00004965    -0.00000769
     10     0.00095005    -0.00233162     0.00000000     0.00000000     0.00000000
     11     0.00000000     0.00000000     0.00000000     0.00000000     0.00000000
     12     0.00000000     0.00000000     0.00000000     0.00000000     0.00000000
     13     0.00095005    -0.00233162     0.00000000     0.00000000     0.00000000
     14     0.00000000     0.00000000     0.00000000     0.00000000     0.00000000
     15     0.00095005    -0.00233162     0.00000000     0.00000000     0.00000000
                 6              7              8              9             10
      1     0.00000000     0.00000000     0.00000000     0.52885688     0.00000000
      2     0.00000000     0.00000000     0.00000000     2.35117191     0.00000000
      3     0.00000000     0.00000000     0.00000000    -2.99542777     0.00000000
      4     0.02984269     1.12911198     0.64577610     0.00000000     0.00000000
      5    -0.00444450     0.64603078    -1.12935189     0.00000000     0.00000000
      6     1.30073090    -0.02369780    -0.01867496     0.00000000     0.00000000
      7    -0.03763830    -1.42406253    -0.81446797     0.00000000     0.00000000
      8     0.00560550    -0.81478919     1.42436511     0.00000000     0.00000000
      9    -1.64051234     0.02988822     0.02355330     0.00000000     0.00000000
     10     0.00000000     0.00000000     0.00000000     0.20751179     0.00002938
     11     0.00000000     0.00000000     0.00000000     0.00000000    -0.03136554
     12     0.00000000     0.00000000     0.00000000     0.00000000     0.16752433
     13     0.00000000     0.00000000     0.00000000     0.20751179    -0.00004791
     14     0.00000000     0.00000000     0.00000000     0.00000000    -0.98536886
     15     0.00000000     0.00000000     0.00000000     0.20751179     0.00001853
                11             12             13             14             15
      1     0.00000000     0.00000000     0.00000000     0.00000000    -0.69029975
      2     0.00000000     0.00000000     0.00000000     0.00000000    -4.60161181
      3     0.00000000     0.00000000     0.00000000     0.00000000     1.67963090
      4     0.00000000     0.00000000     0.00000000     0.00000000     0.00000000
      5     0.00000000     0.00000000     0.00000000     0.00000000     0.00000000
      6     0.00000000     0.00000000     0.00000000     0.00000000     0.00000000
      7     0.00000000     0.00000000     0.00000000     0.00000000     0.00000000
      8     0.00000000     0.00000000     0.00000000     0.00000000     0.00000000
      9     0.00000000     0.00000000     0.00000000     0.00000000     0.00000000
     10     0.00004623    -0.00068084    -0.36045902     0.93277480     1.44966520
     11    -0.99711056    -0.06918593    -0.00018045    -0.00006983     0.00000000
     12    -0.07348533     0.98312506     0.00015559     0.00077608     0.00000000
     13     0.00011889     0.00073096    -0.62757735    -0.77855386     1.44966520
     14     0.01924592     0.16934509     0.00005776     0.00017601     0.00000000
     15    -0.00016512    -0.00005012     0.98803637    -0.15422094     1.44966520

           ---------------------------------------
            Hartree-Fock orbital energies         
           ---------------------------------------
                 1
      1   -32.76543809
      2    -1.91902420
      3    -0.83229464
      4    -0.83229464
      5    -0.83229464
      6     1.69441608
      7     1.69441608
      8     1.69441608
      9     1.99059140
     10     5.19641105
     11     5.19641105
     12     5.19641105
     13     5.19641105
     14     5.19641105
     15    10.38333980

                                         Total CPU time for HF =      0.052 seconds

                    Total CPU time for AO to MO transformation =      0.045 seconds


                             The number of occupied orbitals is:     5                            . The number of virtual orbitals is:    10

---------------
CIS EXCITATIONS
---------------

Excitation    1:    1 ->    6
Excitation    2:    1 ->    7
Excitation    3:    1 ->    8
Excitation    4:    1 ->    9
Excitation    5:    1 ->   10
Excitation    6:    1 ->   11
Excitation    7:    1 ->   12
Excitation    8:    1 ->   13
Excitation    9:    1 ->   14
Excitation   10:    1 ->   15
Excitation   11:    2 ->    6
Excitation   12:    2 ->    7
Excitation   13:    2 ->    8
Excitation   14:    2 ->    9
Excitation   15:    2 ->   10
Excitation   16:    2 ->   11
Excitation   17:    2 ->   12
Excitation   18:    2 ->   13
Excitation   19:    2 ->   14
Excitation   20:    2 ->   15
Excitation   21:    3 ->    6
Excitation   22:    3 ->    7
Excitation   23:    3 ->    8
Excitation   24:    3 ->    9
Excitation   25:    3 ->   10
Excitation   26:    3 ->   11
Excitation   27:    3 ->   12
Excitation   28:    3 ->   13
Excitation   29:    3 ->   14
Excitation   30:    3 ->   15
Excitation   31:    4 ->    6
Excitation   32:    4 ->    7
Excitation   33:    4 ->    8
Excitation   34:    4 ->    9
Excitation   35:    4 ->   10
Excitation   36:    4 ->   11
Excitation   37:    4 ->   12
Excitation   38:    4 ->   13
Excitation   39:    4 ->   14
Excitation   40:    4 ->   15
Excitation   41:    5 ->    6
Excitation   42:    5 ->    7
Excitation   43:    5 ->    8
Excitation   44:    5 ->    9
Excitation   45:    5 ->   10
Excitation   46:    5 ->   11
Excitation   47:    5 ->   12
Excitation   48:    5 ->   13
Excitation   49:    5 ->   14
Excitation   50:    5 ->   15

 Building CIS matrix...

 Diagonalizing CIS matrix...

-----------------------
CIS EXCITATION ENERGIES
-----------------------

State    1:    1.80108 hartree       49.00991 eV
 5 ->  6:    0.99375  ( c=   0.94126 )
 5 ->  7:    0.01770  ( c=  -0.12563 )
 5 ->  8:    0.11018  ( c=   0.31342 )

State    2:    1.80108 hartree       49.00991 eV
 5 ->  6:    0.15895  ( c=   0.32117 )
 5 ->  7:    0.59162  ( c=   0.61961 )
 5 ->  8:    0.79039  ( c=  -0.71618 )

State    3:    1.80108 hartree       49.00991 eV
 5 ->  6:    0.01519  ( c=   0.10423 )
 5 ->  7:    0.83920  ( c=  -0.77478 )
 5 ->  8:    0.54361  ( c=  -0.62357 )

State    4:    1.81811 hartree       49.47323 eV
 5 ->  9:    1.00000  ( c=  -0.99913 )

State    5:    1.81811 hartree       49.47323 eV
 5 -> 10:    0.02292  ( c=  -0.14708 )
 5 -> 11:    0.99904  ( c=   0.97115 )
 5 -> 12:    0.03730  ( c=  -0.18766 )

State    6:    1.81811 hartree       49.47323 eV
 5 -> 11:    0.04218  ( c=  -0.20063 )
 5 -> 12:    0.99909  ( c=  -0.97647 )

State    7:    1.81811 hartree       49.47323 eV
 5 -> 10:    0.99979  ( c=   0.98597 )
 5 -> 11:    0.01706  ( c=   0.12881 )
 5 -> 12:    0.01160  ( c=  -0.10620 )

State    8:    1.81811 hartree       49.47323 eV
 5 -> 13:    0.99605  ( c=   0.95818 )
 5 -> 14:    0.08884  ( c=   0.28616 )

State    9:    2.16750 hartree       58.98084 eV
 5 -> 13:    0.08884  ( c=  -0.28616 )
 5 -> 14:    0.99605  ( c=   0.95816 )

State   10:    2.16750 hartree       58.98084 eV
 5 -> 15:    1.00000  ( c=   0.99913 )

State   11:    2.16750 hartree       58.98084 eV
 2 ->  8:    0.99908  ( c=   0.97804 )
 2 ->  9:    0.04279  ( c=   0.20240 )

State   12:    2.56849 hartree       69.89226 eV
 2 ->  8:    0.04301  ( c=   0.19288 )
 2 ->  9:    0.99207  ( c=  -0.92640 )
 2 -> 10:    0.11805  ( c=  -0.31957 )

State   13:    2.92323 hartree       79.54526 eV
 2 ->  9:    0.10919  ( c=  -0.31363 )
 2 -> 10:    0.99401  ( c=   0.94626 )

State   14:    2.92323 hartree       79.54526 eV
 2 ->  7:    0.09966  ( c=  -0.30173 )
 2 -> 11:    0.99502  ( c=   0.95339 )

State   15:    2.92323 hartree       79.54526 eV
 4 ->  7:    0.62240  ( c=  -0.61993 )
 4 ->  8:    0.25822  ( c=  -0.39930 )
 4 ->  9:    0.73888  ( c=  -0.67545 )

State   16:    3.45850 hartree       94.11058 eV
 4 ->  7:    0.34452  ( c=   0.51790 )
 4 ->  8:    0.93878  ( c=  -0.85491 )

State   17:    5.13113 hartree      139.62523 eV
 4 ->  7:    0.53145  ( c=   0.58946 )
 4 ->  8:    0.16776  ( c=   0.33118 )
 4 ->  9:    0.83031  ( c=  -0.73678 )

State   18:    5.13113 hartree      139.62523 eV
 4 -> 10:    0.99758  ( c=   0.96688 )
 4 -> 11:    0.06951  ( c=   0.25523 )

State   19:    5.13113 hartree      139.62523 eV
 4 -> 10:    0.06951  ( c=  -0.25523 )
 4 -> 11:    0.99758  ( c=   0.96688 )

State   20:    5.13113 hartree      139.62523 eV
 4 -> 15:    1.00000  ( c=  -0.99960 )

State   21:    5.13113 hartree      139.62523 eV
 1 ->  7:    0.80772  ( c=  -0.65199 )
 1 ->  8:    0.13291  ( c=  -0.26447 )
 1 ->  9:    0.04043  ( c=  -0.14588 )
 1 -> 10:    0.12864  ( c=   0.26020 )
 1 -> 11:    0.51161  ( c=  -0.51890 )
 1 -> 12:    0.05612  ( c=  -0.17185 )
 1 -> 13:    0.21638  ( c=  -0.33746 )

State   22:    5.13755 hartree      139.79994 eV
 1 ->  6:    0.06363  ( c=   0.16035 )
 1 ->  7:    0.08185  ( c=  -0.18187 )
 1 ->  8:    0.20606  ( c=   0.28857 )
 1 ->  9:    0.16491  ( c=  -0.25816 )
 1 -> 10:    0.02128  ( c=  -0.09274 )
 1 -> 11:    0.48530  ( c=   0.44285 )
 1 -> 12:    0.53655  ( c=  -0.46565 )
 1 -> 13:    0.32446  ( c=  -0.36210 )
 2 ->  7:    0.53627  ( c=  -0.46552 )
 2 -> 11:    0.05375  ( c=  -0.14738 )

State   23:    5.13755 hartree      139.79994 eV
 1 ->  6:    0.14636  ( c=  -0.25923 )
 1 ->  7:    0.06282  ( c=   0.16983 )
 1 ->  8:    0.58124  ( c=  -0.51659 )
 1 -> 10:    0.07833  ( c=  -0.18964 )
 1 -> 11:    0.03961  ( c=   0.13486 )
 1 -> 12:    0.42534  ( c=   0.44191 )
 1 -> 13:    0.64433  ( c=  -0.54390 )
 2 ->  7:    0.18079  ( c=  -0.28811 )
 2 -> 11:    0.01812  ( c=  -0.09121 )

State   24:    5.13755 hartree      139.79994 eV
 1 -> 15:    1.00000  ( c=  -0.99861 )

State   25:    5.13755 hartree      139.79994 eV
 2 -> 12:    0.61582  ( c=   0.58356 )
 2 -> 13:    0.53370  ( c=   0.54326 )
 3 ->  7:    0.57870  ( c=  -0.56570 )
 3 -> 10:    0.01957  ( c=  -0.10403 )
 3 -> 13:    0.01017  ( c=   0.07499 )
 4 ->  6:    0.02056  ( c=   0.10664 )

State   26:    5.13755 hartree      139.79994 eV
 2 -> 12:    0.01568  ( c=   0.08340 )
 2 -> 14:    0.17659  ( c=  -0.27990 )
 2 -> 15:    0.19132  ( c=  -0.29134 )
 3 ->  7:    0.01497  ( c=   0.08150 )
 3 ->  8:    0.03143  ( c=   0.11809 )
 3 ->  9:    0.57759  ( c=   0.50621 )
 3 -> 10:    0.11592  ( c=  -0.22678 )
 3 -> 11:    0.42454  ( c=   0.43399 )
 3 -> 12:    0.01930  ( c=   0.09253 )
 3 -> 13:    0.01393  ( c=  -0.07862 )
 3 -> 15:    0.63417  ( c=  -0.53043 )
 4 ->  6:    0.02516  ( c=  -0.10566 )

State   27:    5.13755 hartree      139.79994 eV
 2 -> 12:    0.01878  ( c=  -0.08664 )
 2 -> 13:    0.03793  ( c=  -0.12313 )
 3 ->  6:    0.40523  ( c=   0.40248 )
 3 ->  7:    0.01676  ( c=   0.08185 )
 3 ->  8:    0.04600  ( c=   0.13560 )
 3 ->  9:    0.16858  ( c=  -0.25960 )
 3 -> 10:    0.59183  ( c=  -0.48641 )
 3 -> 11:    0.03424  ( c=   0.11700 )
 3 -> 12:    0.13997  ( c=  -0.23655 )
 3 -> 13:    0.31765  ( c=   0.35635 )
 3 -> 14:    0.11839  ( c=   0.21754 )
 3 -> 15:    0.04093  ( c=  -0.12792 )
 4 ->  6:    0.56174  ( c=   0.47388 )

State   28:    5.13755 hartree      139.79994 eV
 2 -> 14:    0.53822  ( c=   0.51647 )
 2 -> 15:    0.60710  ( c=  -0.54853 )
 3 ->  8:    0.56148  ( c=  -0.52751 )
 3 -> 10:    0.01411  ( c=  -0.08361 )
 3 -> 12:    0.13511  ( c=  -0.25877 )
 3 -> 13:    0.02646  ( c=  -0.11452 )
 3 -> 14:    0.07540  ( c=   0.19331 )
 4 ->  6:    0.03885  ( c=  -0.13876 )

State   29:    5.72829 hartree      155.87467 eV
 2 -> 14:    0.10024  ( c=   0.22067 )
 2 -> 15:    0.06946  ( c=  -0.18369 )
 3 ->  6:    0.02664  ( c=   0.11376 )
 3 ->  8:    0.08331  ( c=  -0.20117 )
 3 -> 12:    0.61772  ( c=   0.54780 )
 3 -> 13:    0.44159  ( c=   0.46317 )
 3 -> 14:    0.62858  ( c=  -0.55260 )
 4 ->  6:    0.07533  ( c=   0.19130 )

State   30:    5.72829 hartree      155.87467 eV
 4 -> 14:    1.00000  ( c=  -0.99870 )

State   31:    5.72829 hartree      155.87467 eV
 1 ->  6:    0.01631  ( c=  -0.09415 )
 1 ->  7:    0.01356  ( c=  -0.08586 )
 1 ->  9:    0.69004  ( c=   0.61246 )
 1 -> 10:    0.47884  ( c=   0.51020 )
 1 -> 13:    0.04170  ( c=   0.15056 )
 2 ->  7:    0.53799  ( c=  -0.54080 )
 2 -> 11:    0.05392  ( c=  -0.17120 )

State   32:    6.29680 hartree      171.34463 eV
 1 ->  6:    0.15813  ( c=   0.28372 )
 1 ->  7:    0.79711  ( c=   0.63702 )
 1 ->  9:    0.20274  ( c=  -0.32127 )
 1 -> 10:    0.50972  ( c=   0.50940 )
 1 -> 11:    0.17680  ( c=  -0.30001 )
 1 -> 12:    0.01946  ( c=  -0.09954 )
 1 -> 13:    0.08240  ( c=  -0.20482 )
 2 ->  7:    0.01630  ( c=  -0.09111 )

State   33:    6.29680 hartree      171.34463 eV
 1 ->  6:    0.76721  ( c=  -0.56561 )
 1 ->  7:    0.16441  ( c=   0.26183 )
 1 ->  8:    0.25970  ( c=   0.32907 )
 1 ->  9:    0.19256  ( c=   0.28336 )
 1 -> 10:    0.13558  ( c=  -0.23777 )
 1 -> 11:    0.32848  ( c=  -0.37009 )
 1 -> 12:    0.32246  ( c=  -0.36668 )
 1 -> 13:    0.22261  ( c=  -0.30467 )

State   34:    6.29680 hartree      171.34463 eV
 1 -> 14:    1.00000  ( c=  -0.99863 )

State   35:    6.29680 hartree      171.34463 eV
 2 -> 13:    0.02110  ( c=   0.09597 )
 2 -> 14:    0.12386  ( c=   0.23255 )
 2 -> 15:    0.25016  ( c=   0.33050 )
 3 ->  7:    0.01239  ( c=  -0.07355 )
 3 ->  8:    0.08458  ( c=  -0.19217 )
 3 ->  9:    0.62039  ( c=  -0.52046 )
 3 -> 10:    0.05809  ( c=   0.15926 )
 3 -> 11:    0.39483  ( c=   0.41520 )
 3 -> 13:    0.03429  ( c=  -0.12236 )
 3 -> 14:    0.04084  ( c=  -0.13353 )
 3 -> 15:    0.60532  ( c=  -0.51410 )
 4 ->  6:    0.02848  ( c=  -0.11151 )

State   36:    6.29680 hartree      171.34463 eV
 2 -> 12:    0.87193  ( c=  -0.76475 )
 2 -> 13:    0.07070  ( c=   0.21777 )
 3 ->  7:    0.48382  ( c=  -0.56967 )
 3 -> 12:    0.01077  ( c=   0.08501 )
 3 -> 14:    0.01824  ( c=   0.11062 )

State   37:   10.25609 hartree      279.08248 eV
 2 -> 12:    0.02143  ( c=  -0.09357 )
 2 -> 13:    0.03518  ( c=   0.11988 )
 2 -> 14:    0.26523  ( c=  -0.32918 )
 2 -> 15:    0.13738  ( c=   0.23691 )
 3 ->  8:    0.67811  ( c=  -0.52635 )
 3 ->  9:    0.03801  ( c=   0.12462 )
 3 -> 10:    0.09976  ( c=  -0.20188 )
 3 -> 12:    0.33328  ( c=  -0.36900 )
 3 -> 13:    0.12582  ( c=  -0.22673 )
 3 -> 14:    0.53687  ( c=  -0.46834 )
 3 -> 15:    0.01537  ( c=   0.07924 )
 4 ->  6:    0.14968  ( c=   0.24729 )

State   38:   10.25609 hartree      279.08248 eV
 2 -> 14:    0.03431  ( c=   0.13113 )
 3 ->  6:    0.03188  ( c=  -0.12640 )
 3 -> 10:    0.03031  ( c=  -0.12325 )
 3 -> 11:    0.08713  ( c=  -0.20898 )
 3 -> 12:    0.38990  ( c=   0.44207 )
 3 -> 13:    0.65913  ( c=  -0.57478 )
 3 -> 14:    0.08528  ( c=   0.20675 )
 3 -> 15:    0.04465  ( c=  -0.14960 )
 4 ->  6:    0.62733  ( c=   0.56074 )

State   39:   10.25609 hartree      279.08248 eV
 2 -> 15:    0.04283  ( c=  -0.16669 )
 3 ->  6:    0.92911  ( c=  -0.77636 )
 3 ->  9:    0.15507  ( c=  -0.31718 )
 3 -> 10:    0.33000  ( c=  -0.46269 )
 3 -> 13:    0.03876  ( c=   0.15857 )
 3 -> 14:    0.01665  ( c=  -0.10392 )

State   40:   11.44494 hartree      311.43281 eV
 4 -> 13:    1.00000  ( c=   0.99935 )

State   41:   33.39171 hartree      908.63508 eV
 1 ->  6:    0.76164  ( c=   0.59712 )
 1 ->  7:    0.03365  ( c=   0.12550 )
 1 ->  8:    0.24717  ( c=  -0.34016 )
 1 ->  9:    0.39905  ( c=   0.43221 )
 1 -> 10:    0.39322  ( c=  -0.42905 )
 1 -> 11:    0.09786  ( c=  -0.21404 )
 1 -> 12:    0.18437  ( c=  -0.29379 )
 2 ->  7:    0.01551  ( c=  -0.08521 )

State   42:   33.39171 hartree      908.63508 eV
 1 ->  6:    0.30167  ( c=   0.36050 )
 1 ->  7:    0.02118  ( c=  -0.09553 )
 1 ->  8:    0.53983  ( c=   0.48225 )
 1 ->  9:    0.23296  ( c=   0.31679 )
 1 -> 10:    0.01414  ( c=   0.07804 )
 1 -> 12:    0.39460  ( c=   0.41230 )
 1 -> 13:    0.61159  ( c=  -0.51330 )
 2 ->  7:    0.18039  ( c=   0.27877 )
 2 -> 11:    0.01808  ( c=   0.08825 )

State   43:   33.39171 hartree      908.63508 eV
 1 ->  6:    0.02779  ( c=   0.10633 )
 1 ->  7:    0.01573  ( c=  -0.07998 )
 1 ->  8:    0.30151  ( c=   0.35020 )
 1 ->  9:    0.16189  ( c=  -0.25661 )
 1 -> 10:    0.29804  ( c=  -0.34818 )
 1 -> 11:    0.59197  ( c=  -0.49070 )
 1 -> 12:    0.38045  ( c=   0.39338 )
 1 -> 13:    0.09162  ( c=   0.19305 )
 2 ->  7:    0.53534  ( c=  -0.46664 )
 2 -> 11:    0.05365  ( c=  -0.14773 )

State   44:   33.84404 hartree      920.94381 eV
 2 ->  6:    1.00000  ( c=   0.99867 )

State   45:   36.70470 hartree      998.78635 eV
 2 -> 13:    0.04463  ( c=  -0.13856 )
 3 ->  6:    0.37564  ( c=  -0.40198 )
 3 ->  7:    0.01881  ( c=  -0.08994 )
 3 ->  8:    0.01393  ( c=  -0.07740 )
 3 ->  9:    0.09842  ( c=   0.20576 )
 3 -> 10:    0.65329  ( c=   0.53011 )
 3 -> 11:    0.05129  ( c=   0.14854 )
 3 -> 12:    0.18375  ( c=  -0.28115 )
 3 -> 13:    0.20588  ( c=   0.29759 )
 3 -> 14:    0.03608  ( c=   0.12457 )
 3 -> 15:    0.05898  ( c=  -0.15928 )
 4 ->  6:    0.57993  ( c=   0.49946 )

State   46:   36.70470 hartree      998.78635 eV
 2 -> 12:    0.03922  ( c=  -0.13213 )
 2 -> 13:    0.01954  ( c=   0.09327 )
 2 -> 14:    0.18927  ( c=   0.29026 )
 2 -> 15:    0.18051  ( c=  -0.28347 )
 3 ->  8:    0.69900  ( c=   0.55782 )
 3 ->  9:    0.01348  ( c=  -0.07746 )
 3 -> 10:    0.02356  ( c=   0.10241 )
 3 -> 12:    0.23686  ( c=  -0.32471 )
 3 -> 13:    0.19596  ( c=  -0.29535 )
 3 -> 14:    0.58563  ( c=  -0.51058 )
 4 ->  6:    0.05317  ( c=   0.15384 )

State   47:   36.70470 hartree      998.78635 eV
 2 -> 12:    0.04681  ( c=   0.17754 )
 2 -> 13:    0.87529  ( c=  -0.76777 )
 3 ->  7:    0.47962  ( c=  -0.56834 )
 3 -> 10:    0.01234  ( c=  -0.09115 )
 3 -> 13:    0.02288  ( c=  -0.12412 )
 3 -> 14:    0.03016  ( c=  -0.14253 )

State   48:   36.70470 hartree      998.78635 eV
 2 -> 14:    0.51133  ( c=  -0.45476 )
 2 -> 15:    0.46136  ( c=  -0.43197 )
 3 ->  8:    0.01422  ( c=  -0.07585 )
 3 ->  9:    0.38797  ( c=  -0.39613 )
 3 -> 10:    0.09763  ( c=   0.19872 )
 3 -> 11:    0.48730  ( c=   0.44395 )
 3 -> 12:    0.06864  ( c=   0.16662 )
 3 -> 13:    0.03688  ( c=  -0.12213 )
 3 -> 15:    0.34523  ( c=   0.37367 )
 4 ->  6:    0.05167  ( c=   0.14457 )

State   49:   36.70470 hartree      998.78635 eV
 2 -> 14:    0.26901  ( c=   0.35286 )
 2 -> 15:    0.25376  ( c=   0.34271 )
 3 ->  6:    0.06371  ( c=  -0.17173 )
 3 ->  8:    0.01381  ( c=   0.07995 )
 3 ->  9:    0.14682  ( c=   0.26069 )
 3 -> 10:    0.12445  ( c=  -0.24001 )
 3 -> 11:    0.75321  ( c=   0.59045 )
 3 -> 12:    0.01873  ( c=   0.09310 )
 3 -> 15:    0.50420  ( c=   0.48309 )

State   50:   41.65475 hartree     1133.48415 eV
 4 -> 12:    1.00000  ( c=  -0.99840 )


                     Total CPU time for CIS energy calculation =      0.140 seconds


----------------
TDHF EXCITATIONS
----------------

Excitation    1:    1 ->    6
Excitation    2:    1 ->    7
Excitation    3:    1 ->    8
Excitation    4:    1 ->    9
Excitation    5:    1 ->   10
Excitation    6:    1 ->   11
Excitation    7:    1 ->   12
Excitation    8:    1 ->   13
Excitation    9:    1 ->   14
Excitation   10:    1 ->   15
Excitation   11:    2 ->    6
Excitation   12:    2 ->    7
Excitation   13:    2 ->    8
Excitation   14:    2 ->    9
Excitation   15:    2 ->   10
Excitation   16:    2 ->   11
Excitation   17:    2 ->   12
Excitation   18:    2 ->   13
Excitation   19:    2 ->   14
Excitation   20:    2 ->   15
Excitation   21:    3 ->    6
Excitation   22:    3 ->    7
Excitation   23:    3 ->    8
Excitation   24:    3 ->    9
Excitation   25:    3 ->   10
Excitation   26:    3 ->   11
Excitation   27:    3 ->   12
Excitation   28:    3 ->   13
Excitation   29:    3 ->   14
Excitation   30:    3 ->   15
Excitation   31:    4 ->    6
Excitation   32:    4 ->    7
Excitation   33:    4 ->    8
Excitation   34:    4 ->    9
Excitation   35:    4 ->   10
Excitation   36:    4 ->   11
Excitation   37:    4 ->   12
Excitation   38:    4 ->   13
Excitation   39:    4 ->   14
Excitation   40:    4 ->   15
Excitation   41:    5 ->    6
Excitation   42:    5 ->    7
Excitation   43:    5 ->    8
Excitation   44:    5 ->    9
Excitation   45:    5 ->   10
Excitation   46:    5 ->   11
Excitation   47:    5 ->   12
Excitation   48:    5 ->   13
Excitation   49:    5 ->   14
Excitation   50:    5 ->   15

 Constructing A matrix ...

 Constructing B matrix ...

 Calculating (A-B)**0.5 ...

 Building C matrix ...

 Diagonalizing C matrix ...

------------------------
TDHF EXCITATION ENERGIES
------------------------

State    1:    1.79597 hartree       48.87086 eV
 5 ->  6:    0.07262  ( c=  -0.24739 )
 5 ->  7:    0.12437  ( c=   0.32375 )
 5 ->  8:    0.98957  ( c=  -0.91322 )

State    2:    1.79597 hartree       48.87086 eV
 5 ->  6:    0.02353  ( c=  -0.14205 )
 5 ->  7:    0.98761  ( c=   0.92022 )
 5 ->  8:    0.15513  ( c=   0.36471 )

State    3:    1.79597 hartree       48.87086 eV
 5 ->  6:    0.99797  ( c=  -0.95844 )
 5 ->  7:    0.05256  ( c=  -0.21995 )
 5 ->  8:    0.03585  ( c=   0.18167 )

State    4:    1.81569 hartree       49.40746 eV
 5 ->  9:    1.00000  ( c=  -0.99913 )

State    5:    1.81569 hartree       49.40746 eV
 5 -> 10:    0.01042  ( c=  -0.10085 )
 5 -> 11:    0.01470  ( c=   0.11974 )
 5 -> 12:    0.99984  ( c=   0.98766 )

State    6:    1.81569 hartree       49.40746 eV
 5 -> 10:    0.22111  ( c=  -0.42501 )
 5 -> 11:    0.97484  ( c=   0.89240 )
 5 -> 12:    0.02813  ( c=  -0.15159 )

State    7:    1.81569 hartree       49.40746 eV
 5 -> 10:    0.97371  ( c=   0.89955 )
 5 -> 11:    0.22777  ( c=   0.43506 )

State    8:    1.81569 hartree       49.40746 eV
 5 -> 13:    0.97484  ( c=  -0.90215 )
 5 -> 14:    0.22293  ( c=  -0.43141 )

State    9:    2.16616 hartree       58.94430 eV
 5 -> 13:    0.22292  ( c=  -0.43141 )
 5 -> 14:    0.97484  ( c=   0.90215 )

State   10:    2.16616 hartree       58.94430 eV
 5 -> 15:    1.00000  ( c=  -0.99913 )

State   11:    2.16616 hartree       58.94430 eV
 2 ->  8:    0.96118  ( c=   0.86544 )
 2 ->  9:    0.27177  ( c=   0.46018 )
 2 -> 10:    0.04758  ( c=  -0.19255 )

State   12:    2.46511 hartree       67.07922 eV
 2 ->  8:    0.38749  ( c=   0.48017 )
 2 ->  9:    0.74096  ( c=  -0.66400 )
 2 -> 10:    0.54847  ( c=   0.57128 )

State   13:    2.92099 hartree       79.48419 eV
 2 ->  8:    0.02530  ( c=   0.13519 )
 2 ->  9:    0.47777  ( c=  -0.58750 )
 2 -> 10:    0.87812  ( c=  -0.79649 )

State   14:    2.92099 hartree       79.48419 eV
 2 ->  7:    0.04606  ( c=  -0.20993 )
 2 -> 11:    0.99894  ( c=   0.97770 )

State   15:    2.92099 hartree       79.48419 eV
 4 ->  7:    0.99035  ( c=   0.93628 )
 4 ->  8:    0.13860  ( c=  -0.35026 )

State   16:    3.39500 hartree       92.38264 eV
 4 ->  7:    0.13535  ( c=  -0.34297 )
 4 ->  8:    0.99049  ( c=  -0.92777 )
 4 ->  9:    0.02487  ( c=   0.14700 )

State   17:    5.13038 hartree      139.60484 eV
 4 ->  7:    0.00587  ( c=   0.07578 )
 4 ->  8:    0.01693  ( c=   0.12865 )
 4 ->  9:    0.99984  ( c=   0.98879 )

State   18:    5.13038 hartree      139.60484 eV
 4 -> 10:    0.99782  ( c=   0.96847 )
 4 -> 11:    0.06601  ( c=   0.24910 )

State   19:    5.13038 hartree      139.60484 eV
 4 -> 10:    0.06601  ( c=  -0.24910 )
 4 -> 11:    0.99782  ( c=   0.96847 )

State   20:    5.13038 hartree      139.60484 eV
 4 -> 15:    1.00000  ( c=  -0.99984 )

State   21:    5.13038 hartree      139.60484 eV
 1 ->  6:    0.03134  ( c=   0.13689 )
 1 ->  7:    0.11702  ( c=   0.26452 )
 1 ->  8:    0.67958  ( c=   0.63744 )
 1 ->  9:    0.02427  ( c=   0.12047 )
 1 -> 10:    0.05928  ( c=  -0.18826 )
 1 -> 11:    0.71991  ( c=  -0.65608 )
 1 -> 12:    0.03299  ( c=  -0.14046 )
 2 ->  7:    0.00529  ( c=   0.05623 )

State   22:    5.13639 hartree      139.76845 eV
 1 ->  6:    0.07445  ( c=   0.19542 )
 1 ->  7:    0.16216  ( c=  -0.28842 )
 1 ->  8:    0.04033  ( c=   0.14383 )
 1 ->  9:    0.25390  ( c=  -0.36090 )
 1 -> 10:    0.08638  ( c=  -0.21051 )
 1 -> 11:    0.03110  ( c=  -0.12631 )
 1 -> 12:    0.83404  ( c=   0.65411 )
 2 ->  7:    0.44452  ( c=  -0.47753 )
 2 -> 11:    0.02051  ( c=  -0.10259 )

State   23:    5.13639 hartree      139.76845 eV
 1 ->  6:    0.14788  ( c=  -0.28972 )
 1 ->  7:    0.46972  ( c=   0.51635 )
 1 ->  8:    0.02176  ( c=  -0.11113 )
 1 ->  9:    0.02408  ( c=   0.11691 )
 1 -> 12:    0.08406  ( c=   0.21843 )
 1 -> 13:    0.85185  ( c=  -0.69535 )
 2 ->  7:    0.15388  ( c=  -0.29554 )
 2 -> 11:    0.00710  ( c=  -0.06349 )

State   24:    5.13639 hartree      139.76845 eV
 1 -> 15:    0.21207  ( c=   0.42175 )
 2 ->  6:    0.97725  ( c=  -0.90536 )

State   25:    5.13639 hartree      139.76845 eV
 2 -> 12:    0.15742  ( c=   0.31558 )
 2 -> 13:    0.84835  ( c=   0.73261 )
 2 -> 15:    0.00533  ( c=  -0.05806 )
 3 ->  7:    0.50442  ( c=  -0.56491 )
 3 ->  8:    0.01974  ( c=   0.11175 )
 3 -> 12:    0.01334  ( c=  -0.09188 )
 3 -> 14:    0.02150  ( c=  -0.11663 )

State   26:    5.13639 hartree      139.76845 eV
 2 -> 12:    0.01738  ( c=   0.08969 )
 2 -> 14:    0.35181  ( c=   0.40354 )
 3 ->  7:    0.01313  ( c=   0.07794 )
 3 ->  8:    0.55878  ( c=   0.50856 )
 3 ->  9:    0.13152  ( c=  -0.24673 )
 3 -> 11:    0.42624  ( c=  -0.44417 )
 3 -> 12:    0.01746  ( c=   0.08990 )
 3 -> 14:    0.03891  ( c=   0.13420 )
 3 -> 15:    0.60227  ( c=  -0.52798 )

State   27:    5.13639 hartree      139.76845 eV
 2 -> 13:    0.04650  ( c=  -0.14569 )
 2 -> 15:    0.35454  ( c=  -0.40231 )
 3 ->  7:    0.01509  ( c=   0.08301 )
 3 ->  8:    0.12850  ( c=   0.24220 )
 3 ->  9:    0.59168  ( c=   0.51972 )
 3 -> 11:    0.01750  ( c=  -0.08939 )
 3 -> 12:    0.39762  ( c=  -0.42605 )
 3 -> 14:    0.58746  ( c=  -0.51787 )
 3 -> 15:    0.04228  ( c=  -0.13892 )

State   28:    5.13639 hartree      139.76845 eV
 2 -> 14:    0.00849  ( c=   0.07340 )
 3 ->  6:    0.88834  ( c=   0.75064 )
 3 ->  8:    0.00740  ( c=  -0.06852 )
 3 -> 10:    0.42862  ( c=   0.52141 )
 3 -> 13:    0.14119  ( c=  -0.29926 )
 4 ->  6:    0.08368  ( c=   0.23039 )

State   29:    5.68755 hartree      154.76625 eV
 2 -> 15:    0.01945  ( c=  -0.10884 )
 3 ->  6:    0.13704  ( c=   0.28889 )
 3 ->  9:    0.01263  ( c=  -0.08769 )
 3 -> 10:    0.07384  ( c=   0.21206 )
 3 -> 12:    0.02197  ( c=  -0.11566 )
 3 -> 13:    0.81234  ( c=   0.70336 )
 4 ->  6:    0.56111  ( c=  -0.58457 )

State   30:    5.68755 hartree      154.76625 eV
 4 -> 14:    1.00000  ( c=   0.99969 )

State   31:    5.68755 hartree      154.76625 eV
 1 ->  6:    0.00957  ( c=  -0.07385 )
 1 ->  8:    0.01892  ( c=   0.10381 )
 1 ->  9:    0.24855  ( c=  -0.37629 )
 1 -> 10:    0.06682  ( c=  -0.19510 )
 1 -> 11:    0.04387  ( c=   0.15809 )
 1 -> 12:    0.79935  ( c=  -0.67482 )
 2 ->  7:    0.54019  ( c=  -0.55474 )
 2 -> 11:    0.02493  ( c=  -0.11917 )

State   32:    6.29592 hartree      171.32074 eV
 1 ->  6:    0.03139  ( c=   0.14266 )
 1 ->  8:    0.71856  ( c=  -0.68260 )
 1 ->  9:    0.03591  ( c=  -0.15259 )
 1 -> 10:    0.01788  ( c=   0.10769 )
 1 -> 11:    0.69275  ( c=  -0.67022 )
 1 -> 12:    0.03157  ( c=  -0.14308 )
 2 ->  7:    0.01347  ( c=  -0.09345 )

State   33:    6.29592 hartree      171.32074 eV
 1 ->  6:    0.65854  ( c=  -0.60788 )
 1 ->  7:    0.19359  ( c=  -0.32959 )
 1 ->  8:    0.03316  ( c=  -0.13640 )
 1 ->  9:    0.12895  ( c=   0.26899 )
 1 -> 10:    0.71335  ( c=  -0.63267 )
 1 -> 11:    0.04704  ( c=  -0.16247 )

State   34:    6.29592 hartree      171.32074 eV
 1 -> 15:    0.97725  ( c=  -0.90536 )
 2 ->  6:    0.21207  ( c=  -0.42175 )

State   35:    6.29592 hartree      171.32074 eV
 2 -> 13:    0.02497  ( c=   0.10475 )
 2 -> 14:    0.36911  ( c=  -0.40277 )
 3 ->  7:    0.01406  ( c=  -0.07862 )
 3 ->  8:    0.55216  ( c=  -0.49262 )
 3 ->  9:    0.19629  ( c=   0.29372 )
 3 -> 10:    0.01439  ( c=   0.07952 )
 3 -> 11:    0.39605  ( c=  -0.41721 )
 3 -> 12:    0.02962  ( c=   0.11410 )
 3 -> 14:    0.06182  ( c=   0.16483 )
 3 -> 15:    0.59802  ( c=  -0.51267 )
 4 ->  6:    0.01059  ( c=  -0.06821 )

State   36:    6.29592 hartree      171.32074 eV
 2 -> 12:    0.88556  ( c=  -0.78792 )
 2 -> 13:    0.01661  ( c=  -0.10791 )
 3 ->  7:    0.46340  ( c=  -0.56997 )
 3 ->  8:    0.00713  ( c=   0.07072 )
 3 -> 13:    0.01386  ( c=   0.09856 )
 4 ->  6:    0.02129  ( c=   0.12216 )

State   37:   10.25564 hartree      279.07026 eV
 2 -> 12:    0.03630  ( c=  -0.13384 )
 2 -> 13:    0.01093  ( c=   0.07344 )
 3 ->  6:    0.32950  ( c=  -0.40324 )
 3 ->  7:    0.00730  ( c=   0.06003 )
 3 ->  8:    0.00766  ( c=   0.06147 )
 3 -> 10:    0.63582  ( c=   0.56014 )
 3 -> 13:    0.40548  ( c=  -0.44732 )
 3 -> 14:    0.00654  ( c=  -0.05683 )
 3 -> 15:    0.00813  ( c=   0.06335 )
 4 ->  6:    0.56662  ( c=  -0.52879 )

State   38:   10.25564 hartree      279.07026 eV
 2 -> 14:    0.00803  ( c=  -0.07179 )
 2 -> 15:    0.02615  ( c=   0.12958 )
 3 ->  6:    0.01787  ( c=   0.10713 )
 3 ->  8:    0.01093  ( c=   0.08378 )
 3 -> 10:    0.01178  ( c=   0.08696 )
 3 -> 11:    0.04155  ( c=   0.16335 )
 3 -> 12:    0.83260  ( c=   0.73121 )
 3 -> 13:    0.01316  ( c=   0.09194 )
 3 -> 14:    0.54937  ( c=  -0.59396 )
 3 -> 15:    0.04163  ( c=  -0.16350 )

State   39:   10.25564 hartree      279.07026 eV
 2 -> 14:    0.04558  ( c=   0.17415 )
 2 -> 15:    0.90092  ( c=   0.77426 )
 3 ->  6:    0.00504  ( c=   0.05791 )
 3 ->  8:    0.03594  ( c=   0.15464 )
 3 ->  9:    0.42824  ( c=   0.53381 )
 3 -> 10:    0.01123  ( c=   0.08646 )
 3 -> 11:    0.01013  ( c=   0.08208 )
 3 -> 12:    0.02957  ( c=  -0.14026 )
 3 -> 13:    0.00597  ( c=   0.06305 )
 3 -> 14:    0.01882  ( c=   0.11189 )
 4 ->  6:    0.00656  ( c=  -0.06605 )

State   40:   11.43748 hartree      311.22995 eV
 4 -> 13:    1.00000  ( c=  -0.99970 )

State   41:   33.39098 hartree      908.61534 eV
 1 ->  6:    0.63699  ( c=   0.55680 )
 1 ->  7:    0.23846  ( c=   0.34067 )
 1 ->  8:    0.12723  ( c=  -0.24884 )
 1 ->  9:    0.20674  ( c=   0.31721 )
 1 -> 10:    0.68280  ( c=  -0.57647 )
 1 -> 11:    0.09883  ( c=   0.21932 )
 1 -> 13:    0.04713  ( c=   0.15145 )
 2 ->  7:    0.01570  ( c=  -0.08740 )

State   42:   33.39098 hartree      908.61534 eV
 1 ->  6:    0.24607  ( c=   0.37297 )
 1 ->  7:    0.41084  ( c=  -0.48192 )
 1 -> 10:    0.05114  ( c=  -0.17002 )
 1 -> 12:    0.03914  ( c=  -0.14874 )
 1 -> 13:    0.86344  ( c=  -0.69864 )
 2 ->  7:    0.14465  ( c=   0.28596 )
 2 -> 11:    0.00668  ( c=   0.06143 )

State   43:   33.39098 hartree      908.61534 eV
 1 ->  6:    0.02549  ( c=   0.12114 )
 1 ->  7:    0.21292  ( c=  -0.35010 )
 1 ->  8:    0.00538  ( c=   0.05566 )
 1 ->  9:    0.87136  ( c=   0.70825 )
 1 -> 10:    0.18927  ( c=   0.33009 )
 1 -> 12:    0.01139  ( c=  -0.08097 )
 2 ->  7:    0.39801  ( c=  -0.47867 )
 2 -> 11:    0.01837  ( c=  -0.10283 )

State   44:   33.84347 hartree      920.92815 eV
 1 -> 14:    1.00000  ( c=   0.99878 )

State   45:   36.70467 hartree      998.78544 eV
 2 -> 12:    0.01241  ( c=   0.07305 )
 2 -> 13:    0.03429  ( c=  -0.12144 )
 2 -> 15:    0.37587  ( c=   0.40205 )
 3 ->  7:    0.02038  ( c=  -0.09362 )
 3 ->  8:    0.18853  ( c=  -0.28474 )
 3 ->  9:    0.54847  ( c=  -0.48566 )
 3 -> 10:    0.01323  ( c=  -0.07543 )
 3 -> 11:    0.03476  ( c=  -0.12227 )
 3 -> 12:    0.39829  ( c=  -0.41386 )
 3 -> 13:    0.02201  ( c=  -0.09730 )
 3 -> 14:    0.59599  ( c=  -0.50626 )
 3 -> 15:    0.06934  ( c=  -0.17268 )
 4 ->  6:    0.01003  ( c=  -0.06568 )

State   46:   36.70467 hartree      998.78544 eV
 2 -> 12:    0.05050  ( c=  -0.15873 )
 3 ->  6:    0.32962  ( c=   0.40554 )
 3 ->  8:    0.00529  ( c=   0.05139 )
 3 ->  9:    0.00787  ( c=   0.06268 )
 3 -> 10:    0.67006  ( c=  -0.57820 )
 3 -> 12:    0.01639  ( c=   0.09042 )
 3 -> 13:    0.34464  ( c=  -0.41467 )
 4 ->  6:    0.56625  ( c=  -0.53153 )

State   47:   36.70467 hartree      998.78544 eV
 2 -> 12:    0.39759  ( c=   0.47136 )
 2 -> 13:    0.71270  ( c=  -0.63109 )
 2 -> 15:    0.00744  ( c=  -0.06450 )
 3 ->  7:    0.57659  ( c=  -0.56764 )
 3 ->  9:    0.00978  ( c=   0.07391 )
 3 -> 10:    0.00592  ( c=   0.05752 )
 3 -> 12:    0.01669  ( c=   0.09657 )
 3 -> 13:    0.01243  ( c=  -0.08335 )
 3 -> 14:    0.01949  ( c=   0.10436 )
 4 ->  6:    0.02256  ( c=  -0.11229 )

State   48:   36.70467 hartree      998.78544 eV
 2 -> 14:    0.78639  ( c=   0.62348 )
 2 -> 15:    0.00611  ( c=  -0.05496 )
 3 ->  6:    0.00691  ( c=  -0.05844 )
 3 ->  8:    0.34140  ( c=  -0.41080 )
 3 ->  9:    0.06829  ( c=   0.18373 )
 3 -> 11:    0.42187  ( c=  -0.45666 )
 3 -> 12:    0.05544  ( c=   0.16555 )
 3 -> 13:    0.00557  ( c=   0.05247 )
 3 -> 14:    0.05182  ( c=  -0.16005 )
 3 -> 15:    0.27661  ( c=   0.36977 )

State   49:   36.70467 hartree      998.78544 eV
 2 -> 14:    0.46949  ( c=  -0.48681 )
 2 -> 15:    0.06537  ( c=   0.18165 )
 3 ->  8:    0.25345  ( c=   0.35768 )
 3 -> 11:    0.70668  ( c=  -0.59726 )
 3 -> 12:    0.00607  ( c=   0.05536 )
 3 -> 14:    0.00951  ( c=  -0.06928 )
 3 -> 15:    0.45990  ( c=   0.48182 )

State   50:   41.65317 hartree     1133.44099 eV
 4 -> 12:    1.00000  ( c=  -0.99985 )

                    Total CPU time for TDHF energy calculation =      0.071 seconds

