
 ***************************
 * TCCM winter school 2023 *
 ***************************

      ----------------------
             Number of atoms                3
      ----------------------

      ----------------------
         Number of electrons               10
      ----------------------

          ------------------
          Molecular geometry
          ------------------
                    Atom n.                 1
                        Z =      8.0000000000
           Atom coordinates:     0.0000000000    0.0000000000   -0.1320966939
                    Atom n.                 2
                        Z =      1.0000000000
           Atom coordinates:     0.0000000000    1.4315287861    0.9797000694
                    Atom n.                 3
                        Z =      1.0000000000
           Atom coordinates:     0.0000000000   -1.4315287861    0.9797000694

          ------------------
 Nuclear repulsion energy =      9.1765804021
          ------------------

          Gaussian basis set
          ------------------
                    Atom n.                 1
           number of shells                 6
          ------------------
      s-type shell with K =                 9
                                    Exponents     Contraction
                             11720.0000000000    0.0007100000
                              1759.0000000000    0.0054700000
                               400.8000000000    0.0278370000
                               113.7000000000    0.1048000000
                                37.0300000000    0.2830620000
                                13.2700000000    0.4487190000
                                 5.0250000000    0.2709520000
                                 1.0130000000    0.0154580000
                                 0.3023000000   -0.0025850000
      s-type shell with K =                 9
                                    Exponents     Contraction
                             11720.0000000000   -0.0001600000
                              1759.0000000000   -0.0012630000
                               400.8000000000   -0.0062670000
                               113.7000000000   -0.0257160000
                                37.0300000000   -0.0709240000
                                13.2700000000   -0.1654110000
                                 5.0250000000   -0.1169550000
                                 1.0130000000    0.5573680000
                                 0.3023000000    0.5727590000
      s-type shell with K =                 1
                                    Exponents     Contraction
                                 0.3023000000    1.0000000000
      p-type shell with K =                 4
                                    Exponents     Contraction
                                17.7000000000    0.0430180000
                                 3.8540000000    0.2289130000
                                 1.0460000000    0.5087280000
                                 0.2753000000    0.4605310000
      p-type shell with K =                 1
                                    Exponents     Contraction
                                 0.2753000000    1.0000000000
      d-type shell with K =                 1
                                    Exponents     Contraction
                                 1.1850000000    1.0000000000
          ------------------
                    Atom n.                 2
           number of shells                 3
          ------------------
      s-type shell with K =                 4
                                    Exponents     Contraction
                                13.0100000000    0.0196850000
                                 1.9620000000    0.1379770000
                                 0.4446000000    0.4781480000
                                 0.1220000000    0.5012400000
      s-type shell with K =                 1
                                    Exponents     Contraction
                                 0.1220000000    1.0000000000
      p-type shell with K =                 1
                                    Exponents     Contraction
                                 0.7270000000    1.0000000000
          ------------------
                    Atom n.                 3
           number of shells                 3
          ------------------
      s-type shell with K =                 4
                                    Exponents     Contraction
                                13.0100000000    0.0196850000
                                 1.9620000000    0.1379770000
                                 0.4446000000    0.4781480000
                                 0.1220000000    0.5012400000
      s-type shell with K =                 1
                                    Exponents     Contraction
                                 0.1220000000    1.0000000000
      p-type shell with K =                 1
                                    Exponents     Contraction
                                 0.7270000000    1.0000000000
          ------------------
            Number of shells               12
          ------------------

          ------------------
   Number of basis functions               25
          ------------------

 Scaling integrals by    1.0000000000000000     

 ************************************************
 |      Restricted Hartree-Fock calculation     |
 ************************************************


 ----------------------------------------------------
 | RHF calculation                                  |
 ----------------------------------------------------
 |   # |        HF energy |       Conv |     HL Gap |
 ----------------------------------------------------
 |   1 |   -67.7886435155 |   1.043008 |   3.542231 |
 |   2 |   -69.5573963921 |   0.849933 |   0.070952 |
 |   3 |   -73.1593268537 |   0.989878 |   1.580182 |
 |   4 |   -73.3414049709 |   0.845890 |   0.013867 |
 |   5 |   -74.6421346344 |   0.768114 |   0.929796 |
 |   6 |   -75.4928936436 |   0.510801 |   0.139105 |
 |   7 |   -75.8365973319 |   0.302447 |   1.000400 |
 |   8 |   -75.9606475153 |   0.187423 |   0.480141 |
 |   9 |   -76.0044779394 |   0.105825 |   0.793000 |
 |  10 |   -76.0193824727 |   0.063446 |   0.608477 |
 |  11 |   -76.0244579751 |   0.036255 |   0.716273 |
 |  12 |   -76.0261707040 |   0.021321 |   0.653399 |
 |  13 |   -76.0267500447 |   0.012307 |   0.689921 |
 |  14 |   -76.0269455307 |   0.007179 |   0.668664 |
 |  15 |   -76.0270115643 |   0.004164 |   0.681002 |
 |  16 |   -76.0270338535 |   0.002421 |   0.673824 |
 |  17 |   -76.0270413801 |   0.001407 |   0.677991 |
 |  18 |   -76.0270439211 |   0.000817 |   0.675568 |
 |  19 |   -76.0270447790 |   0.000475 |   0.676975 |
 |  20 |   -76.0270450687 |   0.000276 |   0.676157 |
 |  21 |   -76.0270451665 |   0.000160 |   0.676632 |
 |  22 |   -76.0270451995 |   0.000093 |   0.676356 |
 |  23 |   -76.0270452107 |   0.000054 |   0.676516 |
 |  24 |   -76.0270452145 |   0.000031 |   0.676423 |
 |  25 |   -76.0270452157 |   0.000018 |   0.676477 |
 |  26 |   -76.0270452162 |   0.000011 |   0.676445 |
 |  27 |   -76.0270452163 |   0.000006 |   0.676464 |
 ----------------------------------------------------

           ---------------------------------------
           Summary              
           ---------------------------------------
           One-electron energy    -123.1133966845
           Kinetic      energy      75.9397588476
           Potential    energy    -199.0531555321
           ---------------------------------------
           Two-electron energy      37.9097710661
           Coulomb      energy      46.8820610580
           Exchange     energy      -8.9722899919
           ---------------------------------------
           Electronic   energy     -85.2036256184
           Nuclear   repulsion       9.1765804021
           Hartree-Fock energy     -76.0270452163
           ---------------------------------------
           HF HOMO      energy (eV):   -13.427513
           HF LUMO      energy (eV):     4.980003
           HF HOMO-LUMO gap    (eV):    18.407516
           ---------------------------------------

           ---------------------------------------
           Hartree-Fock orbital coefficients      
           ---------------------------------------
                 1              2              3              4              5
      1     1.00049966     0.00797520     0.00000000     0.00284319     0.00000000
      2     0.00413373    -0.86731262     0.00000000    -0.30180707     0.00000000
      3    -0.00084404     0.12623009     0.00000000    -0.19204652     0.00000000
      4     0.00000000     0.00000000     0.00000000     0.00000000    -0.91995414
      5     0.00000000     0.00000000     0.71390455     0.00000000     0.00000000
      6     0.00238837    -0.11496905     0.00000000     0.79492857     0.00000000
      7     0.00000000     0.00000000     0.00000000     0.00000000    -0.07192348
      8     0.00000000     0.00000000    -0.10606904     0.00000000     0.00000000
      9    -0.00149909     0.06636997     0.00000000    -0.00239661     0.00000000
     10    -0.00119987    -0.00000500     0.00000000    -0.00594350     0.00000000
     11     0.00000000     0.00000000     0.00000000     0.00000000     0.00000000
     12     0.00000000     0.00000000     0.00000000     0.00000000    -0.01817372
     13    -0.00106815    -0.00542010     0.00000000     0.00258384     0.00000000
     14     0.00000000     0.00000000     0.02675254     0.00000000     0.00000000
     15    -0.00111187    -0.00458131     0.00000000     0.02509822     0.00000000
     16    -0.00027288    -0.32835798     0.55721570     0.35225234     0.00000000
     17     0.00034207     0.15350948    -0.18904015    -0.13330288     0.00000000
     18     0.00000000     0.00000000     0.00000000     0.00000000    -0.03099159
     19     0.00041624     0.03673194    -0.02326088    -0.03080474     0.00000000
     20     0.00033813     0.02008418    -0.03265960     0.00830666     0.00000000
     21    -0.00027288    -0.32835798    -0.55721570     0.35225234     0.00000000
     22     0.00034207     0.15350948     0.18904015    -0.13330288     0.00000000
     23     0.00000000     0.00000000     0.00000000     0.00000000    -0.03099159
     24    -0.00041624    -0.03673194    -0.02326088     0.03080474     0.00000000
     25     0.00033813     0.02008418     0.03265960     0.00830666     0.00000000
                 6              7              8              9             10
      1     0.05653241     0.00000000     0.00000000    -0.06558196    -0.03168476
      2    -0.15838315     0.00000000     0.00000000    -0.50413196    -0.29308304
      3    -0.97482034     0.00000000     0.00000000     0.60932599    -0.39032658
      4     0.00000000     0.00000000     0.00000000     0.00000000     0.00000000
      5     0.00000000     0.41363687    -0.39018928     0.00000000     0.00000000
      6    -0.27686098     0.00000000     0.00000000    -0.48180786     1.09157757
      7     0.00000000     0.00000000     0.00000000     0.00000000     0.00000000
      8     0.00000000     0.48022963    -0.27819642     0.00000000     0.00000000
      9    -0.21504576     0.00000000     0.00000000     0.23215101    -1.76498830
     10     0.04100716     0.00000000     0.00000000    -0.09251208    -0.04843837
     11     0.00000000     0.00000000     0.00000000     0.00000000     0.00000000
     12     0.00000000     0.00000000     0.00000000     0.00000000     0.00000000
     13     0.02631096     0.00000000     0.00000000     0.09241804    -0.04232484
     14     0.00000000     0.02107262     0.11156942     0.00000000     0.00000000
     15     0.02233119     0.00000000     0.00000000     0.00185285    -0.06351101
     16     0.10258868    -0.04553158     1.60678212     1.34113087     0.90737379
     17     0.78558467    -1.41869837    -1.49538543    -1.22124530    -0.36825868
     18     0.00000000     0.00000000     0.00000000     0.00000000     0.00000000
     19    -0.01320315     0.02066008     0.07344963     0.29495197    -0.09219410
     20    -0.01257986     0.01693590     0.15189204     0.06006256    -0.24591014
     21     0.10258868     0.04553158    -1.60678212     1.34113087     0.90737379
     22     0.78558467     1.41869837     1.49538543    -1.22124530    -0.36825868
     23     0.00000000     0.00000000     0.00000000     0.00000000     0.00000000
     24     0.01320315     0.02066008     0.07344963    -0.29495197     0.09219410
     25    -0.01257986    -0.01693590    -0.15189204     0.06006256    -0.24591014
                11             12             13             14             15
      1     0.00000000     0.00000000     0.28370006     0.00000000     0.00000000
      2     0.00000000     0.00000000     1.24134667     0.00000000     0.00000000
      3     0.00000000     0.00000000    -1.76131164     0.00000000     0.00000000
      4    -1.41004609     0.00000000     0.00000000     0.00000000    -0.02440787
      5     0.00000000     1.07162991     0.00000000     0.00000000     0.00000000
      6     0.00000000     0.00000000    -0.12743488     0.00000000     0.00000000
      7     1.67315611     0.00000000     0.00000000     0.00000000    -0.62329352
      8     0.00000000    -2.25503657     0.00000000     0.00000000     0.00000000
      9     0.00000000     0.00000000     0.61497323     0.00000000     0.00000000
     10     0.00000000     0.00000000     0.15762085     0.00000000     0.00000000
     11     0.00000000     0.00000000     0.00000000     0.13162936     0.00000000
     12    -0.00342664     0.00000000     0.00000000     0.00000000     0.16093589
     13     0.00000000     0.00000000     0.18768369     0.00000000     0.00000000
     14     0.00000000    -0.04413448     0.00000000     0.00000000     0.00000000
     15     0.00000000     0.00000000     0.01464768     0.00000000     0.00000000
     16     0.00000000     0.64223061    -0.37957012     0.00000000     0.00000000
     17     0.00000000     0.50128403     0.46239288     0.00000000     0.00000000
     18     0.00995885     0.00000000     0.00000000     0.68557359     0.76645672
     19     0.00000000    -0.30207288     0.30947837     0.00000000     0.00000000
     20     0.00000000    -0.18682408    -0.51691990     0.00000000     0.00000000
     21     0.00000000    -0.64223061    -0.37957012     0.00000000     0.00000000
     22     0.00000000    -0.50128403     0.46239288     0.00000000     0.00000000
     23     0.00995885     0.00000000     0.00000000    -0.68557359     0.76645672
     24     0.00000000    -0.30207288    -0.30947837     0.00000000     0.00000000
     25     0.00000000     0.18682408    -0.51691990     0.00000000     0.00000000
                16             17             18             19             20
      1    -0.67025621     0.00000000     0.00000000    -0.19503785     0.00000000
      2    -2.57211311     0.00000000     0.00000000    -0.93251114     0.00000000
      3     4.67449387     0.00000000     0.00000000    -0.36340848     0.00000000
      4     0.00000000     0.00000000     0.00000000     0.00000000    -0.01799100
      5     0.00000000     0.01335577    -1.21837341     0.00000000     0.00000000
      6    -0.02321876     0.00000000     0.00000000    -1.00972976     0.00000000
      7     0.00000000     0.00000000     0.00000000     0.00000000     0.31903602
      8     0.00000000    -0.90403450     0.41075019     0.00000000     0.00000000
      9     1.11377693     0.00000000     0.00000000     0.23689054     0.00000000
     10    -0.10982968     0.00000000     0.00000000    -0.33548646     0.00000000
     11     0.00000000     0.00000000     0.00000000     0.00000000     0.00000000
     12     0.00000000     0.00000000     0.00000000     0.00000000     1.04247477
     13    -0.27432474     0.00000000     0.00000000     0.05267533     0.00000000
     14     0.00000000     0.02935503     0.13747758     0.00000000     0.00000000
     15    -0.37035766     0.00000000     0.00000000    -0.04680347     0.00000000
     16    -1.40745336     0.65617381     0.49633122     0.91440488     0.00000000
     17     0.32646057    -0.23785161     0.08158967    -0.28157259     0.00000000
     18     0.00000000     0.00000000     0.00000000     0.00000000    -0.39742497
     19     0.33102166     0.47058855    -0.72425721    -0.77483156     0.00000000
     20    -0.15449120    -0.69374387    -0.55333044    -0.55314785     0.00000000
     21    -1.40745336    -0.65617381    -0.49633122     0.91440488     0.00000000
     22     0.32646057     0.23785161    -0.08158967    -0.28157259     0.00000000
     23     0.00000000     0.00000000     0.00000000     0.00000000    -0.39742497
     24    -0.33102166     0.47058855    -0.72425721     0.77483156     0.00000000
     25    -0.15449120     0.69374387     0.55333044    -0.55314785     0.00000000
                21             22             23             24             25
      1     0.00000000     0.07847036     0.12389803     0.00000000     0.32363336
      2     0.00000000     0.25994689     0.17930914     0.00000000     3.25478289
      3     0.00000000    -0.71068247    -2.41257973     0.00000000    -0.41489104
      4     0.00000000     0.00000000     0.00000000     0.00000000     0.00000000
      5     0.00000000     0.00000000     0.00000000     0.67742493     0.00000000
      6     0.00000000    -0.02396456    -0.57787790     0.00000000    -0.26648649
      7     0.00000000     0.00000000     0.00000000     0.00000000     0.00000000
      8     0.00000000     0.00000000     0.00000000     0.82890538     0.00000000
      9     0.00000000    -0.52303993    -0.65314237     0.00000000     0.10182736
     10     0.00000000     0.39980475     1.13404760     0.00000000    -1.36084570
     11     1.06536807     0.00000000     0.00000000     0.00000000     0.00000000
     12     0.00000000     0.00000000     0.00000000     0.00000000     0.00000000
     13     0.00000000     0.71286172    -0.86263229     0.00000000    -1.59079200
     14     0.00000000     0.00000000     0.00000000     1.32509815     0.00000000
     15     0.00000000    -1.06896530    -0.07554297     0.00000000    -1.48304340
     16     0.00000000     0.51221051     2.07814906    -1.83902100     0.41212444
     17     0.00000000    -0.21850092    -0.84441066     0.63369748    -0.39263681
     18    -0.37013413     0.00000000     0.00000000     0.00000000     0.00000000
     19     0.00000000    -0.34997803    -0.61281751     0.60405711    -0.21104034
     20     0.00000000     0.31519813    -0.48703880     0.49462590    -0.18044675
     21     0.00000000     0.51221051     2.07814906     1.83902100     0.41212444
     22     0.00000000    -0.21850092    -0.84441066    -0.63369748    -0.39263681
     23     0.37013413     0.00000000     0.00000000     0.00000000     0.00000000
     24     0.00000000     0.34997803     0.61281751     0.60405711     0.21104034
     25     0.00000000     0.31519813    -0.48703880    -0.49462590    -0.18044675

           ---------------------------------------
            Hartree-Fock orbital energies         
           ---------------------------------------
                 1
      1   -20.55227563
      2    -1.33614031
      3    -0.69823320
      4    -0.56690859
      5    -0.49345201
      6     0.18301174
      7     0.25585325
      8     0.78713335
      9     0.85327819
     10     1.15924955
     11     1.19996747
     12     1.25333398
     13     1.42232902
     14     1.47621435
     15     1.67310894
     16     1.74525981
     17     1.93369088
     18     2.44767664
     19     2.46308267
     20     3.28462424
     21     3.33603476
     22     3.50827856
     23     3.85782430
     24     4.14614398
     25     5.96287653

                                         Total CPU time for HF =      0.294 seconds

                    Total CPU time for AO to MO transformation =      0.000 seconds

                                        Total CPU time for MP2 =      0.000 seconds

                                        Total CPU time for CCD =      0.000 seconds

