
 ***************************
 * TCCM winter school 2023 *
 ***************************

      ----------------------
             Number of atoms                1
      ----------------------

      ----------------------
         Number of electrons                4
      ----------------------

          ------------------
          Molecular geometry
          ------------------
                    Atom n.                 1
                        Z =      4.0000000000
           Atom coordinates:     0.0000000000    0.0000000000    0.0000000000

          ------------------
 Nuclear repulsion energy =      0.0000000000
          ------------------

          Gaussian basis set
          ------------------
                    Atom n.                 1
           number of shells                 6
          ------------------
      s-type shell with K =                 8
                                    Exponents     Contraction
                              2940.0000000000    0.0006800000
                               441.2000000000    0.0052360000
                               100.5000000000    0.0266060000
                                28.4300000000    0.0999930000
                                 9.1690000000    0.2697020000
                                 3.1960000000    0.4514690000
                                 1.1590000000    0.2950740000
                                 0.1811000000    0.0125870000
      s-type shell with K =                 8
                                    Exponents     Contraction
                              2940.0000000000   -0.0001230000
                               441.2000000000   -0.0009660000
                               100.5000000000   -0.0048310000
                                28.4300000000   -0.0193140000
                                 9.1690000000   -0.0532800000
                                 3.1960000000   -0.1207230000
                                 1.1590000000   -0.1334350000
                                 0.1811000000    0.5307670000
      s-type shell with K =                 1
                                    Exponents     Contraction
                                 0.0589000000    1.0000000000
      p-type shell with K =                 3
                                    Exponents     Contraction
                                 3.6190000000    0.0291110000
                                 0.7110000000    0.1693650000
                                 0.1951000000    0.5134580000
      p-type shell with K =                 1
                                    Exponents     Contraction
                                 0.0601800000    1.0000000000
      d-type shell with K =                 1
                                    Exponents     Contraction
                                 0.2380000000    1.0000000000
          ------------------
            Number of shells                6
          ------------------

          ------------------
   Number of basis functions               15
          ------------------

 Scaling integrals by    1.0000000000000000     

 ************************************************
 |      Restricted Hartree-Fock calculation     |
 ************************************************


 ----------------------------------------------------
 | RHF calculation                                  |
 ----------------------------------------------------
 |   # |        HF energy |       Conv |     HL Gap |
 ----------------------------------------------------
 |   1 |   -14.0561124355 |   0.153654 |   0.225356 |
 |   2 |   -14.5596403573 |   0.024381 |   0.279063 |
 |   3 |   -14.5719211750 |   0.004996 |   0.366359 |
 |   4 |   -14.5723450561 |   0.001096 |   0.367571 |
 |   5 |   -14.5723624707 |   0.000248 |   0.367375 |
 |   6 |   -14.5723633017 |   0.000058 |   0.367308 |
 |   7 |   -14.5723633462 |   0.000014 |   0.367290 |
 |   8 |   -14.5723633488 |   0.000003 |   0.367286 |
 ----------------------------------------------------

           ---------------------------------------
           Summary              
           ---------------------------------------
           One-electron energy     -19.0610308102
           Kinetic      energy      14.5596457649
           Potential    energy     -33.6206765751
           ---------------------------------------
           Two-electron energy       4.4886674614
           Coulomb      energy       7.1542741926
           Exchange     energy      -2.6656067312
           ---------------------------------------
           Electronic   energy     -14.5723633488
           Nuclear   repulsion       0.0000000000
           Hartree-Fock energy     -14.5723633488
           ---------------------------------------
           HF HOMO      energy (eV):    -8.409814
           HF LUMO      energy (eV):     1.584542
           HF HOMO-LUMO gap    (eV):     9.994356
           ---------------------------------------

           ---------------------------------------
           Hartree-Fock orbital coefficients      
           ---------------------------------------
                 1              2              3              4              5
      1    -1.00057614    -0.00025410     0.00000000     0.00000000     0.00000000
      2    -0.00566168    -1.00339685     0.00000000     0.00000000     0.00000000
      3     0.00125723    -0.00005943     0.00000000     0.00000000     0.00000000
      4     0.00000000     0.00000000     0.11607403    -0.43052055     0.14467161
      5     0.00000000     0.00000000     0.42518012     0.15550340     0.12162052
      6     0.00000000     0.00000000     0.15968618    -0.10110266    -0.42898668
      7     0.00000000     0.00000000     0.14080767    -0.52225803     0.17549896
      8     0.00000000     0.00000000     0.51577965     0.18863885     0.14753604
      9     0.00000000     0.00000000     0.19371292    -0.12264613    -0.52039732
     10     0.00210763     0.00163335     0.00000000     0.00000000     0.00000000
     11     0.00000000     0.00000000     0.00000000     0.00000000     0.00000000
     12     0.00000000     0.00000000     0.00000000     0.00000000     0.00000000
     13     0.00210763     0.00163335     0.00000000     0.00000000     0.00000000
     14     0.00000000     0.00000000     0.00000000     0.00000000     0.00000000
     15     0.00210763     0.00163335     0.00000000     0.00000000     0.00000000
                 6              7              8              9             10
      1     0.55146370     0.00000000     0.00000000     0.00000000     0.00000000
      2     2.77136762     0.00000000     0.00000000     0.00000000     0.00000000
      3    -3.44284270     0.00000000     0.00000000     0.00000000     0.00000000
      4     0.00000000    -0.09400893     1.08995884    -1.53205223     0.00000000
      5     0.00000000     0.04440294    -1.53225122    -1.09282503     0.00000000
      6     0.00000000     1.87968686     0.09070783    -0.05080738     0.00000000
      7     0.00000000     0.09262428    -1.07390490     1.50948674     0.00000000
      8     0.00000000    -0.04374893     1.50968280     1.07672889     0.00000000
      9     0.00000000    -1.85200108    -0.08937180     0.05005904     0.00000000
     10     0.22954134     0.00000000     0.00000000     0.00000000     0.00362172
     11     0.00000000     0.00000000     0.00000000     0.00000000    -0.20082973
     12     0.00000000     0.00000000     0.00000000     0.00000000    -0.96941217
     13     0.22954134     0.00000000     0.00000000     0.00000000    -0.00232955
     14     0.00000000     0.00000000     0.00000000     0.00000000    -0.14104604
     15     0.22954134     0.00000000     0.00000000     0.00000000    -0.00129216
                11             12             13             14             15
      1     0.00000000     0.00000000     0.00000000     0.00000000     0.49395712
      2     0.00000000     0.00000000     0.00000000     0.00000000     4.41244856
      3     0.00000000     0.00000000     0.00000000     0.00000000    -1.44688363
      4     0.00000000     0.00000000     0.00000000     0.00000000     0.00000000
      5     0.00000000     0.00000000     0.00000000     0.00000000     0.00000000
      6     0.00000000     0.00000000     0.00000000     0.00000000     0.00000000
      7     0.00000000     0.00000000     0.00000000     0.00000000     0.00000000
      8     0.00000000     0.00000000     0.00000000     0.00000000     0.00000000
      9     0.00000000     0.00000000     0.00000000     0.00000000     0.00000000
     10     0.00331118     0.00397601     0.85157479    -0.52419509    -1.43990933
     11    -0.97678640     0.07443254     0.00388290    -0.00068511     0.00000000
     12     0.20911290     0.12847720     0.00214789    -0.00091303     0.00000000
     13    -0.00281212    -0.00167093    -0.87975841    -0.47540405    -1.43990933
     14    -0.04633981    -0.98890721     0.00380108    -0.00259306     0.00000000
     15    -0.00049906    -0.00230508     0.02818363     0.99959915    -1.43990933

           ---------------------------------------
            Hartree-Fock orbital energies         
           ---------------------------------------
                 1
      1    -4.73276090
      2    -0.30905497
      3     0.05823084
      4     0.05823084
      5     0.05823084
      6     0.27656120
      7     0.35014754
      8     0.35014754
      9     0.35014754
     10     0.64425509
     11     0.64425509
     12     0.64425509
     13     0.64425509
     14     0.64425509
     15     1.17282811

                                         Total CPU time for HF =      0.070 seconds

                    Total CPU time for AO to MO transformation =      0.147 seconds


                             The number of occupied orbitals is:     2                            . The number of virtual orbitals is:    13

---------------
CIS EXCITATIONS
---------------

Excitation    1:    1 ->    3
Excitation    2:    1 ->    4
Excitation    3:    1 ->    5
Excitation    4:    1 ->    6
Excitation    5:    1 ->    7
Excitation    6:    1 ->    8
Excitation    7:    1 ->    9
Excitation    8:    1 ->   10
Excitation    9:    1 ->   11
Excitation   10:    1 ->   12
Excitation   11:    1 ->   13
Excitation   12:    1 ->   14
Excitation   13:    1 ->   15
Excitation   14:    2 ->    3
Excitation   15:    2 ->    4
Excitation   16:    2 ->    5
Excitation   17:    2 ->    6
Excitation   18:    2 ->    7
Excitation   19:    2 ->    8
Excitation   20:    2 ->    9
Excitation   21:    2 ->   10
Excitation   22:    2 ->   11
Excitation   23:    2 ->   12
Excitation   24:    2 ->   13
Excitation   25:    2 ->   14
Excitation   26:    2 ->   15

 Building CIS matrix...

 Diagonalizing CIS matrix...

-----------------------
CIS EXCITATION ENERGIES
-----------------------

State    1:    0.19457 hartree        5.29461 eV
 2 ->  3:    0.04664  ( c=   0.18931 )
 2 ->  4:    0.95707  ( c=  -0.85755 )
 2 ->  5:    0.28595  ( c=   0.46874 )

State    2:    0.19457 hartree        5.29461 eV
 2 ->  3:    0.99790  ( c=   0.96321 )
 2 ->  4:    0.06428  ( c=   0.24447 )

State    3:    0.19457 hartree        5.29461 eV
 2 ->  3:    0.03446  ( c=  -0.16530 )
 2 ->  4:    0.24692  ( c=   0.44248 )
 2 ->  5:    0.96837  ( c=   0.87626 )
 2 ->  7:    0.01007  ( c=  -0.08937 )

State    4:    0.40356 hartree       10.98142 eV
 2 ->  6:    1.00000  ( c=   0.99992 )

State    5:    0.40377 hartree       10.98718 eV
 2 ->  7:    0.99859  ( c=   0.96979 )
 2 ->  8:    0.05251  ( c=  -0.22238 )

State    6:    0.40377 hartree       10.98718 eV
 2 ->  8:    0.07416  ( c=   0.26082 )
 2 ->  9:    0.99718  ( c=  -0.95642 )

State    7:    0.40377 hartree       10.98718 eV
 2 ->  7:    0.04815  ( c=   0.20557 )
 2 ->  8:    0.99514  ( c=   0.93457 )
 2 ->  9:    0.08571  ( c=   0.27427 )

State    8:    0.68228 hartree       18.56577 eV
 2 -> 10:    0.99969  ( c=  -0.98751 )
 2 -> 11:    0.02505  ( c=  -0.15632 )

State    9:    0.68228 hartree       18.56577 eV
 2 -> 10:    0.02393  ( c=   0.15063 )
 2 -> 11:    0.99922  ( c=  -0.97336 )
 2 -> 12:    0.03147  ( c=   0.17275 )

State   10:    0.68228 hartree       18.56577 eV
 2 -> 11:    0.02895  ( c=   0.16757 )
 2 -> 12:    0.99958  ( c=   0.98465 )

State   11:    0.68228 hartree       18.56577 eV
 2 -> 13:    0.99891  ( c=   0.97737 )
 2 -> 14:    0.04658  ( c=   0.21106 )

State   12:    0.68228 hartree       18.56577 eV
 2 -> 13:    0.04653  ( c=   0.21096 )
 2 -> 14:    0.99892  ( c=  -0.97744 )

State   13:    1.19462 hartree       32.50735 eV
 2 -> 15:    1.00000  ( c=   0.99991 )

State   14:    4.35830 hartree      118.59554 eV
 1 ->  3:    0.35074  ( c=   0.44185 )
 1 ->  4:    0.78182  ( c=  -0.65968 )
 1 ->  5:    0.10585  ( c=   0.24273 )
 1 ->  8:    0.05538  ( c=   0.17557 )
 1 ->  9:    0.50147  ( c=  -0.52833 )

State   15:    4.35830 hartree      118.59554 eV
 1 ->  3:    0.15392  ( c=   0.28132 )
 1 ->  4:    0.35744  ( c=   0.42870 )
 1 ->  5:    0.82930  ( c=   0.65300 )
 1 ->  7:    0.28850  ( c=  -0.38515 )
 1 ->  8:    0.27566  ( c=  -0.37648 )
 1 ->  9:    0.03985  ( c=  -0.14315 )

State   16:    4.35830 hartree      118.59554 eV
 1 ->  3:    0.80754  ( c=  -0.64417 )
 1 ->  4:    0.13694  ( c=  -0.26527 )
 1 ->  5:    0.39701  ( c=   0.45167 )
 1 ->  7:    0.31452  ( c=  -0.40201 )
 1 ->  8:    0.26857  ( c=   0.37149 )
 1 ->  9:    0.02130  ( c=   0.10462 )

State   17:    4.68793 hartree      127.56519 eV
 1 ->  6:    0.99969  ( c=   0.98781 )
 1 -> 15:    0.02483  ( c=   0.15567 )

State   18:    4.70284 hartree      127.97075 eV
 1 ->  3:    0.06374  ( c=  -0.20206 )
 1 ->  4:    0.39042  ( c=  -0.50008 )
 1 ->  5:    0.03082  ( c=   0.14051 )
 1 ->  7:    0.04938  ( c=   0.17786 )
 1 ->  8:    0.90898  ( c=  -0.76304 )
 1 ->  9:    0.11778  ( c=   0.27467 )

State   19:    4.70284 hartree      127.97075 eV
 1 ->  3:    0.01199  ( c=  -0.09181 )
 1 ->  4:    0.04752  ( c=   0.18277 )
 1 ->  5:    0.38236  ( c=   0.51847 )
 1 ->  7:    0.92091  ( c=   0.80463 )
 1 ->  8:    0.05754  ( c=   0.20114 )

State   20:    4.70284 hartree      127.97075 eV
 1 ->  3:    0.39001  ( c=   0.51126 )
 1 ->  4:    0.04053  ( c=  -0.16481 )
 1 ->  5:    0.03296  ( c=   0.14864 )
 1 ->  7:    0.01529  ( c=  -0.10123 )
 1 ->  8:    0.09940  ( c=   0.25811 )
 1 ->  9:    0.91381  ( c=   0.78259 )

State   21:    4.96506 hartree      135.10610 eV
 1 -> 10:    0.99656  ( c=  -0.95058 )
 1 -> 11:    0.02827  ( c=  -0.16011 )
 1 -> 12:    0.07786  ( c=   0.26569 )

State   22:    4.96506 hartree      135.10610 eV
 1 -> 11:    0.98938  ( c=  -0.93215 )
 1 -> 12:    0.14529  ( c=  -0.35721 )

State   23:    4.96506 hartree      135.10610 eV
 1 -> 10:    0.11428  ( c=  -0.30495 )
 1 -> 11:    0.12932  ( c=   0.32439 )
 1 -> 12:    0.98500  ( c=  -0.89529 )

State   24:    4.96506 hartree      135.10610 eV
 1 -> 13:    0.10070  ( c=  -0.30313 )
 1 -> 14:    0.99492  ( c=   0.95281 )

State   25:    4.96506 hartree      135.10610 eV
 1 -> 13:    0.99491  ( c=   0.95274 )
 1 -> 14:    0.10072  ( c=   0.30314 )

State   26:    5.41276 hartree      147.28869 eV
 1 ->  6:    0.02483  ( c=   0.15568 )
 1 -> 15:    0.99969  ( c=  -0.98780 )


                     Total CPU time for CIS energy calculation =      0.012 seconds


----------------
TDHF EXCITATIONS
----------------

Excitation    1:    1 ->    3
Excitation    2:    1 ->    4
Excitation    3:    1 ->    5
Excitation    4:    1 ->    6
Excitation    5:    1 ->    7
Excitation    6:    1 ->    8
Excitation    7:    1 ->    9
Excitation    8:    1 ->   10
Excitation    9:    1 ->   11
Excitation   10:    1 ->   12
Excitation   11:    1 ->   13
Excitation   12:    1 ->   14
Excitation   13:    1 ->   15
Excitation   14:    2 ->    3
Excitation   15:    2 ->    4
Excitation   16:    2 ->    5
Excitation   17:    2 ->    6
Excitation   18:    2 ->    7
Excitation   19:    2 ->    8
Excitation   20:    2 ->    9
Excitation   21:    2 ->   10
Excitation   22:    2 ->   11
Excitation   23:    2 ->   12
Excitation   24:    2 ->   13
Excitation   25:    2 ->   14
Excitation   26:    2 ->   15

 Constructing A matrix ...

 Constructing B matrix ...

 Calculating (A-B)**0.5 ...

 Building C matrix ...

 Diagonalizing C matrix ...

------------------------
TDHF EXCITATION ENERGIES
------------------------

State    1:    0.18348 hartree        4.99264 eV
 2 ->  3:    0.67121  ( c=   0.55981 )
 2 ->  4:    0.28757  ( c=  -0.36643 )
 2 ->  5:    0.51706  ( c=  -0.49134 )
 2 ->  7:    0.19236  ( c=  -0.29969 )
 2 ->  8:    0.07817  ( c=  -0.19104 )
 2 ->  9:    0.39537  ( c=   0.42965 )

State    2:    0.18348 hartree        4.99264 eV
 2 ->  3:    0.73561  ( c=  -0.60887 )
 2 ->  4:    0.12998  ( c=  -0.25594 )
 2 ->  5:    0.50173  ( c=  -0.50284 )
 2 ->  7:    0.41010  ( c=   0.45461 )
 2 ->  8:    0.12188  ( c=  -0.24784 )
 2 ->  9:    0.08495  ( c=   0.20690 )

State    3:    0.18348 hartree        4.99264 eV
 2 ->  3:    0.00865  ( c=   0.07048 )
 2 ->  4:    0.85185  ( c=   0.69950 )
 2 ->  5:    0.33915  ( c=  -0.44137 )
 2 ->  7:    0.02510  ( c=   0.12008 )
 2 ->  8:    0.37080  ( c=   0.46151 )
 2 ->  9:    0.14537  ( c=   0.28897 )

State    4:    0.40126 hartree       10.91896 eV
 2 ->  6:    0.99969  ( c=  -0.98772 )
 2 -> 15:    0.02501  ( c=   0.15623 )

State    5:    0.40126 hartree       10.91896 eV
 2 ->  3:    0.04285  ( c=   0.15370 )
 2 ->  4:    0.43867  ( c=  -0.49180 )
 2 ->  5:    0.08229  ( c=   0.21300 )
 2 ->  7:    0.33565  ( c=   0.43020 )
 2 ->  8:    0.82346  ( c=   0.67382 )
 2 ->  9:    0.09063  ( c=   0.22354 )

State    6:    0.40126 hartree       10.91896 eV
 2 ->  3:    0.02329  ( c=   0.11099 )
 2 ->  4:    0.11441  ( c=   0.24599 )
 2 ->  5:    0.45002  ( c=   0.48788 )
 2 ->  7:    0.17616  ( c=   0.30525 )
 2 ->  8:    0.32021  ( c=  -0.41155 )
 2 ->  9:    0.80640  ( c=   0.65309 )

State    7:    0.40141 hartree       10.92302 eV
 2 ->  3:    0.50643  ( c=  -0.52433 )
 2 ->  4:    0.01562  ( c=  -0.09209 )
 2 ->  5:    0.05059  ( c=   0.16572 )
 2 ->  7:    0.75680  ( c=  -0.64096 )
 2 ->  8:    0.12097  ( c=   0.25626 )
 2 ->  9:    0.39159  ( c=   0.46106 )

State    8:    0.68138 hartree       18.54142 eV
 2 -> 10:    0.01431  ( c=   0.11623 )
 2 -> 11:    0.04581  ( c=  -0.20796 )
 2 -> 12:    0.99885  ( c=   0.97107 )

State    9:    0.68138 hartree       18.54142 eV
 2 -> 10:    0.99990  ( c=   0.99234 )
 2 -> 12:    0.01430  ( c=  -0.11868 )

State   10:    0.68138 hartree       18.54142 eV
 2 -> 11:    0.99900  ( c=   0.97811 )
 2 -> 12:    0.04466  ( c=   0.20681 )

State   11:    0.68138 hartree       18.54142 eV
 2 -> 13:    0.79912  ( c=   0.75525 )
 2 -> 14:    0.60118  ( c=   0.65507 )

State   12:    0.68138 hartree       18.54142 eV
 2 -> 13:    0.60212  ( c=  -0.65536 )
 2 -> 14:    0.79841  ( c=   0.75466 )

State   13:    1.19371 hartree       32.48249 eV
 2 ->  6:    0.02501  ( c=  -0.15623 )
 2 -> 15:    0.99969  ( c=  -0.98772 )

State   14:    4.35819 hartree      118.59258 eV
 1 ->  3:    0.99450  ( c=  -0.93876 )
 1 ->  4:    0.01258  ( c=   0.10558 )
 1 ->  5:    0.10302  ( c=   0.30215 )
 1 ->  7:    0.01314  ( c=   0.10791 )

State   15:    4.35819 hartree      118.59258 eV
 1 ->  3:    0.12183  ( c=   0.31903 )
 1 ->  4:    0.06531  ( c=   0.23359 )
 1 ->  5:    0.99031  ( c=   0.90960 )
 1 ->  8:    0.01259  ( c=  -0.10258 )

State   16:    4.35819 hartree      118.59258 eV
 1 ->  4:    0.99740  ( c=   0.95813 )
 1 ->  5:    0.07068  ( c=  -0.25506 )
 1 ->  6:    0.01386  ( c=   0.11294 )

State   17:    4.68777 hartree      127.56073 eV
 1 ->  9:    1.00000  ( c=   0.99983 )

State   18:    4.70275 hartree      127.96841 eV
 1 ->  4:    0.01736  ( c=  -0.11380 )
 1 ->  6:    0.91506  ( c=   0.82615 )
 1 ->  7:    0.40292  ( c=  -0.54820 )

State   19:    4.70275 hartree      127.96841 eV
 1 ->  5:    0.01955  ( c=  -0.11492 )
 1 ->  6:    0.38464  ( c=   0.50968 )
 1 ->  7:    0.90823  ( c=   0.78319 )
 1 ->  8:    0.16363  ( c=  -0.33243 )

State   20:    4.70275 hartree      127.96841 eV
 1 ->  3:    0.01399  ( c=   0.11072 )
 1 ->  6:    0.04721  ( c=   0.20340 )
 1 ->  7:    0.07960  ( c=   0.26412 )
 1 ->  8:    0.99561  ( c=   0.93410 )

State   21:    4.96505 hartree      135.10608 eV
 1 -> 10:    0.04944  ( c=   0.18863 )
 1 -> 11:    0.44628  ( c=  -0.56669 )
 1 -> 12:    0.89353  ( c=   0.80186 )

State   22:    4.96505 hartree      135.10608 eV
 1 -> 10:    0.11081  ( c=   0.28138 )
 1 -> 11:    0.92563  ( c=   0.81326 )
 1 -> 12:    0.36184  ( c=   0.50848 )

State   23:    4.96505 hartree      135.10608 eV
 1 -> 10:    0.99372  ( c=  -0.94052 )
 1 -> 11:    0.01890  ( c=   0.12971 )
 1 -> 12:    0.11030  ( c=   0.31335 )

State   24:    4.96505 hartree      135.10608 eV
 1 -> 13:    0.95993  ( c=   0.87951 )
 1 -> 14:    0.28023  ( c=   0.47521 )

State   25:    4.96505 hartree      135.10608 eV
 1 -> 13:    0.28010  ( c=   0.47504 )
 1 -> 14:    0.95997  ( c=  -0.87942 )

State   26:    5.41213 hartree      147.27157 eV
 1 -> 15:    1.00000  ( c=  -0.99983 )

                    Total CPU time for TDHF energy calculation =      0.018 seconds

