
 ***************************
 * TCCM winter school 2023 *
 ***************************

      ----------------------
             Number of atoms                1
      ----------------------

      ----------------------
         Number of electrons                4
      ----------------------

          ------------------
          Molecular geometry
          ------------------
                    Atom n.                 1
                        Z =      4.0000000000
           Atom coordinates:     0.0000000000    0.0000000000    0.0000000000

          ------------------
 Nuclear repulsion energy =      0.0000000000
          ------------------

          Gaussian basis set
          ------------------
                    Atom n.                 1
           number of shells                 6
          ------------------
      s-type shell with K =                 8
                                    Exponents     Contraction
                              2940.0000000000    0.0006800000
                               441.2000000000    0.0052360000
                               100.5000000000    0.0266060000
                                28.4300000000    0.0999930000
                                 9.1690000000    0.2697020000
                                 3.1960000000    0.4514690000
                                 1.1590000000    0.2950740000
                                 0.1811000000    0.0125870000
      s-type shell with K =                 8
                                    Exponents     Contraction
                              2940.0000000000   -0.0001230000
                               441.2000000000   -0.0009660000
                               100.5000000000   -0.0048310000
                                28.4300000000   -0.0193140000
                                 9.1690000000   -0.0532800000
                                 3.1960000000   -0.1207230000
                                 1.1590000000   -0.1334350000
                                 0.1811000000    0.5307670000
      s-type shell with K =                 1
                                    Exponents     Contraction
                                 0.0589000000    1.0000000000
      p-type shell with K =                 3
                                    Exponents     Contraction
                                 3.6190000000    0.0291110000
                                 0.7110000000    0.1693650000
                                 0.1951000000    0.5134580000
      p-type shell with K =                 1
                                    Exponents     Contraction
                                 0.0601800000    1.0000000000
      d-type shell with K =                 1
                                    Exponents     Contraction
                                 0.2380000000    1.0000000000
          ------------------
            Number of shells                6
          ------------------

          ------------------
   Number of basis functions               15
          ------------------

 Scaling integrals by    1.0000000000000000     

 ************************************************
 |      Restricted Hartree-Fock calculation     |
 ************************************************


 ----------------------------------------------------
 | RHF calculation                                  |
 ----------------------------------------------------
 |   # |        HF energy |       Conv |     HL Gap |
 ----------------------------------------------------
 |   1 |   -14.0561124355 |   0.153654 |   0.225356 |
 |   2 |   -14.5596403573 |   0.024381 |   0.279063 |
 |   3 |   -14.5719211750 |   0.004996 |   0.366359 |
 |   4 |   -14.5723450561 |   0.001096 |   0.367571 |
 |   5 |   -14.5723624707 |   0.000248 |   0.367375 |
 |   6 |   -14.5723633017 |   0.000058 |   0.367308 |
 |   7 |   -14.5723633462 |   0.000014 |   0.367290 |
 |   8 |   -14.5723633488 |   0.000003 |   0.367286 |
 ----------------------------------------------------

           ---------------------------------------
           Summary              
           ---------------------------------------
           One-electron energy     -19.0610308102
           Kinetic      energy      14.5596457649
           Potential    energy     -33.6206765751
           ---------------------------------------
           Two-electron energy       4.4886674614
           Coulomb      energy       7.1542741926
           Exchange     energy      -2.6656067312
           ---------------------------------------
           Electronic   energy     -14.5723633488
           Nuclear   repulsion       0.0000000000
           Hartree-Fock energy     -14.5723633488
           ---------------------------------------
           HF HOMO      energy (eV):    -8.409814
           HF LUMO      energy (eV):     1.584542
           HF HOMO-LUMO gap    (eV):     9.994356
           ---------------------------------------

           ---------------------------------------
           Hartree-Fock orbital coefficients      
           ---------------------------------------
                 1              2              3              4              5
      1    -1.00057614    -0.00025410     0.00000000     0.00000000     0.00000000
      2    -0.00566168    -1.00339685     0.00000000     0.00000000     0.00000000
      3     0.00125723    -0.00005943     0.00000000     0.00000000     0.00000000
      4     0.00000000     0.00000000     0.11607403    -0.43052055     0.14467161
      5     0.00000000     0.00000000     0.42518012     0.15550340     0.12162052
      6     0.00000000     0.00000000     0.15968618    -0.10110266    -0.42898668
      7     0.00000000     0.00000000     0.14080767    -0.52225803     0.17549896
      8     0.00000000     0.00000000     0.51577965     0.18863885     0.14753604
      9     0.00000000     0.00000000     0.19371292    -0.12264613    -0.52039732
     10     0.00210763     0.00163335     0.00000000     0.00000000     0.00000000
     11     0.00000000     0.00000000     0.00000000     0.00000000     0.00000000
     12     0.00000000     0.00000000     0.00000000     0.00000000     0.00000000
     13     0.00210763     0.00163335     0.00000000     0.00000000     0.00000000
     14     0.00000000     0.00000000     0.00000000     0.00000000     0.00000000
     15     0.00210763     0.00163335     0.00000000     0.00000000     0.00000000
                 6              7              8              9             10
      1     0.55146370     0.00000000     0.00000000     0.00000000     0.00000000
      2     2.77136762     0.00000000     0.00000000     0.00000000     0.00000000
      3    -3.44284270     0.00000000     0.00000000     0.00000000     0.00000000
      4     0.00000000    -0.09400893     1.08995884    -1.53205223     0.00000000
      5     0.00000000     0.04440294    -1.53225122    -1.09282503     0.00000000
      6     0.00000000     1.87968686     0.09070783    -0.05080738     0.00000000
      7     0.00000000     0.09262428    -1.07390490     1.50948674     0.00000000
      8     0.00000000    -0.04374893     1.50968280     1.07672889     0.00000000
      9     0.00000000    -1.85200108    -0.08937180     0.05005904     0.00000000
     10     0.22954134     0.00000000     0.00000000     0.00000000     0.00362172
     11     0.00000000     0.00000000     0.00000000     0.00000000    -0.20082973
     12     0.00000000     0.00000000     0.00000000     0.00000000    -0.96941217
     13     0.22954134     0.00000000     0.00000000     0.00000000    -0.00232955
     14     0.00000000     0.00000000     0.00000000     0.00000000    -0.14104604
     15     0.22954134     0.00000000     0.00000000     0.00000000    -0.00129216
                11             12             13             14             15
      1     0.00000000     0.00000000     0.00000000     0.00000000     0.49395712
      2     0.00000000     0.00000000     0.00000000     0.00000000     4.41244856
      3     0.00000000     0.00000000     0.00000000     0.00000000    -1.44688363
      4     0.00000000     0.00000000     0.00000000     0.00000000     0.00000000
      5     0.00000000     0.00000000     0.00000000     0.00000000     0.00000000
      6     0.00000000     0.00000000     0.00000000     0.00000000     0.00000000
      7     0.00000000     0.00000000     0.00000000     0.00000000     0.00000000
      8     0.00000000     0.00000000     0.00000000     0.00000000     0.00000000
      9     0.00000000     0.00000000     0.00000000     0.00000000     0.00000000
     10     0.00331118     0.00397601     0.85157479    -0.52419509    -1.43990933
     11    -0.97678640     0.07443254     0.00388290    -0.00068511     0.00000000
     12     0.20911290     0.12847720     0.00214789    -0.00091303     0.00000000
     13    -0.00281212    -0.00167093    -0.87975841    -0.47540405    -1.43990933
     14    -0.04633981    -0.98890721     0.00380108    -0.00259306     0.00000000
     15    -0.00049906    -0.00230508     0.02818363     0.99959915    -1.43990933

           ---------------------------------------
            Hartree-Fock orbital energies         
           ---------------------------------------
                 1
      1    -4.73276090
      2    -0.30905497
      3     0.05823084
      4     0.05823084
      5     0.05823084
      6     0.27656120
      7     0.35014754
      8     0.35014754
      9     0.35014754
     10     0.64425509
     11     0.64425509
     12     0.64425509
     13     0.64425509
     14     0.64425509
     15     1.17282811

                                         Total CPU time for HF =      0.057 seconds

                    Total CPU time for AO to MO transformation =      0.098 seconds


                             The number of occupied orbitals is:     2                            . The number of virtual orbitals is:    13

---------------
CIS EXCITATIONS
---------------

Excitation    1:    1 ->    3
Excitation    2:    1 ->    4
Excitation    3:    1 ->    5
Excitation    4:    1 ->    6
Excitation    5:    1 ->    7
Excitation    6:    1 ->    8
Excitation    7:    1 ->    9
Excitation    8:    1 ->   10
Excitation    9:    1 ->   11
Excitation   10:    1 ->   12
Excitation   11:    1 ->   13
Excitation   12:    1 ->   14
Excitation   13:    1 ->   15
Excitation   14:    2 ->    3
Excitation   15:    2 ->    4
Excitation   16:    2 ->    5
Excitation   17:    2 ->    6
Excitation   18:    2 ->    7
Excitation   19:    2 ->    8
Excitation   20:    2 ->    9
Excitation   21:    2 ->   10
Excitation   22:    2 ->   11
Excitation   23:    2 ->   12
Excitation   24:    2 ->   13
Excitation   25:    2 ->   14
Excitation   26:    2 ->   15
---------------
     CIS MATRIX
---------------

  4.47  0.00 -0.00 -0.00 -0.06  0.09  0.12 -0.00  0.00  0.00 -0.00 -0.00  0.00  0.01  0.00  0.00  0.00  0.01 -0.01 -0.01  0.00 -0.00 -0.00 -0.00  0.00  0.00
  0.00  4.47  0.00  0.00  0.03  0.13 -0.09 -0.00 -0.00  0.00  0.00 -0.00 -0.00  0.00  0.01 -0.00 -0.00 -0.00 -0.01  0.01  0.00  0.00  0.00  0.00 -0.00 -0.00
 -0.00  0.00  4.47  0.00  0.15  0.01  0.06  0.00 -0.00 -0.00  0.00 -0.00  0.00  0.00 -0.00  0.01  0.00 -0.01 -0.00 -0.01 -0.00 -0.00  0.00 -0.00  0.00  0.00
 -0.00  0.00  0.00  4.71 -0.00 -0.00  0.00 -0.00  0.00  0.00  0.00 -0.00 -0.11  0.00 -0.00  0.00 -0.00  0.00  0.00 -0.00  0.00  0.00 -0.00 -0.00 -0.00 -0.01
 -0.06  0.03  0.15 -0.00  4.60  0.00  0.00  0.00  0.00  0.00 -0.00  0.00  0.00  0.01 -0.00 -0.03  0.00  0.04 -0.00 -0.00 -0.00 -0.00 -0.00 -0.00  0.00  0.00
  0.09  0.13  0.01 -0.00  0.00  4.60  0.00  0.00 -0.00  0.00  0.00 -0.00  0.00 -0.02 -0.02 -0.00  0.00 -0.00  0.04 -0.00 -0.00 -0.00 -0.00 -0.00 -0.00  0.00
  0.12 -0.09  0.06  0.00  0.00  0.00  4.60 -0.00 -0.00 -0.00 -0.00  0.00 -0.00 -0.02  0.02 -0.01 -0.00  0.00 -0.00  0.04  0.00  0.00 -0.00  0.00 -0.00 -0.00
 -0.00 -0.00  0.00 -0.00  0.00  0.00 -0.00  4.97 -0.00  0.00  0.00 -0.00 -0.00  0.00  0.00  0.00  0.00 -0.00 -0.00  0.00  0.00 -0.00 -0.00  0.00  0.00  0.00
  0.00 -0.00 -0.00  0.00  0.00 -0.00 -0.00 -0.00  4.97  0.00  0.00 -0.00  0.00 -0.00  0.00 -0.00 -0.00 -0.00 -0.00  0.00 -0.00  0.00 -0.00 -0.00 -0.00 -0.00
  0.00  0.00 -0.00  0.00  0.00  0.00 -0.00  0.00  0.00  4.97  0.00 -0.00  0.00 -0.00  0.00  0.00  0.00 -0.00 -0.00 -0.00 -0.00 -0.00  0.00 -0.00  0.00 -0.00
 -0.00  0.00  0.00  0.00 -0.00  0.00 -0.00  0.00  0.00  0.00  4.97 -0.00 -0.00 -0.00 -0.00  0.00  0.00 -0.00  0.00  0.00  0.00 -0.00 -0.00  0.00  0.00  0.00
 -0.00 -0.00 -0.00 -0.00  0.00 -0.00  0.00 -0.00 -0.00 -0.00 -0.00  4.97  0.00 -0.00  0.00 -0.00  0.00  0.00 -0.00  0.00  0.00 -0.00  0.00  0.00  0.00 -0.00
  0.00 -0.00  0.00 -0.11  0.00  0.00 -0.00 -0.00  0.00  0.00 -0.00  0.00  5.40  0.00 -0.00  0.00 -0.00  0.00  0.00 -0.00  0.00  0.00 -0.00  0.00 -0.00 -0.01
  0.01  0.00  0.00  0.00  0.01 -0.02 -0.02  0.00 -0.00 -0.00 -0.00 -0.00  0.00  0.20  0.00 -0.00 -0.00 -0.01  0.01  0.01  0.00  0.00 -0.00 -0.00  0.00  0.00
  0.00  0.01 -0.00 -0.00 -0.00 -0.02  0.02  0.00  0.00  0.00 -0.00  0.00 -0.00  0.00  0.20  0.00  0.00  0.00  0.02 -0.01 -0.00 -0.00  0.00  0.00 -0.00  0.00
  0.00 -0.00  0.01  0.00 -0.03 -0.00 -0.01  0.00 -0.00  0.00  0.00 -0.00  0.00 -0.00  0.00  0.20 -0.00  0.02  0.00  0.01  0.00 -0.00  0.00  0.00  0.00 -0.00
  0.00 -0.00  0.00 -0.00  0.00  0.00 -0.00  0.00 -0.00  0.00 -0.00  0.00 -0.00 -0.00  0.00 -0.00  0.40  0.00 -0.00  0.00 -0.00  0.00  0.00 -0.00 -0.00 -0.01
  0.01 -0.00 -0.01  0.00  0.04 -0.00  0.00 -0.00 -0.00 -0.00 -0.00  0.00  0.00 -0.01  0.00  0.02  0.00  0.40  0.00 -0.00  0.00  0.00  0.00 -0.00  0.00  0.00
 -0.01 -0.01 -0.00  0.00 -0.00  0.04 -0.00 -0.00 -0.00 -0.00  0.00 -0.00  0.00  0.01  0.02  0.00 -0.00  0.00  0.40  0.00  0.00 -0.00  0.00  0.00 -0.00 -0.00
 -0.01  0.01 -0.01 -0.00 -0.00 -0.00  0.04  0.00  0.00 -0.00  0.00  0.00 -0.00  0.01 -0.01  0.01  0.00 -0.00  0.00  0.40 -0.00 -0.00 -0.00 -0.00 -0.00  0.00
  0.00  0.00 -0.00  0.00 -0.00 -0.00  0.00  0.00 -0.00 -0.00  0.00  0.00  0.00  0.00 -0.00  0.00 -0.00  0.00  0.00 -0.00  0.68 -0.00  0.00  0.00 -0.00 -0.00
 -0.00  0.00 -0.00  0.00 -0.00 -0.00  0.00 -0.00  0.00 -0.00 -0.00 -0.00  0.00  0.00 -0.00 -0.00  0.00  0.00 -0.00 -0.00 -0.00  0.68  0.00  0.00 -0.00 -0.00
 -0.00  0.00  0.00 -0.00 -0.00 -0.00 -0.00 -0.00 -0.00  0.00 -0.00  0.00 -0.00 -0.00  0.00  0.00  0.00  0.00  0.00 -0.00  0.00  0.00  0.68  0.00 -0.00  0.00
 -0.00  0.00 -0.00  0.00 -0.00 -0.00  0.00  0.00 -0.00 -0.00  0.00 -0.00  0.00 -0.00  0.00  0.00  0.00 -0.00  0.00 -0.00  0.00  0.00  0.00  0.68 -0.00 -0.00
  0.00 -0.00  0.00  0.00  0.00 -0.00 -0.00  0.00 -0.00  0.00 -0.00  0.00 -0.00  0.00 -0.00  0.00 -0.00  0.00 -0.00 -0.00 -0.00 -0.00 -0.00 -0.00  0.68  0.00
  0.00 -0.00  0.00 -0.01  0.00  0.00 -0.00  0.00 -0.00 -0.00 -0.00 -0.00 -0.01  0.00  0.00 -0.00 -0.01  0.00 -0.00  0.00 -0.00 -0.00  0.00 -0.00 -0.00  1.19

-----------------------
CIS EXCITATION ENERGIES
-----------------------

Excitation    1:    1 ->    3,    0.19457 hartree        5.29461 eV
Excitation    2:    1 ->    4,    0.19457 hartree        5.29461 eV
Excitation    3:    1 ->    5,    0.19457 hartree        5.29461 eV
Excitation    4:    1 ->    6,    0.40356 hartree       10.98142 eV
Excitation    5:    1 ->    7,    0.40377 hartree       10.98718 eV
Excitation    6:    1 ->    8,    0.40377 hartree       10.98718 eV
Excitation    7:    1 ->    9,    0.40377 hartree       10.98718 eV
Excitation    8:    1 ->   10,    0.68228 hartree       18.56577 eV
Excitation    9:    1 ->   11,    0.68228 hartree       18.56577 eV
Excitation   10:    1 ->   12,    0.68228 hartree       18.56577 eV
Excitation   11:    1 ->   13,    0.68228 hartree       18.56577 eV
Excitation   12:    1 ->   14,    0.68228 hartree       18.56577 eV
Excitation   13:    1 ->   15,    1.19462 hartree       32.50735 eV
Excitation   14:    2 ->    3,    4.35830 hartree      118.59554 eV
Excitation   15:    2 ->    4,    4.35830 hartree      118.59554 eV
Excitation   16:    2 ->    5,    4.35830 hartree      118.59554 eV
Excitation   17:    2 ->    6,    4.68793 hartree      127.56519 eV
Excitation   18:    2 ->    7,    4.70284 hartree      127.97075 eV
Excitation   19:    2 ->    8,    4.70284 hartree      127.97075 eV
Excitation   20:    2 ->    9,    4.70284 hartree      127.97075 eV
Excitation   21:    2 ->   10,    4.96506 hartree      135.10610 eV
Excitation   22:    2 ->   11,    4.96506 hartree      135.10610 eV
Excitation   23:    2 ->   12,    4.96506 hartree      135.10610 eV
Excitation   24:    2 ->   13,    4.96506 hartree      135.10610 eV
Excitation   25:    2 ->   14,    4.96506 hartree      135.10610 eV
Excitation   26:    2 ->   15,    5.41276 hartree      147.28869 eV

                     Total CPU time for CIS energy calculation =      0.034 seconds


----------------
TDHF EXCITATIONS
----------------

Excitation    1:    1 ->    3
Excitation    2:    1 ->    4
Excitation    3:    1 ->    5
Excitation    4:    1 ->    6
Excitation    5:    1 ->    7
Excitation    6:    1 ->    8
Excitation    7:    1 ->    9
Excitation    8:    1 ->   10
Excitation    9:    1 ->   11
Excitation   10:    1 ->   12
Excitation   11:    1 ->   13
Excitation   12:    1 ->   14
Excitation   13:    1 ->   15
Excitation   14:    2 ->    3
Excitation   15:    2 ->    4
Excitation   16:    2 ->    5
Excitation   17:    2 ->    6
Excitation   18:    2 ->    7
Excitation   19:    2 ->    8
Excitation   20:    2 ->    9
Excitation   21:    2 ->   10
Excitation   22:    2 ->   11
Excitation   23:    2 ->   12
Excitation   24:    2 ->   13
Excitation   25:    2 ->   14
Excitation   26:    2 ->   15
          26          26

Constructing A matrix...

Constructing B matrix...


     a_m_b eigenvectors:

  0.00  0.00 -0.00  0.00  0.00  0.00  0.00 -0.00 -0.00  0.00 -0.00 -0.00 -0.00 -0.47 -0.66 -0.18  0.00  0.42  0.22 -0.30 -0.00 -0.00  0.00  0.00  0.00  0.00
 -0.00 -0.00 -0.00 -0.00 -0.00  0.00 -0.00 -0.00 -0.00  0.00  0.00 -0.00  0.00  0.60 -0.51  0.27 -0.00 -0.37  0.25 -0.33 -0.00 -0.00  0.00  0.00  0.00 -0.00
 -0.00  0.00 -0.00  0.00 -0.00 -0.00  0.00  0.00  0.00  0.00  0.00 -0.00 -0.00 -0.33  0.02  0.76  0.00 -0.00 -0.45 -0.33 -0.00 -0.00  0.00  0.00 -0.00  0.00
  0.00  0.00 -0.00 -0.00  0.00 -0.00  0.00  0.00  0.00 -0.00 -0.00  0.00  0.00 -0.00  0.00 -0.00  0.99 -0.00  0.00  0.00 -0.00  0.00 -0.00  0.00  0.00 -0.16
  0.01 -0.00  0.00 -0.00  0.01  0.00 -0.00  0.00  0.00 -0.00 -0.00  0.00 -0.00  0.03 -0.11 -0.55  0.00 -0.31 -0.67 -0.39 -0.00 -0.00  0.00 -0.00 -0.00  0.00
  0.00  0.00  0.00  0.00  0.00 -0.01  0.00 -0.00  0.00  0.00 -0.00  0.00 -0.00 -0.13  0.53 -0.12 -0.00 -0.08  0.44 -0.70 -0.00 -0.00  0.00  0.00  0.00  0.00
 -0.00 -0.00  0.00 -0.00  0.00 -0.00 -0.01  0.00 -0.00  0.00 -0.00 -0.00  0.00  0.54  0.13 -0.00  0.00  0.77 -0.22 -0.23 -0.00 -0.00  0.00 -0.00 -0.00 -0.00
  0.00 -0.00  0.00  0.00 -0.00 -0.00  0.00 -0.00 -0.00 -0.00 -0.00 -0.00 -0.00  0.00 -0.00  0.00  0.00 -0.00 -0.00 -0.00 -0.32  0.84  0.44 -0.02 -0.00 -0.00
  0.00 -0.00 -0.00 -0.00 -0.00  0.00 -0.00 -0.00  0.00  0.00 -0.00  0.00  0.00  0.00 -0.00  0.00 -0.00  0.00  0.00  0.00 -0.94 -0.33 -0.04  0.01  0.03  0.00
 -0.00 -0.00 -0.00 -0.00  0.00  0.00 -0.00 -0.00 -0.00  0.00  0.00 -0.00  0.00 -0.00  0.00  0.00 -0.00  0.00  0.00 -0.00 -0.11  0.42 -0.90  0.02 -0.01  0.00
 -0.00  0.00 -0.00  0.00 -0.00  0.00  0.00  0.00 -0.00  0.00 -0.00 -0.00 -0.00  0.00 -0.00 -0.00 -0.00 -0.00  0.00 -0.00 -0.02 -0.00  0.02  0.74 -0.67 -0.00
 -0.00  0.00  0.00 -0.00 -0.00  0.00 -0.00  0.00 -0.00  0.00 -0.00  0.00  0.00 -0.00 -0.00 -0.00  0.00 -0.00  0.00 -0.00 -0.02 -0.02 -0.01 -0.67 -0.74  0.00
  0.00  0.00 -0.00 -0.00 -0.00 -0.00  0.00 -0.00 -0.00  0.00  0.00  0.00  0.00  0.00  0.00 -0.00  0.16 -0.00  0.00  0.00  0.00 -0.00  0.00  0.00  0.00  0.99
 -0.47 -0.01  0.87  0.00  0.01  0.07  0.06  0.00  0.00 -0.00 -0.00  0.00  0.00 -0.00 -0.00 -0.00  0.00 -0.00 -0.00  0.00  0.00  0.00 -0.00  0.00  0.00  0.00
  0.39  0.89  0.22 -0.00 -0.04  0.06 -0.06  0.00  0.00 -0.00 -0.00  0.00  0.00  0.00 -0.00  0.00 -0.00  0.00 -0.00  0.00  0.00 -0.00 -0.00  0.00 -0.00 -0.00
  0.78 -0.45  0.42  0.00 -0.09 -0.02  0.03  0.00 -0.00 -0.00 -0.00  0.00 -0.00 -0.00  0.00  0.00  0.00  0.00  0.00  0.00 -0.00 -0.00 -0.00  0.00 -0.00  0.00
 -0.00 -0.00  0.00 -1.00 -0.00 -0.00  0.00  0.00  0.00 -0.00 -0.00  0.00 -0.01  0.00 -0.00  0.00 -0.00 -0.00 -0.00 -0.00 -0.00  0.00  0.00  0.00  0.00 -0.00
 -0.09  0.03 -0.01  0.00 -0.93 -0.36  0.01 -0.00 -0.00  0.00  0.00 -0.00  0.00  0.00 -0.00 -0.01  0.00 -0.00 -0.00 -0.00 -0.00 -0.00 -0.00  0.00  0.00  0.00
 -0.01 -0.06 -0.07 -0.00 -0.36  0.92 -0.16  0.00  0.00 -0.00  0.00  0.00 -0.00 -0.00  0.01 -0.00  0.00 -0.00  0.00 -0.00 -0.00  0.00 -0.00  0.00  0.00  0.00
  0.03  0.06 -0.06  0.00 -0.05  0.15  0.98  0.00  0.00 -0.00  0.00  0.00  0.00  0.01  0.00 -0.00 -0.00  0.00 -0.00 -0.00 -0.00  0.00  0.00 -0.00  0.00 -0.00
 -0.00  0.00 -0.00 -0.00 -0.00 -0.00 -0.00  0.83  0.50  0.24  0.01  0.00 -0.00  0.00 -0.00 -0.00  0.00  0.00 -0.00 -0.00 -0.00  0.00  0.00 -0.00 -0.00  0.00
  0.00 -0.00 -0.00  0.00  0.00  0.00  0.00  0.53 -0.85 -0.07  0.00 -0.00 -0.00 -0.00  0.00  0.00 -0.00  0.00  0.00 -0.00 -0.00 -0.00 -0.00  0.00  0.00 -0.00
 -0.00 -0.00 -0.00  0.00  0.00 -0.00 -0.00  0.16  0.19 -0.97 -0.01  0.00  0.00  0.00 -0.00  0.00 -0.00 -0.00 -0.00 -0.00 -0.00  0.00 -0.00  0.00 -0.00  0.00
  0.00 -0.00  0.00 -0.00  0.00 -0.00  0.00 -0.01  0.00 -0.01  0.97  0.23 -0.00 -0.00 -0.00 -0.00  0.00 -0.00 -0.00 -0.00 -0.00 -0.00  0.00  0.00 -0.00  0.00
  0.00  0.00  0.00 -0.00  0.00  0.00  0.00 -0.00  0.00 -0.00  0.23 -0.97  0.00  0.00  0.00 -0.00  0.00  0.00 -0.00 -0.00 -0.00 -0.00 -0.00 -0.00 -0.00  0.00
 -0.00 -0.00  0.00 -0.01 -0.00 -0.00  0.00  0.00  0.00  0.00  0.00  0.00  1.00 -0.00 -0.00 -0.00 -0.00 -0.00 -0.00  0.00 -0.00  0.00  0.00  0.00 -0.00 -0.00

      a_m_b eigenvalues:

  0.19  0.19  0.19  0.40  0.40  0.40  0.40  0.68  0.68  0.68  0.68  0.68  1.19  4.36  4.36  4.36  4.69  4.70  4.70  4.70  4.97  4.97  4.97  4.97  4.97  5.41

 a_m_b eigenvalues sqrt:

  0.44  0.44  0.44  0.64  0.64  0.64  0.64  0.83  0.83  0.83  0.83  0.83  1.09  2.09  2.09  2.09  2.17  2.17  2.17  2.17  2.23  2.23  2.23  2.23  2.23  2.33

---------------
       C MATRIX
---------------

 19.96  0.00 -0.00 -0.00 -0.50  0.84  1.07  0.00  0.00 -0.00 -0.00 -0.00  0.00  0.05 -0.00  0.00 -0.00  0.03 -0.05 -0.06 -0.00  0.00 -0.00 -0.00  0.00  0.00
  0.00 19.96  0.00  0.00  0.23  1.17 -0.81 -0.00  0.00 -0.00 -0.00 -0.00 -0.00  0.00  0.05  0.00  0.00 -0.01 -0.07  0.05 -0.00  0.00  0.00  0.00 -0.00 -0.00
 -0.00  0.00 19.96  0.00  1.33  0.11  0.55  0.00  0.00 -0.00  0.00  0.00  0.00 -0.00  0.00  0.05 -0.00 -0.07 -0.01 -0.03  0.00 -0.00  0.00  0.00  0.00  0.00
 -0.00  0.00  0.00 22.15 -0.00 -0.00  0.00  0.00  0.00  0.00  0.00 -0.00 -1.13  0.00 -0.00  0.00 -0.01  0.00  0.00 -0.00  0.00  0.00 -0.00  0.00  0.00 -0.04
 -0.50  0.23  1.33 -0.00 21.14 -0.00  0.00  0.00  0.00 -0.00  0.00  0.00  0.00  0.04 -0.02 -0.10 -0.00  0.18 -0.00 -0.00  0.00 -0.00  0.00  0.00  0.00  0.00
  0.84  1.17  0.11 -0.00  0.00 21.14  0.00  0.00  0.00 -0.00 -0.00 -0.00  0.00 -0.06 -0.09 -0.01 -0.00  0.00  0.18 -0.00 -0.00  0.00 -0.00 -0.00  0.00  0.00
  1.07 -0.81  0.55  0.00  0.00  0.00 21.14 -0.00  0.00 -0.00  0.00  0.00 -0.00 -0.08  0.06 -0.04  0.00 -0.00 -0.00  0.18  0.00  0.00 -0.00 -0.00  0.00 -0.00
  0.00 -0.00  0.00  0.00  0.00  0.00 -0.00 24.65 -0.00 -0.00 -0.00  0.00 -0.00  0.00 -0.00 -0.00  0.00 -0.00 -0.00  0.00  0.03 -0.00 -0.00  0.00  0.00  0.00
  0.00  0.00  0.00  0.00  0.00  0.00  0.00 -0.00 24.65 -0.00 -0.00 -0.00  0.00 -0.00  0.00  0.00 -0.00  0.00  0.00 -0.00  0.00  0.03  0.00  0.00  0.00 -0.00
 -0.00 -0.00 -0.00  0.00 -0.00 -0.00 -0.00 -0.00 -0.00 24.65  0.00 -0.00  0.00  0.00  0.00  0.00  0.00  0.00  0.00 -0.00 -0.00 -0.00  0.03  0.00  0.00 -0.00
 -0.00 -0.00  0.00  0.00  0.00 -0.00  0.00 -0.00 -0.00  0.00 24.65  0.00 -0.00 -0.00  0.00  0.00  0.00  0.00 -0.00 -0.00  0.00 -0.00  0.00  0.03  0.00  0.00
 -0.00 -0.00  0.00 -0.00  0.00 -0.00  0.00  0.00 -0.00 -0.00  0.00 24.65  0.00 -0.00 -0.00 -0.00 -0.00 -0.00 -0.00 -0.00 -0.00  0.00 -0.00 -0.00  0.03 -0.00
  0.00 -0.00  0.00 -1.13  0.00  0.00 -0.00 -0.00  0.00  0.00 -0.00  0.00 29.12  0.00 -0.00  0.00 -0.02  0.00  0.00 -0.00 -0.00 -0.00  0.00  0.00  0.00 -0.07
  0.05  0.00 -0.00  0.00  0.04 -0.06 -0.08  0.00 -0.00  0.00 -0.00 -0.00  0.00  0.04  0.00  0.00 -0.00 -0.00  0.01  0.01  0.00 -0.00  0.00 -0.00 -0.00  0.00
 -0.00  0.05  0.00 -0.00 -0.02 -0.09  0.06 -0.00  0.00  0.00  0.00 -0.00 -0.00  0.00  0.04 -0.00  0.00  0.00  0.01 -0.01 -0.00  0.00  0.00  0.00 -0.00  0.00
  0.00  0.00  0.05  0.00 -0.10 -0.01 -0.04 -0.00  0.00  0.00  0.00 -0.00  0.00  0.00 -0.00  0.04 -0.00  0.01  0.00  0.00 -0.00  0.00  0.00 -0.00 -0.00 -0.00
 -0.00  0.00 -0.00 -0.01 -0.00 -0.00  0.00  0.00 -0.00  0.00  0.00 -0.00 -0.02 -0.00  0.00 -0.00  0.16 -0.00 -0.00  0.00  0.00  0.00  0.00 -0.00 -0.00 -0.02
  0.03 -0.01 -0.07  0.00  0.18  0.00 -0.00 -0.00  0.00  0.00  0.00 -0.00  0.00 -0.00  0.00  0.01 -0.00  0.16 -0.00 -0.00 -0.00  0.00 -0.00  0.00  0.00  0.00
 -0.05 -0.07 -0.01  0.00 -0.00  0.18 -0.00 -0.00  0.00  0.00 -0.00 -0.00  0.00  0.01  0.01  0.00 -0.00 -0.00  0.16  0.00  0.00 -0.00  0.00  0.00 -0.00 -0.00
 -0.06  0.05 -0.03 -0.00 -0.00 -0.00  0.18  0.00 -0.00 -0.00 -0.00 -0.00 -0.00  0.01 -0.01  0.00  0.00 -0.00  0.00  0.16  0.00 -0.00  0.00 -0.00 -0.00  0.00
 -0.00 -0.00  0.00  0.00  0.00 -0.00  0.00  0.03  0.00 -0.00  0.00 -0.00 -0.00  0.00 -0.00 -0.00  0.00 -0.00  0.00  0.00  0.47 -0.00 -0.00  0.00 -0.00 -0.00
  0.00  0.00 -0.00  0.00 -0.00  0.00  0.00 -0.00  0.03 -0.00 -0.00  0.00 -0.00 -0.00  0.00  0.00  0.00  0.00 -0.00 -0.00 -0.00  0.47  0.00  0.00  0.00 -0.00
 -0.00  0.00  0.00 -0.00  0.00 -0.00 -0.00 -0.00  0.00  0.03  0.00 -0.00  0.00  0.00  0.00  0.00  0.00 -0.00  0.00  0.00 -0.00  0.00  0.47 -0.00 -0.00  0.00
 -0.00  0.00  0.00  0.00  0.00 -0.00 -0.00  0.00  0.00  0.00  0.03 -0.00  0.00 -0.00  0.00 -0.00 -0.00  0.00  0.00 -0.00  0.00  0.00 -0.00  0.47 -0.00 -0.00
  0.00 -0.00  0.00  0.00  0.00  0.00  0.00  0.00  0.00  0.00  0.00  0.03  0.00 -0.00 -0.00 -0.00 -0.00  0.00 -0.00 -0.00 -0.00  0.00 -0.00 -0.00  0.47  0.00
  0.00 -0.00  0.00 -0.04  0.00  0.00 -0.00  0.00 -0.00 -0.00  0.00 -0.00 -0.07  0.00  0.00 -0.00 -0.02  0.00 -0.00  0.00 -0.00 -0.00  0.00 -0.00 -0.00  1.43

------------------------
TDHF EXCITATION ENERGIES
------------------------

Excitation    1:    1 ->    3,    0.19457 hartree        5.29439 eV
Excitation    2:    1 ->    4,    0.19457 hartree        5.29439 eV
Excitation    3:    1 ->    5,    0.19457 hartree        5.29439 eV
Excitation    4:    1 ->    6,    0.40356 hartree       10.98140 eV
Excitation    5:    1 ->    7,    0.40376 hartree       10.98696 eV
Excitation    6:    1 ->    8,    0.40376 hartree       10.98696 eV
Excitation    7:    1 ->    9,    0.40376 hartree       10.98696 eV
Excitation    8:    1 ->   10,    0.68228 hartree       18.56577 eV
Excitation    9:    1 ->   11,    0.68228 hartree       18.56577 eV
Excitation   10:    1 ->   12,    0.68228 hartree       18.56577 eV
Excitation   11:    1 ->   13,    0.68228 hartree       18.56577 eV
Excitation   12:    1 ->   14,    0.68228 hartree       18.56577 eV
Excitation   13:    1 ->   15,    1.19462 hartree       32.50733 eV
Excitation   14:    2 ->    3,    4.35830 hartree      118.59531 eV
Excitation   15:    2 ->    4,    4.35830 hartree      118.59531 eV
Excitation   16:    2 ->    5,    4.35830 hartree      118.59531 eV
Excitation   17:    2 ->    6,    4.68793 hartree      127.56517 eV
Excitation   18:    2 ->    7,    4.70283 hartree      127.97054 eV
Excitation   19:    2 ->    8,    4.70283 hartree      127.97054 eV
Excitation   20:    2 ->    9,    4.70283 hartree      127.97054 eV
Excitation   21:    2 ->   10,    4.96506 hartree      135.10610 eV
Excitation   22:    2 ->   11,    4.96506 hartree      135.10610 eV
Excitation   23:    2 ->   12,    4.96506 hartree      135.10610 eV
Excitation   24:    2 ->   13,    4.96506 hartree      135.10610 eV
Excitation   25:    2 ->   14,    4.96506 hartree      135.10610 eV
Excitation   26:    2 ->   15,    5.41276 hartree      147.28867 eV

                    Total CPU time for TDHF energy calculation =      0.029 seconds

