
 ***************************
 * TCCM winter school 2023 *
 ***************************

      ----------------------
             Number of atoms                1
      ----------------------

      ----------------------
         Number of electrons                2
      ----------------------

          ------------------
          Molecular geometry
          ------------------
                    Atom n.                 1
                        Z =      2.0000000000
           Atom coordinates:     0.0000000000    0.0000000000    0.0000000000

          ------------------
 Nuclear repulsion energy =      0.0000000000
          ------------------

          Gaussian basis set
          ------------------
                    Atom n.                 1
           number of shells                10
          ------------------
      s-type shell with K =                 1
                                    Exponents     Contraction
                                 1.6090000000    1.0000000000
      s-type shell with K =                 7
                                    Exponents     Contraction
                               528.5000000000    0.0009400000
                                79.3100000000    0.0072140000
                                18.0500000000    0.0359750000
                                 5.0850000000    0.1277820000
                                 1.6090000000    0.3084700000
                                 0.5363000000    0.4530520000
                                 0.1833000000    0.2388840000
      s-type shell with K =                 1
                                    Exponents     Contraction
                                 0.5363000000    1.0000000000
      s-type shell with K =                 1
                                    Exponents     Contraction
                                 0.1833000000    1.0000000000
      p-type shell with K =                 1
                                    Exponents     Contraction
                                 5.9940000000    1.0000000000
      p-type shell with K =                 1
                                    Exponents     Contraction
                                 1.7450000000    1.0000000000
      p-type shell with K =                 1
                                    Exponents     Contraction
                                 0.5600000000    1.0000000000
      d-type shell with K =                 1
                                    Exponents     Contraction
                                 4.2990000000    1.0000000000
      d-type shell with K =                 1
                                    Exponents     Contraction
                                 1.2230000000    1.0000000000
      f-type shell with K =                 1
                                    Exponents     Contraction
                                 2.6800000000    1.0000000000
          ------------------
            Number of shells               10
          ------------------

          ------------------
   Number of basis functions               35
          ------------------

 Scaling integrals by    1.0000000000000000     

 ************************************************
 |      Restricted Hartree-Fock calculation     |
 ************************************************


 ----------------------------------------------------
 | RHF calculation                                  |
 ----------------------------------------------------
 |   # |        HF energy |       Conv |     HL Gap |
 ----------------------------------------------------
 |   1 |    -2.7500974241 |   0.466955 |   1.552957 |
 |   2 |    -2.8601371787 |   0.055638 |   1.238963 |
 |   3 |    -2.8614817753 |   0.007007 |   1.341501 |
 |   4 |    -2.8615136552 |   0.001037 |   1.350634 |
 |   5 |    -2.8615147593 |   0.000175 |   1.351729 |
 |   6 |    -2.8615148025 |   0.000034 |   1.351893 |
 |   7 |    -2.8615148042 |   0.000007 |   1.351921 |
 ----------------------------------------------------

           ---------------------------------------
           Summary              
           ---------------------------------------
           One-electron energy      -3.8873188623
           Kinetic      energy       2.8615676506
           Potential    energy      -6.7488865129
           ---------------------------------------
           Two-electron energy       1.0258040581
           Coulomb      energy       2.0516081162
           Exchange     energy      -1.0258040581
           ---------------------------------------
           Electronic   energy      -2.8615148042
           Nuclear   repulsion       0.0000000000
           Hartree-Fock energy      -2.8615148042
           ---------------------------------------
           HF HOMO      energy (eV):   -24.975936
           HF LUMO      energy (eV):    11.811713
           HF HOMO-LUMO gap    (eV):    36.787650
           ---------------------------------------

           ---------------------------------------
           Hartree-Fock orbital coefficients      
           ---------------------------------------
                 1              2              3              4              5
      1     1.00272255     0.10349288     0.00000000     0.00000000     0.00000000
      2    -0.00124120    -0.47325262     0.00000000     0.00000000     0.00000000
      3    -0.00371671     2.86254695     0.00000000     0.00000000     0.00000000
      4    -0.00005946    -2.07027926     0.00000000     0.00000000     0.00000000
      5     0.00000000     0.00000000     0.00364453    -0.03275406     0.00200690
      6     0.00000000     0.00000000    -0.03278426    -0.00354617     0.00166014
      7     0.00000000     0.00000000    -0.00143136    -0.00217599    -0.03291436
      8     0.00000000     0.00000000    -0.01438885     0.12931523    -0.00792339
      9     0.00000000     0.00000000     0.12943444     0.01400052    -0.00655435
     10     0.00000000     0.00000000     0.00565110     0.00859096     0.12994810
     11     0.00000000     0.00000000     0.12165210    -1.09330977     0.06698917
     12     0.00000000     0.00000000    -1.09431763    -0.11836890     0.05541446
     13     0.00000000     0.00000000    -0.04777786    -0.07263324    -1.09866043
     14     0.00031429    -0.03257666     0.00000000     0.00000000     0.00000000
     15     0.00000000     0.00000000     0.00000000     0.00000000     0.00000000
     16     0.00000000     0.00000000     0.00000000     0.00000000     0.00000000
     17     0.00031429    -0.03257666     0.00000000     0.00000000     0.00000000
     18     0.00000000     0.00000000     0.00000000     0.00000000     0.00000000
     19     0.00031429    -0.03257666     0.00000000     0.00000000     0.00000000
     20     0.00077757    -0.39630157     0.00000000     0.00000000     0.00000000
     21     0.00000000     0.00000000     0.00000000     0.00000000     0.00000000
     22     0.00000000     0.00000000     0.00000000     0.00000000     0.00000000
     23     0.00077757    -0.39630157     0.00000000     0.00000000     0.00000000
     24     0.00000000     0.00000000     0.00000000     0.00000000     0.00000000
     25     0.00077757    -0.39630157     0.00000000     0.00000000     0.00000000
     26     0.00000000     0.00000000    -0.00275444     0.02475463    -0.00151676
     27     0.00000000     0.00000000     0.01108081     0.00119858    -0.00056111
     28     0.00000000     0.00000000     0.00048379     0.00073547     0.01112479
     29     0.00000000     0.00000000    -0.00123182     0.01107061    -0.00067832
     30     0.00000000     0.00000000     0.00000000     0.00000000     0.00000000
     31     0.00000000     0.00000000    -0.00123182     0.01107061    -0.00067832
     32     0.00000000     0.00000000     0.02477745     0.00268010    -0.00125469
     33     0.00000000     0.00000000     0.00048379     0.00073547     0.01112479
     34     0.00000000     0.00000000     0.01108081     0.00119858    -0.00056111
     35     0.00000000     0.00000000     0.00108178     0.00164456     0.02487578
                 6              7              8              9             10
      1     1.93597080     0.00000000     0.00000000     0.00000000     0.00000000
      2     1.94832028     0.00000000     0.00000000     0.00000000     0.00000000
      3    -7.56387185     0.00000000     0.00000000     0.00000000     0.00000000
      4     1.23362241     0.00000000     0.00000000     0.00000000     0.00000000
      5     0.00000000     0.00000000     0.00000000     0.00000000     0.00000000
      6     0.00000000     0.00000000     0.00000000     0.00000000     0.00000000
      7     0.00000000     0.00000000     0.00000000     0.00000000     0.00000000
      8     0.00000000     0.00000000     0.00000000     0.00000000     0.00000000
      9     0.00000000     0.00000000     0.00000000     0.00000000     0.00000000
     10     0.00000000     0.00000000     0.00000000     0.00000000     0.00000000
     11     0.00000000     0.00000000     0.00000000     0.00000000     0.00000000
     12     0.00000000     0.00000000     0.00000000     0.00000000     0.00000000
     13     0.00000000     0.00000000     0.00000000     0.00000000     0.00000000
     14     0.08484753    -0.01591840    -0.10878489     0.00018324     0.00027801
     15     0.00000000    -0.00005213    -0.00001899     0.00380807     0.06262810
     16     0.00000000     0.00015644     0.00037754     0.02816045     0.08676267
     17     0.08484753    -0.08625179     0.06817851    -0.00015961    -0.00007357
     18     0.00000000     0.00009256    -0.00010004    -0.10620810     0.02525056
     19     0.08484753     0.10217019     0.04060638    -0.00002363    -0.00020444
     20     1.30652574     0.15245736     1.04187964    -0.00175500    -0.00266265
     21     0.00000000     0.00049926     0.00018189    -0.03647156    -0.59981620
     22     0.00000000    -0.00149827    -0.00361583    -0.26970476    -0.83096337
     23     1.30652574     0.82607049    -0.65297492     0.00152866     0.00070460
     24     0.00000000    -0.00088646     0.00095808     1.01720061    -0.24183542
     25     1.30652574    -0.97852784    -0.38890472     0.00022634     0.00195804
     26     0.00000000     0.00000000     0.00000000     0.00000000     0.00000000
     27     0.00000000     0.00000000     0.00000000     0.00000000     0.00000000
     28     0.00000000     0.00000000     0.00000000     0.00000000     0.00000000
     29     0.00000000     0.00000000     0.00000000     0.00000000     0.00000000
     30     0.00000000     0.00000000     0.00000000     0.00000000     0.00000000
     31     0.00000000     0.00000000     0.00000000     0.00000000     0.00000000
     32     0.00000000     0.00000000     0.00000000     0.00000000     0.00000000
     33     0.00000000     0.00000000     0.00000000     0.00000000     0.00000000
     34     0.00000000     0.00000000     0.00000000     0.00000000     0.00000000
     35     0.00000000     0.00000000     0.00000000     0.00000000     0.00000000
                11             12             13             14             15
      1     0.00000000     0.00000000     0.00000000     0.00000000     0.75650872
      2     0.00000000     0.00000000     0.00000000     0.00000000     0.90665028
      3     0.00000000     0.00000000     0.00000000     0.00000000    -7.36107165
      4     0.00000000     0.00000000     0.00000000     0.00000000     0.94765658
      5     0.00000000     0.00006169     0.00296918     0.06058892     0.00000000
      6     0.00000000     0.00403721    -0.06045482     0.00295850     0.00000000
      7     0.00000000    -0.06052713    -0.00402936     0.00025909     0.00000000
      8     0.00000000     0.00078819     0.03793518     0.77410203     0.00000000
      9     0.00000000     0.05158061    -0.77238873     0.03779870     0.00000000
     10     0.00000000    -0.77331266    -0.05148031     0.00331020     0.00000000
     11     0.00000000    -0.00084914    -0.04086866    -0.83396247     0.00000000
     12     0.00000000    -0.05556928     0.83211668    -0.04072163     0.00000000
     13     0.00000000     0.83311206     0.05546123    -0.00356618     0.00000000
     14    -0.00023266     0.00000000     0.00000000     0.00000000     0.18975203
     15     0.09028250     0.00000000     0.00000000     0.00000000     0.00000000
     16    -0.06137405     0.00000000     0.00000000     0.00000000     0.00000000
     17     0.00002231     0.00000000     0.00000000     0.00000000     0.18975203
     18    -0.01303623     0.00000000     0.00000000     0.00000000     0.00000000
     19     0.00021035     0.00000000     0.00000000     0.00000000     0.18975203
     20     0.00222827     0.00000000     0.00000000     0.00000000     2.35171439
     21    -0.86467430     0.00000000     0.00000000     0.00000000     0.00000000
     22     0.58780564     0.00000000     0.00000000     0.00000000     0.00000000
     23    -0.00021364     0.00000000     0.00000000     0.00000000     2.35171439
     24     0.12485353     0.00000000     0.00000000     0.00000000     0.00000000
     25    -0.00201463     0.00000000     0.00000000     0.00000000     2.35171439
     26     0.00000000     0.00037815     0.01819995     0.37138667     0.00000000
     27     0.00000000     0.01106699    -0.16572157     0.00810998     0.00000000
     28     0.00000000    -0.16591980    -0.01104547     0.00071023     0.00000000
     29     0.00000000     0.00016911     0.00813927     0.16608917     0.00000000
     30     0.00000000     0.00000000     0.00000000     0.00000000     0.00000000
     31     0.00000000     0.00016911     0.00813927     0.16608917     0.00000000
     32     0.00000000     0.02474654    -0.37056469     0.01813447     0.00000000
     33     0.00000000    -0.16591980    -0.01104547     0.00071023     0.00000000
     34     0.00000000     0.01106699    -0.16572157     0.00810998     0.00000000
     35     0.00000000    -0.37100796    -0.02469843     0.00158812     0.00000000
                16             17             18             19             20
      1     0.00000000     0.00000000     0.00000000     0.00000000     0.00000000
      2     0.00000000     0.00000000     0.00000000     0.00000000     0.00000000
      3     0.00000000     0.00000000     0.00000000     0.00000000     0.00000000
      4     0.00000000     0.00000000     0.00000000     0.00000000     0.00000000
      5     0.00000000     0.00000000     0.00000000     0.00000000     0.00000000
      6     0.00000000     0.00000000     0.00000000     0.00000000     0.00000000
      7     0.00000000     0.00000000     0.00000000     0.00000000     0.00000000
      8     0.00000000     0.00000000     0.00000000     0.00000000     0.00000000
      9     0.00000000     0.00000000     0.00000000     0.00000000     0.00000000
     10     0.00000000     0.00000000     0.00000000     0.00000000     0.00000000
     11     0.00000000     0.00000000     0.00000000     0.00000000     0.00000000
     12     0.00000000     0.00000000     0.00000000     0.00000000     0.00000000
     13     0.00000000     0.00000000     0.00000000     0.00000000     0.00000000
     14     0.00000000     0.00000000     0.00000000     0.00000000     0.00000000
     15     0.00000000     0.00000000     0.00000000     0.00000000     0.00000000
     16     0.00000000     0.00000000     0.00000000     0.00000000     0.00000000
     17     0.00000000     0.00000000     0.00000000     0.00000000     0.00000000
     18     0.00000000     0.00000000     0.00000000     0.00000000     0.00000000
     19     0.00000000     0.00000000     0.00000000     0.00000000     0.00000000
     20     0.00000000     0.00000000     0.00000000     0.00000000     0.00000000
     21     0.00000000     0.00000000     0.00000000     0.00000000     0.00000000
     22     0.00000000     0.00000000     0.00000000     0.00000000     0.00000000
     23     0.00000000     0.00000000     0.00000000     0.00000000     0.00000000
     24     0.00000000     0.00000000     0.00000000     0.00000000     0.00000000
     25     0.00000000     0.00000000     0.00000000     0.00000000     0.00000000
     26    -0.00016533     0.00318803     0.00328454     0.00087740     0.42956246
     27    -0.82979839     0.23012172     0.06570962     0.00642125     0.60804268
     28     0.01935801    -0.17257158     0.84707340     0.00315093    -0.00667145
     29     0.24073356     0.81403105     0.15878595     0.00551809    -0.28784013
     30    -0.00681061     0.00839587     0.00558572    -0.99992304    -0.00169169
     31    -0.24051175    -0.81830824    -0.16319262    -0.00669525    -0.28847838
     32    -0.00281837     0.00305059    -0.00001272     0.00231364    -0.90299704
     33    -0.01820898     0.17324580    -0.84966644    -0.00316671    -0.00367047
     34     0.83357963    -0.23421451    -0.06569255    -0.00952533     0.60345499
     35    -0.00085644    -0.00050253     0.00193274     0.00001176     0.00770841
                21             22             23             24             25
      1     0.00000000     0.00000000     0.00000000     0.00000000     0.00000000
      2     0.00000000     0.00000000     0.00000000     0.00000000     0.00000000
      3     0.00000000     0.00000000     0.00000000     0.00000000     0.00000000
      4     0.00000000     0.00000000     0.00000000     0.00000000     0.00000000
      5     0.00000000     0.00000000    -0.54618955    -0.00224523    -0.02985649
      6     0.00000000     0.00000000    -0.02991146     0.01678036     0.54593332
      7     0.00000000     0.00000000     0.00132491    -0.54674752     0.01687797
      8     0.00000000     0.00000000     5.67454556     0.02332640     0.31018900
      9     0.00000000     0.00000000     0.31076013    -0.17433673    -5.67188359
     10     0.00000000     0.00000000    -0.01376498     5.68034252    -0.17535091
     11     0.00000000     0.00000000     0.05052614     0.00020770     0.00276192
     12     0.00000000     0.00000000     0.00276701    -0.00155229    -0.05050244
     13     0.00000000     0.00000000    -0.00012256     0.05057776    -0.00156132
     14     0.00000000     0.00000000     0.00000000     0.00000000     0.00000000
     15     0.00000000     0.00000000     0.00000000     0.00000000     0.00000000
     16     0.00000000     0.00000000     0.00000000     0.00000000     0.00000000
     17     0.00000000     0.00000000     0.00000000     0.00000000     0.00000000
     18     0.00000000     0.00000000     0.00000000     0.00000000     0.00000000
     19     0.00000000     0.00000000     0.00000000     0.00000000     0.00000000
     20     0.00000000     0.00000000     0.00000000     0.00000000     0.00000000
     21     0.00000000     0.00000000     0.00000000     0.00000000     0.00000000
     22     0.00000000     0.00000000     0.00000000     0.00000000     0.00000000
     23     0.00000000     0.00000000     0.00000000     0.00000000     0.00000000
     24     0.00000000     0.00000000     0.00000000     0.00000000     0.00000000
     25     0.00000000     0.00000000     0.00000000     0.00000000     0.00000000
     26    -0.90302387     0.00149872    -3.58819896    -0.01475004    -0.19614255
     27     0.29043990    -0.00695806    -0.08787913     0.04930027     1.60393859
     28    -0.00181839    -0.67249775     0.00389257    -1.60633067     0.04958707
     29     0.60934795    -0.00072191    -1.60469136    -0.00659642    -0.08771762
     30    -0.00172504     0.00002159     0.00000000     0.00000000     0.00000000
     31     0.60218570    -0.00128884    -1.60469136    -0.00659642    -0.08771762
     32    -0.42952086     0.00925036    -0.19650370     0.11023876     3.58651572
     33    -0.00533505    -0.66908094     0.00389257    -1.60633067     0.04958707
     34     0.28582280    -0.00545261    -0.08787913     0.04930027     1.60393859
     35     0.00533186     0.99995371     0.00870404    -3.59186457     0.11088006
                26             27             28             29             30
      1     0.00000000     0.00000000     0.00000000     0.00000000     0.00000000
      2     0.00000000     0.00000000     0.00000000     0.00000000     0.00000000
      3     0.00000000     0.00000000     0.00000000     0.00000000     0.00000000
      4     0.00000000     0.00000000     0.00000000     0.00000000     0.00000000
      5     0.00000000     0.00000000     0.00000000     0.00000000     0.00000000
      6     0.00000000     0.00000000     0.00000000     0.00000000     0.00000000
      7     0.00000000     0.00000000     0.00000000     0.00000000     0.00000000
      8     0.00000000     0.00000000     0.00000000     0.00000000     0.00000000
      9     0.00000000     0.00000000     0.00000000     0.00000000     0.00000000
     10     0.00000000     0.00000000     0.00000000     0.00000000     0.00000000
     11     0.00000000     0.00000000     0.00000000     0.00000000     0.00000000
     12     0.00000000     0.00000000     0.00000000     0.00000000     0.00000000
     13     0.00000000     0.00000000     0.00000000     0.00000000     0.00000000
     14     0.73770845     0.90429444     0.00525811     0.00556562    -0.01998633
     15    -0.00368157    -0.01811970    -0.14604631    -0.37002703    -1.09719135
     16     0.00851636    -0.00201914    -1.11203267     0.35340514     0.02884095
     17     0.41445609    -1.09098954     0.00360568    -0.00636805     0.01829427
     18     0.00451192     0.01341948    -0.32310153    -1.04907433     0.39657064
     19    -1.15216454     0.18669511    -0.00886379     0.00080243     0.00169207
     20    -0.32580275    -0.39937405    -0.00232220    -0.00245801     0.00882680
     21     0.00162594     0.00800241     0.06450013     0.16341933     0.48456536
     22    -0.00376118     0.00089173     0.49111990    -0.15607842    -0.01273737
     23    -0.18304105     0.48182638    -0.00159242     0.00281240    -0.00807951
     24    -0.00199265    -0.00592660     0.14269508     0.46331488    -0.17514209
     25     0.50884380    -0.08245233     0.00391462    -0.00035439    -0.00074729
     26     0.00000000     0.00000000     0.00000000     0.00000000     0.00000000
     27     0.00000000     0.00000000     0.00000000     0.00000000     0.00000000
     28     0.00000000     0.00000000     0.00000000     0.00000000     0.00000000
     29     0.00000000     0.00000000     0.00000000     0.00000000     0.00000000
     30     0.00000000     0.00000000     0.00000000     0.00000000     0.00000000
     31     0.00000000     0.00000000     0.00000000     0.00000000     0.00000000
     32     0.00000000     0.00000000     0.00000000     0.00000000     0.00000000
     33     0.00000000     0.00000000     0.00000000     0.00000000     0.00000000
     34     0.00000000     0.00000000     0.00000000     0.00000000     0.00000000
     35     0.00000000     0.00000000     0.00000000     0.00000000     0.00000000
                31             32             33             34             35
      1   -12.41322485     0.00000000     0.00000000     0.00000000   -30.88736512
      2     4.73897186     0.00000000     0.00000000     0.00000000    21.71665733
      3     9.80652259     0.00000000     0.00000000     0.00000000    22.50531501
      4     2.34867672     0.00000000     0.00000000     0.00000000     6.26412162
      5     0.00000000    -6.06503729    -0.03750602    -0.40976622     0.00000000
      6     0.00000000    -0.41086202     0.22058219     6.06106659     0.00000000
      7     0.00000000     0.02252670    -6.07486042     0.22261121     0.00000000
      8     0.00000000    20.71331114     0.12809054     1.39943330     0.00000000
      9     0.00000000     1.40317569    -0.75333215   -20.69975043     0.00000000
     10     0.00000000    -0.07693318    20.74685911    -0.76026166     0.00000000
     11     0.00000000    -1.14139683    -0.00705837    -0.07711508     0.00000000
     12     0.00000000    -0.07732131     0.04151200     1.14064958     0.00000000
     13     0.00000000     0.00423937    -1.14324548     0.04189385     0.00000000
     14     0.03668413     0.00000000     0.00000000     0.00000000    -4.00693434
     15     0.00000000     0.00000000     0.00000000     0.00000000     0.00000000
     16     0.00000000     0.00000000     0.00000000     0.00000000     0.00000000
     17     0.03668413     0.00000000     0.00000000     0.00000000    -4.00693434
     18     0.00000000     0.00000000     0.00000000     0.00000000     0.00000000
     19     0.03668413     0.00000000     0.00000000     0.00000000    -4.00693434
     20    -1.70118298     0.00000000     0.00000000     0.00000000    -4.35967640
     21     0.00000000     0.00000000     0.00000000     0.00000000     0.00000000
     22     0.00000000     0.00000000     0.00000000     0.00000000     0.00000000
     23    -1.70118298     0.00000000     0.00000000     0.00000000    -4.35967640
     24     0.00000000     0.00000000     0.00000000     0.00000000     0.00000000
     25    -1.70118298     0.00000000     0.00000000     0.00000000    -4.35967640
     26     0.00000000   -10.87102727    -0.06722613    -0.73446864     0.00000000
     27     0.00000000    -0.32934275     0.17681640     4.85848832     0.00000000
     28     0.00000000     0.01805717    -4.86954531     0.17844285     0.00000000
     29     0.00000000    -4.86167119    -0.03006444    -0.32846436     0.00000000
     30     0.00000000     0.00000000     0.00000000     0.00000000     0.00000000
     31     0.00000000    -4.86167119    -0.03006444    -0.32846436     0.00000000
     32     0.00000000    -0.73643278     0.39537350    10.86391016     0.00000000
     33     0.00000000     0.01805717    -4.86954531     0.17844285     0.00000000
     34     0.00000000    -0.32934275     0.17681640     4.85848832     0.00000000
     35     0.00000000     0.04037706   -10.88863434     0.39901034     0.00000000

           ---------------------------------------
            Hartree-Fock orbital energies         
           ---------------------------------------
                 1
      1    -0.91784874
      2     0.43407246
      3     1.08975385
      4     1.08975385
      5     1.08975385
      6     2.00242991
      7     3.88794212
      8     3.88794212
      9     3.88794212
     10     3.88794212
     11     3.88794212
     12     4.74908490
     13     4.74908490
     14     4.74908490
     15     5.42952763
     16    11.59001265
     17    11.59001265
     18    11.59001265
     19    11.59001265
     20    11.59001265
     21    11.59001265
     22    11.59001265
     23    16.16236492
     24    16.16236492
     25    16.16236492
     26    16.19439946
     27    16.19439946
     28    16.19439946
     29    16.19439946
     30    16.19439946
     31    17.64145899
     32    32.96308667
     33    32.96308667
     34    32.96308667
     35    34.34982790

                                         Total CPU time for HF =      0.570 seconds

                    Total CPU time for AO to MO transformation =      0.863 seconds


                             The number of occupied orbitals is:     1                            . The number of virtual orbitals is:    34

---------------
CIS EXCITATIONS
---------------

Excitation    1:    1 ->    2
Excitation    2:    1 ->    3
Excitation    3:    1 ->    4
Excitation    4:    1 ->    5
Excitation    5:    1 ->    6
Excitation    6:    1 ->    7
Excitation    7:    1 ->    8
Excitation    8:    1 ->    9
Excitation    9:    1 ->   10
Excitation   10:    1 ->   11
Excitation   11:    1 ->   12
Excitation   12:    1 ->   13
Excitation   13:    1 ->   14
Excitation   14:    1 ->   15
Excitation   15:    1 ->   16
Excitation   16:    1 ->   17
Excitation   17:    1 ->   18
Excitation   18:    1 ->   19
Excitation   19:    1 ->   20
Excitation   20:    1 ->   21
Excitation   21:    1 ->   22
Excitation   22:    1 ->   23
Excitation   23:    1 ->   24
Excitation   24:    1 ->   25
Excitation   25:    1 ->   26
Excitation   26:    1 ->   27
Excitation   27:    1 ->   28
Excitation   28:    1 ->   29
Excitation   29:    1 ->   30
Excitation   30:    1 ->   31
Excitation   31:    1 ->   32
Excitation   32:    1 ->   33
Excitation   33:    1 ->   34
Excitation   34:    1 ->   35

 Building CIS matrix...

 Diagonalizing CIS matrix...

-----------------------
CIS EXCITATION ENERGIES
-----------------------

State    1:    1.03495 hartree       28.16244 eV
 1 ->  2:    1.00000  ( c=   0.99989 )

State    2:    1.51679 hartree       41.27404 eV
 1 ->  3:    0.95502  ( c=   0.87341 )
 1 ->  4:    0.29653  ( c=   0.48668 )

State    3:    1.51679 hartree       41.27404 eV
 1 ->  5:    0.99999  ( c=  -0.99669 )

State    4:    1.51679 hartree       41.27404 eV
 1 ->  3:    0.29486  ( c=   0.48407 )
 1 ->  4:    0.95551  ( c=  -0.87140 )

State    5:    2.47128 hartree       67.24712 eV
 1 ->  6:    1.00000  ( c=   0.99984 )

State    6:    4.11364 hartree      111.93780 eV
 1 ->  7:    1.00000  ( c=   0.99934 )

State    7:    4.11364 hartree      111.93780 eV
 1 ->  8:    1.00000  ( c=  -0.99934 )

State    8:    4.11364 hartree      111.93780 eV
 1 ->  9:    0.99999  ( c=  -0.99763 )

State    9:    4.11364 hartree      111.93780 eV
 1 -> 10:    0.94642  ( c=  -0.86287 )
 1 -> 11:    0.32294  ( c=  -0.50404 )

State   10:    4.11364 hartree      111.93780 eV
 1 -> 10:    0.32580  ( c=   0.50539 )
 1 -> 11:    0.94543  ( c=  -0.86094 )

State   11:    4.96375 hartree      135.07059 eV
 1 -> 12:    1.00000  ( c=  -0.99992 )

State   12:    4.96375 hartree      135.07059 eV
 1 -> 13:    0.96226  ( c=  -0.88286 )
 1 -> 14:    0.27212  ( c=   0.46949 )

State   13:    4.96375 hartree      135.07059 eV
 1 -> 13:    0.27217  ( c=   0.46954 )
 1 -> 14:    0.96225  ( c=   0.88287 )

State   14:    5.68604 hartree      154.72517 eV
 1 -> 15:    1.00000  ( c=   0.99981 )

State   15:   11.61606 hartree      316.08922 eV
 1 -> 16:    0.99849  ( c=  -0.97327 )
 1 -> 17:    0.05502  ( c=  -0.22847 )

State   16:   11.61606 hartree      316.08922 eV
 1 -> 16:    0.05481  ( c=   0.22799 )
 1 -> 17:    0.99850  ( c=  -0.97306 )

State   17:   11.61606 hartree      316.08922 eV
 1 -> 18:    1.00000  ( c=  -0.99937 )

State   18:   11.61606 hartree      316.08922 eV
 1 -> 19:    1.00000  ( c=  -0.99976 )

State   19:   11.61606 hartree      316.08922 eV
 1 -> 20:    0.99997  ( c=  -0.99535 )

State   20:   11.61606 hartree      316.08922 eV
 1 -> 21:    0.93942  ( c=  -0.85439 )
 1 -> 22:    0.34273  ( c=  -0.51606 )

State   21:   11.61606 hartree      316.08922 eV
 1 -> 21:    0.33651  ( c=   0.51168 )
 1 -> 22:    0.94165  ( c=  -0.85593 )

State   22:   16.07851 hartree      437.51884 eV
 1 -> 23:    1.00000  ( c=  -0.99997 )

State   23:   16.07851 hartree      437.51884 eV
 1 -> 24:    1.00000  ( c=   0.99997 )

State   24:   16.07851 hartree      437.51884 eV
 1 -> 25:    1.00000  ( c=  -0.99997 )

State   25:   16.08990 hartree      437.82869 eV
 1 -> 26:    1.00000  ( c=   0.99952 )

State   26:   16.08990 hartree      437.82869 eV
 1 -> 27:    1.00000  ( c=  -0.99951 )

State   27:   16.08990 hartree      437.82869 eV
 1 -> 28:    0.99999  ( c=   0.99790 )

State   28:   16.08990 hartree      437.82869 eV
 1 -> 29:    0.99999  ( c=   0.99800 )

State   29:   16.08990 hartree      437.82869 eV
 1 -> 30:    0.99998  ( c=  -0.99599 )

State   30:   17.53605 hartree      477.18056 eV
 1 -> 31:    1.00000  ( c=   0.99995 )

State   31:   32.83980 hartree      893.61679 eV
 1 -> 32:    1.00000  ( c=  -0.99998 )

State   32:   32.83980 hartree      893.61679 eV
 1 -> 33:    1.00000  ( c=   0.99998 )

State   33:   32.83980 hartree      893.61679 eV
 1 -> 34:    1.00000  ( c=  -0.99998 )

State   34:   34.38059 hartree      935.54403 eV
 1 -> 35:    1.00000  ( c=   0.99998 )


                     Total CPU time for CIS energy calculation =      0.034 seconds


----------------
TDHF EXCITATIONS
----------------

Excitation    1:    1 ->    2
Excitation    2:    1 ->    3
Excitation    3:    1 ->    4
Excitation    4:    1 ->    5
Excitation    5:    1 ->    6
Excitation    6:    1 ->    7
Excitation    7:    1 ->    8
Excitation    8:    1 ->    9
Excitation    9:    1 ->   10
Excitation   10:    1 ->   11
Excitation   11:    1 ->   12
Excitation   12:    1 ->   13
Excitation   13:    1 ->   14
Excitation   14:    1 ->   15
Excitation   15:    1 ->   16
Excitation   16:    1 ->   17
Excitation   17:    1 ->   18
Excitation   18:    1 ->   19
Excitation   19:    1 ->   20
Excitation   20:    1 ->   21
Excitation   21:    1 ->   22
Excitation   22:    1 ->   23
Excitation   23:    1 ->   24
Excitation   24:    1 ->   25
Excitation   25:    1 ->   26
Excitation   26:    1 ->   27
Excitation   27:    1 ->   28
Excitation   28:    1 ->   29
Excitation   29:    1 ->   30
Excitation   30:    1 ->   31
Excitation   31:    1 ->   32
Excitation   32:    1 ->   33
Excitation   33:    1 ->   34
Excitation   34:    1 ->   35

 Constructing A matrix ...

 Constructing B matrix ...

 Calculating (A-B)**0.5 ...

 Building C matrix ...

 Diagonalizing C matrix ...

------------------------
TDHF EXCITATION ENERGIES
------------------------

State    1:    1.02965 hartree       28.01818 eV
 1 ->  2:    1.00000  ( c=   0.99979 )

State    2:    1.51275 hartree       41.16394 eV
 1 ->  3:    0.97480  ( c=  -0.90187 )
 1 ->  4:    0.22306  ( c=  -0.43142 )

State    3:    1.51275 hartree       41.16394 eV
 1 ->  5:    0.99999  ( c=  -0.99771 )

State    4:    1.51275 hartree       41.16394 eV
 1 ->  3:    0.22447  ( c=   0.43180 )
 1 ->  4:    0.97447  ( c=  -0.89966 )

State    5:    2.46498 hartree       67.07555 eV
 1 ->  6:    1.00000  ( c=   0.99965 )

State    6:    4.11320 hartree      111.92605 eV
 1 ->  7:    0.99980  ( c=  -0.99007 )
 1 ->  8:    0.02010  ( c=   0.14037 )

State    7:    4.11320 hartree      111.92605 eV
 1 ->  7:    0.02009  ( c=  -0.14033 )
 1 ->  8:    0.99980  ( c=  -0.99006 )

State    8:    4.11320 hartree      111.92605 eV
 1 ->  9:    0.99999  ( c=   0.99800 )

State    9:    4.11320 hartree      111.92605 eV
 1 -> 10:    0.74584  ( c=   0.72591 )
 1 -> 11:    0.66612  ( c=   0.68602 )

State   10:    4.11320 hartree      111.92605 eV
 1 -> 10:    0.66895  ( c=   0.68767 )
 1 -> 11:    0.74330  ( c=  -0.72488 )

State   11:    4.96078 hartree      134.98973 eV
 1 -> 12:    1.00000  ( c=  -0.99915 )

State   12:    4.96078 hartree      134.98973 eV
 1 -> 13:    0.99982  ( c=  -0.99043 )
 1 -> 14:    0.01885  ( c=   0.13601 )

State   13:    4.96078 hartree      134.98973 eV
 1 -> 13:    0.01905  ( c=  -0.13665 )
 1 -> 14:    0.99982  ( c=  -0.98998 )

State   14:    5.68267 hartree      154.63339 eV
 1 -> 15:    1.00000  ( c=  -0.99978 )

State   15:   11.61597 hartree      316.08685 eV
 1 -> 16:    0.99988  ( c=   0.99205 )
 1 -> 17:    0.01567  ( c=   0.12419 )

State   16:   11.61597 hartree      316.08685 eV
 1 -> 16:    0.01589  ( c=   0.12490 )
 1 -> 17:    0.99987  ( c=  -0.99077 )

State   17:   11.61597 hartree      316.08685 eV
 1 -> 18:    1.00000  ( c=   0.99851 )

State   18:   11.61597 hartree      316.08685 eV
 1 -> 19:    1.00000  ( c=  -0.99989 )

State   19:   11.61597 hartree      316.08685 eV
 1 -> 20:    0.99960  ( c=  -0.98069 )
 1 -> 21:    0.01840  ( c=   0.13305 )
 1 -> 22:    0.02134  ( c=  -0.14330 )

State   20:   11.61597 hartree      316.08685 eV
 1 -> 20:    0.04468  ( c=   0.18604 )
 1 -> 21:    0.95590  ( c=   0.86054 )
 1 -> 22:    0.29026  ( c=  -0.47419 )

State   21:   11.61597 hartree      316.08685 eV
 1 -> 21:    0.30511  ( c=  -0.49169 )
 1 -> 22:    0.95231  ( c=  -0.86867 )

State   22:   16.07797 hartree      437.50395 eV
 1 -> 23:    1.00000  ( c=   0.99996 )

State   23:   16.07797 hartree      437.50395 eV
 1 -> 24:    1.00000  ( c=  -0.99995 )

State   24:   16.07797 hartree      437.50395 eV
 1 -> 25:    1.00000  ( c=  -0.99995 )

State   25:   16.08968 hartree      437.82268 eV
 1 -> 26:    1.00000  ( c=   0.99852 )

State   26:   16.08968 hartree      437.82268 eV
 1 -> 27:    1.00000  ( c=   0.99862 )

State   27:   16.08968 hartree      437.82268 eV
 1 -> 28:    0.99042  ( c=   0.93536 )
 1 -> 29:    0.13802  ( c=   0.34917 )

State   28:   16.08968 hartree      437.82268 eV
 1 -> 28:    0.15201  ( c=  -0.34941 )
 1 -> 29:    0.98219  ( c=   0.88817 )
 1 -> 30:    0.11046  ( c=   0.29785 )

State   29:   16.08968 hartree      437.82268 eV
 1 -> 29:    0.09740  ( c=   0.29811 )
 1 -> 30:    0.99524  ( c=  -0.95293 )

State   30:   17.53513 hartree      477.15539 eV
 1 -> 31:    1.00000  ( c=   0.99994 )

State   31:   32.83972 hartree      893.61486 eV
 1 -> 32:    1.00000  ( c=  -0.99998 )

State   32:   32.83972 hartree      893.61486 eV
 1 -> 33:    1.00000  ( c=  -0.99998 )

State   33:   32.83972 hartree      893.61486 eV
 1 -> 34:    1.00000  ( c=  -0.99998 )

State   34:   34.38058 hartree      935.54381 eV
 1 -> 35:    1.00000  ( c=   0.99998 )

                    Total CPU time for TDHF energy calculation =      0.005 seconds

