
 ***************************
 * TCCM winter school 2023 *
 ***************************

      ----------------------
             Number of atoms                1
      ----------------------

      ----------------------
         Number of electrons                2
      ----------------------

          ------------------
          Molecular geometry
          ------------------
                    Atom n.                 1
                        Z =      2.0000000000
           Atom coordinates:     0.0000000000    0.0000000000    0.0000000000

          ------------------
 Nuclear repulsion energy =      0.0000000000
          ------------------

          Gaussian basis set
          ------------------
                    Atom n.                 1
           number of shells                 6
          ------------------
      s-type shell with K =                 4
                                    Exponents     Contraction
                               234.0000000000    0.0025870000
                                35.1600000000    0.0195330000
                                 7.9890000000    0.0909980000
                                 2.2120000000    0.2720500000
      s-type shell with K =                 1
                                    Exponents     Contraction
                                 0.6669000000    1.0000000000
      s-type shell with K =                 1
                                    Exponents     Contraction
                                 0.2089000000    1.0000000000
      p-type shell with K =                 1
                                    Exponents     Contraction
                                 3.0440000000    1.0000000000
      p-type shell with K =                 1
                                    Exponents     Contraction
                                 0.7580000000    1.0000000000
      d-type shell with K =                 1
                                    Exponents     Contraction
                                 1.9650000000    1.0000000000
          ------------------
            Number of shells                6
          ------------------

          ------------------
   Number of basis functions               15
          ------------------

 Scaling integrals by    1.0000000000000000     

 ************************************************
 |      Restricted Hartree-Fock calculation     |
 ************************************************


 ----------------------------------------------------
 | RHF calculation                                  |
 ----------------------------------------------------
 |   # |        HF energy |       Conv |     HL Gap |
 ----------------------------------------------------
 |   1 |    -2.7517043176 |   0.321023 |   1.595490 |
 |   2 |    -2.8597779740 |   0.035357 |   1.402910 |
 |   3 |    -2.8611207732 |   0.005569 |   1.498712 |
 |   4 |    -2.8611525834 |   0.000944 |   1.506680 |
 |   5 |    -2.8611535428 |   0.000164 |   1.507619 |
 |   6 |    -2.8611535730 |   0.000029 |   1.507757 |
 |   7 |    -2.8611535740 |   0.000005 |   1.507779 |
 ----------------------------------------------------

           ---------------------------------------
           Summary              
           ---------------------------------------
           One-electron energy      -3.8870491236
           Kinetic      energy       2.8611282395
           Potential    energy      -6.7481773631
           ---------------------------------------
           Two-electron energy       1.0258955496
           Coulomb      energy       2.0517910991
           Exchange     energy      -1.0258955496
           ---------------------------------------
           Electronic   energy      -2.8611535740
           Nuclear   repulsion       0.0000000000
           Hartree-Fock energy      -2.8611535740
           ---------------------------------------
           HF HOMO      energy (eV):   -24.969804
           HF LUMO      energy (eV):    16.058957
           HF HOMO-LUMO gap    (eV):    41.028761
           ---------------------------------------

           ---------------------------------------
           Hartree-Fock orbital coefficients      
           ---------------------------------------
                 1              2              3              4              5
      1    -1.00051860     0.02746931     0.00000000     0.00000000     0.00000000
      2     0.00110731     1.71823566     0.00000000     0.00000000     0.00000000
      3    -0.00014713    -1.70654652     0.00000000     0.00000000     0.00000000
      4     0.00000000     0.00000000     0.05750198     0.00620483    -0.02760955
      5     0.00000000     0.00000000     0.02665337     0.00913175     0.05756278
      6     0.00000000     0.00000000     0.00950710    -0.06312983     0.00561282
      7     0.00000000     0.00000000    -0.92881084    -0.10022455     0.44596810
      8     0.00000000     0.00000000    -0.43052325    -0.14750215    -0.92979295
      9     0.00000000     0.00000000    -0.15356510     1.01971576    -0.09066204
     10    -0.00022570    -0.15617773     0.00000000     0.00000000     0.00000000
     11     0.00000000     0.00000000     0.00000000     0.00000000     0.00000000
     12     0.00000000     0.00000000     0.00000000     0.00000000     0.00000000
     13    -0.00022570    -0.15617773     0.00000000     0.00000000     0.00000000
     14     0.00000000     0.00000000     0.00000000     0.00000000     0.00000000
     15    -0.00022570    -0.15617773     0.00000000     0.00000000     0.00000000
                 6              7              8              9             10
      1    -4.86169778     0.00000000     0.00000000     0.00000000     0.00000000
      2     6.49258172     0.00000000     0.00000000     0.00000000     0.00000000
      3     0.18727229     0.00000000     0.00000000     0.00000000     0.00000000
      4     0.00000000     0.00000000     0.00000000     0.00000000     0.00000000
      5     0.00000000     0.00000000     0.00000000     0.00000000     0.00000000
      6     0.00000000     0.00000000     0.00000000     0.00000000     0.00000000
      7     0.00000000     0.00000000     0.00000000     0.00000000     0.00000000
      8     0.00000000     0.00000000     0.00000000     0.00000000     0.00000000
      9     0.00000000     0.00000000     0.00000000     0.00000000     0.00000000
     10    -0.82247200    -0.99993959    -0.00330848     0.00946383    -0.00448534
     11     0.00000000    -0.00134944    -0.00006799    -0.30910220    -0.43230614
     12     0.00000000    -0.00458058    -0.00061299    -0.03957882     0.89578161
     13    -0.82247200     0.50280936    -0.86436106    -0.00757153     0.00211541
     14     0.00000000    -0.00934124     0.00346559    -0.95015211     0.10327908
     15    -0.82247200     0.49713023     0.86766954    -0.00189229     0.00236993
                11             12             13             14             15
      1     0.00000000     0.00000000     0.00000000     0.00000000     0.05608110
      2     0.00000000     0.00000000     0.00000000     0.00000000    -3.61938991
      3     0.00000000     0.00000000     0.00000000     0.00000000     0.74165808
      4     0.00000000     0.60733734     0.20530730     1.03343858     0.00000000
      5     0.00000000     0.97735449     0.33582865    -0.64109465     0.00000000
      6     0.00000000    -0.39360461     1.15068373     0.00271618     0.00000000
      7     0.00000000    -0.32035013    -0.10829273    -0.54510429     0.00000000
      8     0.00000000    -0.51552181    -0.17713838     0.33815599     0.00000000
      9     0.00000000     0.20761327    -0.60694719    -0.00143269     0.00000000
     10     0.00042892     0.00000000     0.00000000     0.00000000     1.47783255
     11    -0.84709233     0.00000000     0.00000000     0.00000000     0.00000000
     12    -0.44270471     0.00000000     0.00000000     0.00000000     0.00000000
     13     0.00095165     0.00000000     0.00000000     0.00000000     1.47783255
     14     0.29401552     0.00000000     0.00000000     0.00000000     0.00000000
     15    -0.00138056     0.00000000     0.00000000     0.00000000     1.47783255

           ---------------------------------------
            Hartree-Fock orbital energies         
           ---------------------------------------
                 1
      1    -0.91762337
      2     0.59015579
      3     1.50051700
      4     1.50051700
      5     1.50051700
      6     3.44177314
      7     6.35760904
      8     6.35760904
      9     6.35760904
     10     6.35760904
     11     6.35760904
     12     7.84836150
     13     7.84836150
     14     7.84836150
     15     8.33660719

                                         Total CPU time for HF =      0.111 seconds

                    Total CPU time for AO to MO transformation =      0.109 seconds


                             The number of occupied orbitals is:     1                            . The number of virtual orbitals is:    14

---------------
CIS EXCITATIONS
---------------

Excitation    1:    1 ->    2
Excitation    2:    1 ->    3
Excitation    3:    1 ->    4
Excitation    4:    1 ->    5
Excitation    5:    1 ->    6
Excitation    6:    1 ->    7
Excitation    7:    1 ->    8
Excitation    8:    1 ->    9
Excitation    9:    1 ->   10
Excitation   10:    1 ->   11
Excitation   11:    1 ->   12
Excitation   12:    1 ->   13
Excitation   13:    1 ->   14
Excitation   14:    1 ->   15
---------------
     CIS MATRIX
---------------

  1.17  0.00  0.00 -0.00  0.01 -0.00 -0.00 -0.00 -0.00 -0.00 -0.00 -0.00  0.00 -0.06
  0.00  1.89 -0.00 -0.00  0.00 -0.00 -0.00 -0.00  0.00 -0.00  0.01  0.00  0.00  0.00
  0.00 -0.00  1.89  0.00  0.00  0.00 -0.00 -0.00  0.00 -0.00  0.00 -0.01  0.00  0.00
 -0.00 -0.00  0.00  1.89 -0.00 -0.00  0.00  0.00 -0.00  0.00  0.00  0.00 -0.01 -0.00
  0.01  0.00  0.00 -0.00  3.83 -0.00 -0.00 -0.00  0.00  0.00  0.00 -0.00  0.00 -0.07
 -0.00 -0.00  0.00 -0.00 -0.00  6.46 -0.00 -0.00 -0.00  0.00  0.00  0.00 -0.00  0.00
 -0.00 -0.00 -0.00  0.00 -0.00 -0.00  6.46  0.00  0.00 -0.00 -0.00 -0.00  0.00  0.00
 -0.00 -0.00 -0.00  0.00 -0.00 -0.00  0.00  6.46  0.00 -0.00 -0.00 -0.00 -0.00 -0.00
 -0.00  0.00  0.00 -0.00 -0.00 -0.00  0.00  0.00  6.46  0.00  0.00 -0.00 -0.00  0.00
 -0.00 -0.00 -0.00  0.00  0.00  0.00 -0.00 -0.00  0.00  6.46  0.00  0.00 -0.00 -0.00
 -0.00  0.01  0.00  0.00  0.00  0.00 -0.00 -0.00  0.00  0.00  7.92 -0.00 -0.00 -0.00
 -0.00  0.00 -0.01  0.00 -0.00  0.00 -0.00 -0.00 -0.00  0.00 -0.00  7.92 -0.00  0.00
  0.00  0.00  0.00 -0.01  0.00 -0.00  0.00 -0.00 -0.00 -0.00  0.00 -0.00  7.92 -0.00
 -0.06  0.00  0.00 -0.00 -0.07  0.00  0.00 -0.00  0.00 -0.00 -0.00  0.00 -0.00  8.46

-----------------------
CIS EXCITATION ENERGIES
-----------------------

Excitation    1:    1 ->    2,    1.16889 hartree       31.80720 eV
Excitation    2:    1 ->    3,    1.89013 hartree       51.43296 eV
Excitation    3:    1 ->    4,    1.89013 hartree       51.43296 eV
Excitation    4:    1 ->    5,    1.89013 hartree       51.43296 eV
Excitation    5:    1 ->    6,    3.82844 hartree      104.17724 eV
Excitation    6:    1 ->    7,    6.46185 hartree      175.83600 eV
Excitation    7:    1 ->    8,    6.46185 hartree      175.83600 eV
Excitation    8:    1 ->    9,    6.46185 hartree      175.83600 eV
Excitation    9:    1 ->   10,    6.46185 hartree      175.83600 eV
Excitation   10:    1 ->   11,    6.46185 hartree      175.83600 eV
Excitation   11:    1 ->   12,    7.91959 hartree      215.50304 eV
Excitation   12:    1 ->   13,    7.91959 hartree      215.50304 eV
Excitation   13:    1 ->   14,    7.91959 hartree      215.50304 eV
Excitation   14:    1 ->   15,    8.46270 hartree      230.28188 eV

                     Total CPU time for CIS energy calculation =      0.008 seconds


----------------
TDHF EXCITATIONS
----------------

Excitation    1:    1 ->    2
Excitation    2:    1 ->    3
Excitation    3:    1 ->    4
Excitation    4:    1 ->    5
Excitation    5:    1 ->    6
Excitation    6:    1 ->    7
Excitation    7:    1 ->    8
Excitation    8:    1 ->    9
Excitation    9:    1 ->   10
Excitation   10:    1 ->   11
Excitation   11:    1 ->   12
Excitation   12:    1 ->   13
Excitation   13:    1 ->   14
Excitation   14:    1 ->   15
          14          14

Constructing A matrix...

Constructing B matrix...


     a_m_b eigenvectors:

  1.00  0.00 -0.00  0.00  0.00  0.00 -0.00  0.00  0.00  0.00 -0.00  0.00 -0.00 -0.01
 -0.00  1.00 -0.05  0.05 -0.00  0.00 -0.00 -0.00  0.00 -0.00 -0.00  0.00  0.00  0.00
 -0.00  0.03  0.93  0.36 -0.00  0.00 -0.00 -0.00  0.00  0.00  0.00  0.00 -0.00 -0.00
  0.00  0.06  0.36 -0.93 -0.00 -0.00  0.00  0.00 -0.00 -0.00 -0.00  0.00 -0.00 -0.00
 -0.00  0.00 -0.00  0.00  1.00  0.00 -0.00  0.00  0.00  0.00  0.00 -0.00 -0.00 -0.01
  0.00  0.00  0.00  0.00  0.00 -0.98  0.17 -0.00  0.00 -0.01 -0.00  0.00  0.00  0.00
  0.00  0.00 -0.00 -0.00  0.00  0.17  0.98  0.00  0.00  0.00 -0.00 -0.00  0.00  0.00
  0.00 -0.00 -0.00  0.00  0.00  0.00  0.00 -0.95 -0.28 -0.13  0.00 -0.00 -0.00 -0.00
  0.00 -0.00 -0.00 -0.00 -0.00  0.00 -0.00 -0.26  0.95 -0.16  0.00 -0.00  0.00  0.00
  0.00 -0.00  0.00 -0.00 -0.00 -0.00  0.00 -0.17  0.11  0.98 -0.00  0.00  0.00 -0.00
  0.00 -0.00 -0.00  0.00 -0.00  0.00  0.00 -0.00  0.00 -0.00  0.28  0.96 -0.04 -0.00
  0.00 -0.00  0.00  0.00 -0.00  0.00  0.00 -0.00  0.00 -0.00 -0.96  0.28  0.06 -0.00
  0.00 -0.00  0.00 -0.00  0.00  0.00 -0.00 -0.00 -0.00 -0.00  0.07  0.02  1.00  0.00
  0.01  0.00 -0.00  0.00  0.01 -0.00 -0.00 -0.00 -0.00  0.00 -0.00  0.00 -0.00  1.00

      a_m_b eigenvalues:

  1.17  1.89  1.89  1.89  3.83  6.46  6.46  6.46  6.46  6.46  7.92  7.92  7.92  8.46

 a_m_b eigenvalues sqrt:

  1.08  1.37  1.37  1.37  1.96  2.54  2.54  2.54  2.54  2.54  2.81  2.81  2.81  2.91

---------------
       C MATRIX
---------------

  1.37  0.00 -0.00  0.00  0.04 -0.00 -0.00 -0.00 -0.00 -0.00  0.00  0.00 -0.00 -0.53
  0.00  3.57 -0.00 -0.00 -0.00 -0.00  0.00 -0.00  0.00 -0.00  0.05  0.03  0.04  0.00
 -0.00 -0.00  3.57 -0.00  0.00 -0.00  0.00  0.00  0.00  0.00  0.04 -0.07  0.00 -0.00
  0.00 -0.00 -0.00  3.57 -0.00  0.00 -0.00  0.00 -0.00 -0.00  0.04  0.02 -0.06 -0.00
  0.04 -0.00  0.00 -0.00 14.67 -0.00 -0.00 -0.00  0.00  0.00 -0.00 -0.00 -0.00 -0.83
 -0.00 -0.00 -0.00  0.00 -0.00 41.76  0.00 -0.00  0.00 -0.00  0.00  0.00  0.00  0.00
 -0.00  0.00  0.00 -0.00 -0.00  0.00 41.76 -0.00 -0.00  0.00 -0.00 -0.00  0.00  0.00
 -0.00 -0.00  0.00  0.00 -0.00 -0.00 -0.00 41.76 -0.00 -0.00 -0.00 -0.00 -0.00 -0.00
 -0.00  0.00  0.00 -0.00  0.00  0.00 -0.00 -0.00 41.76 -0.00 -0.00 -0.00 -0.00  0.00
 -0.00 -0.00  0.00 -0.00  0.00 -0.00  0.00 -0.00 -0.00 41.76  0.00  0.00 -0.00 -0.00
  0.00  0.05  0.04  0.04 -0.00  0.00 -0.00 -0.00 -0.00  0.00 62.72  0.00 -0.00  0.00
  0.00  0.03 -0.07  0.02 -0.00  0.00 -0.00 -0.00 -0.00  0.00  0.00 62.72 -0.00  0.00
 -0.00  0.04  0.00 -0.06 -0.00  0.00  0.00 -0.00 -0.00 -0.00 -0.00 -0.00 62.72  0.00
 -0.53  0.00 -0.00 -0.00 -0.83  0.00  0.00 -0.00  0.00 -0.00  0.00  0.00  0.00 71.60

------------------------
TDHF EXCITATION ENERGIES
------------------------

Excitation    1:    1 ->    2,    1.16889 hartree       31.80720 eV
Excitation    2:    1 ->    3,    1.89013 hartree       51.43296 eV
Excitation    3:    1 ->    4,    1.89013 hartree       51.43296 eV
Excitation    4:    1 ->    5,    1.89013 hartree       51.43296 eV
Excitation    5:    1 ->    6,    3.82844 hartree      104.17724 eV
Excitation    6:    1 ->    7,    6.46185 hartree      175.83600 eV
Excitation    7:    1 ->    8,    6.46185 hartree      175.83600 eV
Excitation    8:    1 ->    9,    6.46185 hartree      175.83600 eV
Excitation    9:    1 ->   10,    6.46185 hartree      175.83600 eV
Excitation   10:    1 ->   11,    6.46185 hartree      175.83600 eV
Excitation   11:    1 ->   12,    7.91959 hartree      215.50304 eV
Excitation   12:    1 ->   13,    7.91959 hartree      215.50304 eV
Excitation   13:    1 ->   14,    7.91959 hartree      215.50304 eV
Excitation   14:    1 ->   15,    8.46270 hartree      230.28188 eV

                    Total CPU time for TDHF energy calculation =      0.012 seconds

